[2020-06-01 08:05:14.784] [   9672] [   WSSIP] [DBG] [EventLoop.cx:20] The previous message repeated 3 times
[2020-06-01 08:05:14.784] [   9672] [   WSSIP] [DBG] [EventLoop.cx:20] EventLoop::setupIdleHolder ...
[2020-06-01 08:05:31.396] [   9672] [   FSDCT] [DBG] [FSDesktopCa:258] The previous message repeated 2 times
[2020-06-01 08:05:31.396] [   9672] [   FSDCT] [DBG] [FSDesktopCa:258] FSDCT reset capture engine by idle ...
[2020-06-01 08:06:14.802] [   9672] [   WSSIP] [DBG] [EventLoop.cx:20] The previous message repeated 2 times
[2020-06-01 08:06:14.802] [   9672] [   WSSIP] [DBG] [EventLoop.cx:20] EventLoop::setupIdleHolder ...
[2020-06-01 08:06:28.037] [   9672] [   FSDCT] [DBG] [FSDesktopCa:258] The previous message repeated 2 times
[2020-06-01 08:06:28.053] [   9672] [   FSDCT] [DBG] [FSDesktopCa:258] FSDCT reset capture engine by idle ...
[2020-06-01 08:07:14.804] [   9672] [    TEAM] [DBG] [EventLoop.cx:20] The previous message repeated 2 times
[2020-06-01 08:07:14.804] [   9672] [    TEAM] [DBG] [EventLoop.cx:20] EventLoop::setupIdleHolder ...
[2020-06-01 08:07:24.757] [   9672] [   FSDCT] [DBG] [FSDesktopCa:258] The previous message repeated 2 times
[2020-06-01 08:07:24.757] [   9672] [   FSDCT] [DBG] [FSDesktopCa:258] FSDCT reset capture engine by idle ...
[2020-06-01 08:08:14.819] [   9672] [    asio] [DBG] [EventLoop.cx:20] The previous message repeated 2 times
[2020-06-01 08:08:14.819] [   9672] [    asio] [DBG] [EventLoop.cx:20] EventLoop::setupIdleHolder ...
[2020-06-01 08:08:21.147] [   9672] [   FSDCT] [DBG] [FSDesktopCa:258] The previous message repeated 2 times
[2020-06-01 08:08:21.147] [   9672] [   FSDCT] [DBG] [FSDesktopCa:258] FSDCT reset capture engine by idle ...
[2020-06-01 08:09:14.819] [   9672] [    TEAM] [DBG] [EventLoop.cx:20] The previous message repeated 2 times
[2020-06-01 08:09:14.819] [   9672] [    TEAM] [DBG] [EventLoop.cx:20] EventLoop::setupIdleHolder ...
[2020-06-01 08:09:17.535] [   9672] [   FSDCT] [DBG] [FSDesktopCa:258] The previous message repeated 2 times
[2020-06-01 08:09:17.535] [   9672] [   FSDCT] [DBG] [FSDesktopCa:258] FSDCT reset capture engine by idle ...
[2020-06-01 08:10:14.835] [   9672] [   WSSIP] [DBG] [EventLoop.cx:20] The previous message repeated 3 times
[2020-06-01 08:10:14.835] [   9672] [   WSSIP] [DBG] [EventLoop.cx:20] EventLoop::setupIdleHolder ...
[2020-06-01 08:10:32.741] [   9672] [   FSDCT] [DBG] [FSDesktopCa:258] The previous message repeated 2 times
[2020-06-01 08:10:32.741] [   9672] [   FSDCT] [DBG] [FSDesktopCa:258] FSDCT reset capture engine by idle ...
[2020-06-01 08:11:14.847] [   9672] [    asio] [DBG] [EventLoop.cx:20] The previous message repeated 2 times
[2020-06-01 08:11:14.847] [   9672] [    asio] [DBG] [EventLoop.cx:20] EventLoop::setupIdleHolder ...
[2020-06-01 08:11:29.341] [   9672] [   FSDCT] [DBG] [FSDesktopCa:258] The previous message repeated 2 times
[2020-06-01 08:11:29.341] [   9672] [   FSDCT] [DBG] [FSDesktopCa:258] FSDCT reset capture engine by idle ...
[2020-06-01 08:12:14.850] [   9672] [   WSSIP] [DBG] [EventLoop.cx:20] The previous message repeated 2 times
[2020-06-01 08:12:14.850] [   9672] [   WSSIP] [DBG] [EventLoop.cx:20] EventLoop::setupIdleHolder ...
[2020-06-01 08:12:25.898] [   9672] [   FSDCT] [DBG] [FSDesktopCa:258] The previous message repeated 2 times
[2020-06-01 08:12:25.898] [   9672] [   FSDCT] [DBG] [FSDesktopCa:258] FSDCT reset capture engine by idle ...
[2020-06-01 08:13:14.866] [   9672] [    asio] [DBG] [EventLoop.cx:20] The previous message repeated 2 times
[2020-06-01 08:13:14.866] [   9672] [    asio] [DBG] [EventLoop.cx:20] EventLoop::setupIdleHolder ...
[2020-06-01 08:13:22.544] [   9672] [   FSDCT] [DBG] [FSDesktopCa:258] The previous message repeated 2 times
[2020-06-01 08:13:22.544] [   9672] [   FSDCT] [DBG] [FSDesktopCa:258] FSDCT reset capture engine by idle ...
[2020-06-01 08:14:14.881] [   9672] [    asio] [DBG] [EventLoop.cx:20] The previous message repeated 2 times
[2020-06-01 08:14:14.881] [   9672] [    asio] [DBG] [EventLoop.cx:20] EventLoop::setupIdleHolder ...
[2020-06-01 08:14:18.944] [   9672] [   FSDCT] [DBG] [FSDesktopCa:258] The previous message repeated 2 times
[2020-06-01 08:14:18.944] [   9672] [   FSDCT] [DBG] [FSDesktopCa:258] FSDCT reset capture engine by idle ...
[2020-06-01 08:15:14.882] [   9672] [    TEAM] [DBG] [EventLoop.cx:20] The previous message repeated 2 times
[2020-06-01 08:15:14.882] [   9672] [    TEAM] [DBG] [EventLoop.cx:20] EventLoop::setupIdleHolder ...
[2020-06-01 08:15:15.655] [   9672] [   FSDCT] [DBG] [FSDesktopCa:258] The previous message repeated 2 times
[2020-06-01 08:15:15.655] [   9672] [   FSDCT] [DBG] [FSDesktopCa:258] FSDCT reset capture engine by idle ...
[2020-06-01 08:16:14.887] [   9672] [    TEAM] [DBG] [EventLoop.cx:20] The previous message repeated 3 times
[2020-06-01 08:16:14.887] [   9672] [    TEAM] [DBG] [EventLoop.cx:20] EventLoop::setupIdleHolder ...
[2020-06-01 08:16:31.186] [   9672] [   FSDCT] [DBG] [FSDesktopCa:258] The previous message repeated 2 times
[2020-06-01 08:16:31.186] [   9672] [   FSDCT] [DBG] [FSDesktopCa:258] FSDCT reset capture engine by idle ...
[2020-06-01 08:17:14.887] [   9672] [    asio] [DBG] [EventLoop.cx:20] The previous message repeated 2 times
[2020-06-01 08:17:14.887] [   9672] [    asio] [DBG] [EventLoop.cx:20] EventLoop::setupIdleHolder ...
[2020-06-01 08:17:27.810] [   9672] [   FSDCT] [DBG] [FSDesktopCa:258] The previous message repeated 2 times
[2020-06-01 08:17:27.810] [   9672] [   FSDCT] [DBG] [FSDesktopCa:258] FSDCT reset capture engine by idle ...
[2020-06-01 08:18:14.896] [   9672] [   WSSIP] [DBG] [EventLoop.cx:20] The previous message repeated 2 times
[2020-06-01 08:18:14.896] [   9672] [   WSSIP] [DBG] [EventLoop.cx:20] EventLoop::setupIdleHolder ...
[2020-06-01 08:18:24.559] [   9672] [   FSDCT] [DBG] [FSDesktopCa:258] The previous message repeated 2 times
[2020-06-01 08:18:24.559] [   9672] [   FSDCT] [DBG] [FSDesktopCa:258] FSDCT reset capture engine by idle ...
[2020-06-01 08:19:14.900] [   9672] [    asio] [DBG] [EventLoop.cx:20] The previous message repeated 2 times
[2020-06-01 08:19:14.900] [   9672] [    asio] [DBG] [EventLoop.cx:20] EventLoop::setupIdleHolder ...
[2020-06-01 08:19:21.163] [   9672] [   FSDCT] [DBG] [FSDesktopCa:258] The previous message repeated 2 times
[2020-06-01 08:19:21.163] [   9672] [   FSDCT] [DBG] [FSDesktopCa:258] FSDCT reset capture engine by idle ...
[2020-06-01 08:20:14.913] [   9672] [    asio] [DBG] [EventLoop.cx:20] The previous message repeated 2 times
[2020-06-01 08:20:14.913] [   9672] [    asio] [DBG] [EventLoop.cx:20] EventLoop::setupIdleHolder ...
[2020-06-01 08:20:17.544] [   9672] [   FSDCT] [DBG] [FSDesktopCa:258] The previous message repeated 2 times
[2020-06-01 08:20:17.544] [   9672] [   FSDCT] [DBG] [FSDesktopCa:258] FSDCT reset capture engine by idle ...
[2020-06-01 08:21:14.928] [   9672] [    TEAM] [DBG] [EventLoop.cx:20] The previous message repeated 3 times
[2020-06-01 08:21:14.928] [   9672] [    TEAM] [DBG] [EventLoop.cx:20] EventLoop::setupIdleHolder ...
[2020-06-01 08:21:33.100] [   9672] [   FSDCT] [DBG] [FSDesktopCa:258] The previous message repeated 2 times
[2020-06-01 08:21:33.100] [   9672] [   FSDCT] [DBG] [FSDesktopCa:258] FSDCT reset capture engine by idle ...
[2020-06-01 08:22:14.929] [   9672] [   WSSIP] [DBG] [EventLoop.cx:20] The previous message repeated 2 times
[2020-06-01 08:22:14.929] [   9672] [   WSSIP] [DBG] [EventLoop.cx:20] EventLoop::setupIdleHolder ...
[2020-06-01 08:22:29.822] [   9672] [   FSDCT] [DBG] [FSDesktopCa:258] The previous message repeated 2 times
[2020-06-01 08:22:29.822] [   9672] [   FSDCT] [DBG] [FSDesktopCa:258] FSDCT reset capture engine by idle ...
[2020-06-01 08:23:14.934] [   9672] [   WSSIP] [DBG] [EventLoop.cx:20] The previous message repeated 2 times
[2020-06-01 08:23:14.934] [   9672] [   WSSIP] [DBG] [EventLoop.cx:20] EventLoop::setupIdleHolder ...
[2020-06-01 08:23:26.436] [   9672] [   FSDCT] [DBG] [FSDesktopCa:258] The previous message repeated 2 times
[2020-06-01 08:23:26.436] [   9672] [   FSDCT] [DBG] [FSDesktopCa:258] FSDCT reset capture engine by idle ...
[2020-06-01 08:24:14.947] [   9672] [    asio] [DBG] [EventLoop.cx:20] The previous message repeated 2 times
[2020-06-01 08:24:14.948] [   9672] [    asio] [DBG] [EventLoop.cx:20] EventLoop::setupIdleHolder ...
[2020-06-01 08:24:23.027] [   9672] [   FSDCT] [DBG] [FSDesktopCa:258] The previous message repeated 2 times
[2020-06-01 08:24:23.027] [   9672] [   FSDCT] [DBG] [FSDesktopCa:258] FSDCT reset capture engine by idle ...
[2020-06-01 08:25:14.955] [   9672] [    TEAM] [DBG] [EventLoop.cx:20] The previous message repeated 2 times
[2020-06-01 08:25:14.955] [   9672] [    TEAM] [DBG] [EventLoop.cx:20] EventLoop::setupIdleHolder ...
[2020-06-01 08:25:19.647] [   9672] [   FSDCT] [DBG] [FSDesktopCa:258] The previous message repeated 2 times
[2020-06-01 08:25:19.647] [   9672] [   FSDCT] [DBG] [FSDesktopCa:258] FSDCT reset capture engine by idle ...
[2020-06-01 08:26:14.959] [   9672] [    TEAM] [DBG] [EventLoop.cx:20] The previous message repeated 2 times
[2020-06-01 08:26:14.959] [   9672] [    TEAM] [DBG] [EventLoop.cx:20] EventLoop::setupIdleHolder ...
[2020-06-01 08:26:16.319] [   9672] [   FSDCT] [DBG] [FSDesktopCa:258] The previous message repeated 2 times
[2020-06-01 08:26:16.319] [   9672] [   FSDCT] [DBG] [FSDesktopCa:258] FSDCT reset capture engine by idle ...
[2020-06-01 08:27:14.960] [   9672] [   WSSIP] [DBG] [EventLoop.cx:20] The previous message repeated 3 times
[2020-06-01 08:27:14.960] [   9672] [   WSSIP] [DBG] [EventLoop.cx:20] EventLoop::setupIdleHolder ...
[2020-06-01 08:27:31.781] [   9672] [   FSDCT] [DBG] [FSDesktopCa:258] The previous message repeated 2 times
[2020-06-01 08:27:31.781] [   9672] [   FSDCT] [DBG] [FSDesktopCa:258] FSDCT reset capture engine by idle ...
[2020-06-01 08:28:14.962] [   9672] [    TEAM] [DBG] [EventLoop.cx:20] The previous message repeated 2 times
[2020-06-01 08:28:14.962] [   9672] [    TEAM] [DBG] [EventLoop.cx:20] EventLoop::setupIdleHolder ...
[2020-06-01 08:28:28.405] [   9672] [   FSDCT] [DBG] [FSDesktopCa:258] The previous message repeated 2 times
[2020-06-01 08:28:28.405] [   9672] [   FSDCT] [DBG] [FSDesktopCa:258] FSDCT reset capture engine by idle ...
[2020-06-01 08:29:14.969] [   9672] [   WSSIP] [DBG] [EventLoop.cx:20] The previous message repeated 2 times
[2020-06-01 08:29:14.969] [   9672] [   WSSIP] [DBG] [EventLoop.cx:20] EventLoop::setupIdleHolder ...
[2020-06-01 08:29:24.946] [   9672] [   FSDCT] [DBG] [FSDesktopCa:258] The previous message repeated 2 times
[2020-06-01 08:29:24.946] [   9672] [   FSDCT] [DBG] [FSDesktopCa:258] FSDCT reset capture engine by idle ...
[2020-06-01 08:30:14.975] [   9672] [    TEAM] [DBG] [EventLoop.cx:20] The previous message repeated 2 times
[2020-06-01 08:30:14.975] [   9672] [    TEAM] [DBG] [EventLoop.cx:20] EventLoop::setupIdleHolder ...
[2020-06-01 08:30:21.568] [   9672] [   FSDCT] [DBG] [FSDesktopCa:258] The previous message repeated 2 times
[2020-06-01 08:30:21.568] [   9672] [   FSDCT] [DBG] [FSDesktopCa:258] FSDCT reset capture engine by idle ...
[2020-06-01 08:31:14.977] [   9672] [   WSSIP] [DBG] [EventLoop.cx:20] The previous message repeated 2 times
[2020-06-01 08:31:14.977] [   9672] [   WSSIP] [DBG] [EventLoop.cx:20] EventLoop::setupIdleHolder ...
[2020-06-01 08:31:18.103] [   9672] [   FSDCT] [DBG] [FSDesktopCa:258] The previous message repeated 2 times
[2020-06-01 08:31:18.103] [   9672] [   FSDCT] [DBG] [FSDesktopCa:258] FSDCT reset capture engine by idle ...
[2020-06-01 08:32:14.990] [   9672] [   WSSIP] [DBG] [EventLoop.cx:20] The previous message repeated 3 times
[2020-06-01 08:32:14.990] [   9672] [   WSSIP] [DBG] [EventLoop.cx:20] EventLoop::setupIdleHolder ...
[2020-06-01 08:32:33.396] [   9672] [   FSDCT] [DBG] [FSDesktopCa:258] The previous message repeated 2 times
[2020-06-01 08:32:33.396] [   9672] [   FSDCT] [DBG] [FSDesktopCa:258] FSDCT reset capture engine by idle ...
[2020-06-01 08:33:14.991] [   9672] [    TEAM] [DBG] [EventLoop.cx:20] The previous message repeated 2 times
[2020-06-01 08:33:14.991] [   9672] [    TEAM] [DBG] [EventLoop.cx:20] EventLoop::setupIdleHolder ...
[2020-06-01 08:33:29.840] [   9672] [   FSDCT] [DBG] [FSDesktopCa:258] The previous message repeated 2 times
[2020-06-01 08:33:29.840] [   9672] [   FSDCT] [DBG] [FSDesktopCa:258] FSDCT reset capture engine by idle ...
[2020-06-01 08:34:14.997] [   9672] [   WSSIP] [DBG] [EventLoop.cx:20] The previous message repeated 2 times
[2020-06-01 08:34:14.997] [   9672] [   WSSIP] [DBG] [EventLoop.cx:20] EventLoop::setupIdleHolder ...
[2020-06-01 08:34:26.231] [   9672] [   FSDCT] [DBG] [FSDesktopCa:258] The previous message repeated 2 times
[2020-06-01 08:34:26.231] [   9672] [   FSDCT] [DBG] [FSDesktopCa:258] FSDCT reset capture engine by idle ...
[2020-06-01 08:35:15.011] [   9672] [   WSSIP] [DBG] [EventLoop.cx:20] The previous message repeated 2 times
[2020-06-01 08:35:15.011] [   9672] [   WSSIP] [DBG] [EventLoop.cx:20] EventLoop::setupIdleHolder ...
[2020-06-01 08:35:22.698] [   9672] [   FSDCT] [DBG] [FSDesktopCa:258] The previous message repeated 2 times
[2020-06-01 08:35:22.698] [   9672] [   FSDCT] [DBG] [FSDesktopCa:258] FSDCT reset capture engine by idle ...
[2020-06-01 08:36:15.021] [   9672] [    TEAM] [DBG] [EventLoop.cx:20] The previous message repeated 2 times
[2020-06-01 08:36:15.021] [   9672] [    TEAM] [DBG] [EventLoop.cx:20] EventLoop::setupIdleHolder ...
[2020-06-01 08:36:19.865] [   9672] [   FSDCT] [DBG] [FSDesktopCa:258] The previous message repeated 2 times
[2020-06-01 08:36:19.865] [   9672] [   FSDCT] [DBG] [FSDesktopCa:258] FSDCT reset capture engine by idle ...
[2020-06-01 08:37:15.022] [   9672] [    TEAM] [DBG] [EventLoop.cx:20] The previous message repeated 2 times
[2020-06-01 08:37:15.022] [   9672] [    TEAM] [DBG] [EventLoop.cx:20] EventLoop::setupIdleHolder ...
[2020-06-01 08:37:16.280] [   9672] [   FSDCT] [DBG] [FSDesktopCa:258] The previous message repeated 2 times
[2020-06-01 08:37:16.280] [   9672] [   FSDCT] [DBG] [FSDesktopCa:258] FSDCT reset capture engine by idle ...
[2020-06-01 08:38:15.023] [   9672] [   WSSIP] [DBG] [EventLoop.cx:20] The previous message repeated 3 times
[2020-06-01 08:38:15.023] [   9672] [   WSSIP] [DBG] [EventLoop.cx:20] EventLoop::setupIdleHolder ...
[2020-06-01 08:38:31.465] [   9672] [   FSDCT] [DBG] [FSDesktopCa:258] The previous message repeated 2 times
[2020-06-01 08:38:31.465] [   9672] [   FSDCT] [DBG] [FSDesktopCa:258] FSDCT reset capture engine by idle ...
[2020-06-01 08:39:15.024] [   9672] [    TEAM] [DBG] [EventLoop.cx:20] The previous message repeated 2 times
[2020-06-01 08:39:15.024] [   9672] [    TEAM] [DBG] [EventLoop.cx:20] EventLoop::setupIdleHolder ...
[2020-06-01 08:39:27.860] [   9672] [   FSDCT] [DBG] [FSDesktopCa:258] The previous message repeated 2 times
[2020-06-01 08:39:27.860] [   9672] [   FSDCT] [DBG] [FSDesktopCa:258] FSDCT reset capture engine by idle ...
[2020-06-01 08:40:15.025] [   9672] [   WSSIP] [DBG] [EventLoop.cx:20] The previous message repeated 2 times
[2020-06-01 08:40:15.025] [   9672] [   WSSIP] [DBG] [EventLoop.cx:20] EventLoop::setupIdleHolder ...
[2020-06-01 08:40:24.276] [   9672] [   FSDCT] [DBG] [FSDesktopCa:258] The previous message repeated 2 times
[2020-06-01 08:40:24.276] [   9672] [   FSDCT] [DBG] [FSDesktopCa:258] FSDCT reset capture engine by idle ...
[2020-06-01 08:41:15.026] [   9672] [    TEAM] [DBG] [EventLoop.cx:20] The previous message repeated 2 times
[2020-06-01 08:41:15.026] [   9672] [    TEAM] [DBG] [EventLoop.cx:20] EventLoop::setupIdleHolder ...
[2020-06-01 08:41:20.657] [   9672] [   FSDCT] [DBG] [FSDesktopCa:258] The previous message repeated 2 times
[2020-06-01 08:41:20.657] [   9672] [   FSDCT] [DBG] [FSDesktopCa:258] FSDCT reset capture engine by idle ...
[2020-06-01 08:42:15.032] [   9672] [    TEAM] [DBG] [EventLoop.cx:20] The previous message repeated 2 times
[2020-06-01 08:42:15.032] [   9672] [    TEAM] [DBG] [EventLoop.cx:20] EventLoop::setupIdleHolder ...
[2020-06-01 08:42:17.079] [   9672] [   FSDCT] [DBG] [FSDesktopCa:258] The previous message repeated 2 times
[2020-06-01 08:42:17.079] [   9672] [   FSDCT] [DBG] [FSDesktopCa:258] FSDCT reset capture engine by idle ...
[2020-06-01 08:43:15.033] [   9672] [   WSSIP] [DBG] [EventLoop.cx:20] The previous message repeated 3 times
[2020-06-01 08:43:15.033] [   9672] [   WSSIP] [DBG] [EventLoop.cx:20] EventLoop::setupIdleHolder ...
[2020-06-01 08:43:32.371] [   9672] [   FSDCT] [DBG] [FSDesktopCa:258] The previous message repeated 2 times
[2020-06-01 08:43:32.371] [   9672] [   FSDCT] [DBG] [FSDesktopCa:258] FSDCT reset capture engine by idle ...
[2020-06-01 08:44:15.034] [   9672] [    TEAM] [DBG] [EventLoop.cx:20] The previous message repeated 2 times
[2020-06-01 08:44:15.034] [   9672] [    TEAM] [DBG] [EventLoop.cx:20] EventLoop::setupIdleHolder ...
[2020-06-01 08:44:28.810] [   9672] [   FSDCT] [DBG] [FSDesktopCa:258] The previous message repeated 2 times
[2020-06-01 08:44:28.810] [   9672] [   FSDCT] [DBG] [FSDesktopCa:258] FSDCT reset capture engine by idle ...
[2020-06-01 08:45:15.041] [   9672] [    TEAM] [DBG] [EventLoop.cx:20] The previous message repeated 2 times
[2020-06-01 08:45:15.041] [   9672] [    TEAM] [DBG] [EventLoop.cx:20] EventLoop::setupIdleHolder ...
[2020-06-01 08:45:25.344] [   9672] [   FSDCT] [DBG] [FSDesktopCa:258] The previous message repeated 2 times
[2020-06-01 08:45:25.344] [   9672] [   FSDCT] [DBG] [FSDesktopCa:258] FSDCT reset capture engine by idle ...
[2020-06-01 08:46:15.042] [   9672] [   WSSIP] [DBG] [EventLoop.cx:20] The previous message repeated 2 times
[2020-06-01 08:46:15.042] [   9672] [   WSSIP] [DBG] [EventLoop.cx:20] EventLoop::setupIdleHolder ...
[2020-06-01 08:46:21.832] [   9672] [   FSDCT] [DBG] [FSDesktopCa:258] The previous message repeated 2 times
[2020-06-01 08:46:21.832] [   9672] [   FSDCT] [DBG] [FSDesktopCa:258] FSDCT reset capture engine by idle ...
[2020-06-01 08:47:15.043] [   9672] [   WSSIP] [DBG] [EventLoop.cx:20] The previous message repeated 2 times
[2020-06-01 08:47:15.043] [   9672] [   WSSIP] [DBG] [EventLoop.cx:20] EventLoop::setupIdleHolder ...
[2020-06-01 08:47:18.222] [   9672] [   FSDCT] [DBG] [FSDesktopCa:258] The previous message repeated 2 times
[2020-06-01 08:47:18.222] [   9672] [   FSDCT] [DBG] [FSDesktopCa:258] FSDCT reset capture engine by idle ...
[2020-06-01 08:48:15.043] [   9672] [   WSSIP] [DBG] [EventLoop.cx:20] The previous message repeated 3 times
[2020-06-01 08:48:15.043] [   9672] [   WSSIP] [DBG] [EventLoop.cx:20] EventLoop::setupIdleHolder ...
[2020-06-01 08:48:33.407] [   9672] [   FSDCT] [DBG] [FSDesktopCa:258] The previous message repeated 2 times
[2020-06-01 08:48:33.407] [   9672] [   FSDCT] [DBG] [FSDesktopCa:258] FSDCT reset capture engine by idle ...
[2020-06-01 08:49:15.044] [   9672] [    TEAM] [DBG] [EventLoop.cx:20] The previous message repeated 2 times
[2020-06-01 08:49:15.044] [   9672] [    TEAM] [DBG] [EventLoop.cx:20] EventLoop::setupIdleHolder ...
[2020-06-01 08:49:29.801] [   9672] [   FSDCT] [DBG] [FSDesktopCa:258] The previous message repeated 2 times
[2020-06-01 08:49:29.801] [   9672] [   FSDCT] [DBG] [FSDesktopCa:258] FSDCT reset capture engine by idle ...
[2020-06-01 08:50:15.054] [   9672] [    TEAM] [DBG] [EventLoop.cx:20] The previous message repeated 2 times
[2020-06-01 08:50:15.054] [   9672] [    TEAM] [DBG] [EventLoop.cx:20] EventLoop::setupIdleHolder ...
[2020-06-01 08:50:26.326] [   9672] [   FSDCT] [DBG] [FSDesktopCa:258] The previous message repeated 2 times
[2020-06-01 08:50:26.326] [   9672] [   FSDCT] [DBG] [FSDesktopCa:258] FSDCT reset capture engine by idle ...
[2020-06-01 08:51:15.055] [   9672] [   WSSIP] [DBG] [EventLoop.cx:20] The previous message repeated 2 times
[2020-06-01 08:51:15.055] [   9672] [   WSSIP] [DBG] [EventLoop.cx:20] EventLoop::setupIdleHolder ...
[2020-06-01 08:51:22.816] [   9672] [   FSDCT] [DBG] [FSDesktopCa:258] The previous message repeated 2 times
[2020-06-01 08:51:22.816] [   9672] [   FSDCT] [DBG] [FSDesktopCa:258] FSDCT reset capture engine by idle ...
[2020-06-01 08:52:15.055] [   9672] [   WSSIP] [DBG] [EventLoop.cx:20] The previous message repeated 2 times
[2020-06-01 08:52:15.055] [   9672] [   WSSIP] [DBG] [EventLoop.cx:20] EventLoop::setupIdleHolder ...
[2020-06-01 08:52:19.326] [   9672] [   FSDCT] [DBG] [FSDesktopCa:258] The previous message repeated 2 times
[2020-06-01 08:52:19.326] [   9672] [   FSDCT] [DBG] [FSDesktopCa:258] FSDCT reset capture engine by idle ...
[2020-06-01 08:53:15.056] [   9672] [    TEAM] [DBG] [EventLoop.cx:20] The previous message repeated 2 times
[2020-06-01 08:53:15.056] [   9672] [    TEAM] [DBG] [EventLoop.cx:20] EventLoop::setupIdleHolder ...
[2020-06-01 08:53:15.716] [   9672] [   FSDCT] [DBG] [FSDesktopCa:258] The previous message repeated 2 times
[2020-06-01 08:53:15.716] [   9672] [   FSDCT] [DBG] [FSDesktopCa:258] FSDCT reset capture engine by idle ...
[2020-06-01 08:54:15.065] [   9672] [   WSSIP] [DBG] [EventLoop.cx:20] The previous message repeated 3 times
[2020-06-01 08:54:15.065] [   9672] [   WSSIP] [DBG] [EventLoop.cx:20] EventLoop::setupIdleHolder ...
[2020-06-01 08:54:30.947] [   9672] [   FSDCT] [DBG] [FSDesktopCa:258] The previous message repeated 2 times
[2020-06-01 08:54:30.947] [   9672] [   FSDCT] [DBG] [FSDesktopCa:258] FSDCT reset capture engine by idle ...
[2020-06-01 08:55:15.068] [   9672] [    TEAM] [DBG] [EventLoop.cx:20] The previous message repeated 2 times
[2020-06-01 08:55:15.068] [   9672] [    TEAM] [DBG] [EventLoop.cx:20] EventLoop::setupIdleHolder ...
[2020-06-01 08:55:27.333] [   9672] [   FSDCT] [DBG] [FSDesktopCa:258] The previous message repeated 2 times
[2020-06-01 08:55:27.333] [   9672] [   FSDCT] [DBG] [FSDesktopCa:258] FSDCT reset capture engine by idle ...
[2020-06-01 08:56:15.080] [   9672] [    TEAM] [DBG] [EventLoop.cx:20] The previous message repeated 2 times
[2020-06-01 08:56:15.080] [   9672] [    TEAM] [DBG] [EventLoop.cx:20] EventLoop::setupIdleHolder ...
[2020-06-01 08:56:23.720] [   9672] [   FSDCT] [DBG] [FSDesktopCa:258] The previous message repeated 2 times
[2020-06-01 08:56:23.720] [   9672] [   FSDCT] [DBG] [FSDesktopCa:258] FSDCT reset capture engine by idle ...
[2020-06-01 08:57:15.086] [   9672] [    TEAM] [DBG] [EventLoop.cx:20] The previous message repeated 2 times
[2020-06-01 08:57:15.086] [   9672] [    TEAM] [DBG] [EventLoop.cx:20] EventLoop::setupIdleHolder ...
[2020-06-01 08:57:20.226] [   9672] [   FSDCT] [DBG] [FSDesktopCa:258] The previous message repeated 2 times
[2020-06-01 08:57:20.226] [   9672] [   FSDCT] [DBG] [FSDesktopCa:258] FSDCT reset capture engine by idle ...
