[2020-05-27 01:27:55.690] [   9672] [    MAIN] [DBG] [APIv3.tis   :68] The previous message repeated 2 times
[2020-05-27 01:27:55.690] [   9672] [    MAIN] [EVT] [APIv3.tis   :68] Sciter script: [webapi] Start request PhoneNumberBinding params={ttl:14400,guid:"c868107f-ca13-4a64-beb0-9d254c8c0e04"} and null
[2020-05-27 01:27:55.915] [   9672] [    MAIN] [INF] [WebServiceP:132] [cx][webapi] Start request
[2020-05-27 01:27:55.930] [   9672] [    MAIN] [INF] [WebAPIv3Wra:409] [webapi] bindPhoneNumber with ttl=14400, guid=c868107f-ca13-4a64-beb0-9d254c8c0e04
[2020-05-27 01:27:55.961] [   9672] [    MAIN] [MA1] [HTTPLoader.:103] BaseHTTPLoader::BaseHTTPLoader(2FFE3668)
[2020-05-27 01:27:55.961] [   9672] [   FSAPP] [INF] [HTTPLoader.:206] BaseHTTPLoader[2FFE3668] - load URL: https://app.freeconferencecall.com/api/v3/phonenumbers/binding?access_token=0000000000ACC6DF9076504AFC603724CA07B485404C805625AE964A4CA38CAD&client_app_id=f79ef745133e8c7e&rand=911&sig=d3e9d27b79d52c058bf4e74061765858 [proxy: :0]
[2020-05-27 01:27:55.961] [   9672] [   FSAPP] [MA1] [IOStream.cxx:22] SSLTransport[38A0C340:120]::IOStream()
[2020-05-27 01:27:55.961] [   9672] [   FSAPP] [MA1] [WinSSLEngin:170] WinSSLTransport::WinSSLTransport(38A0C340)
[2020-05-27 01:27:56.008] [   9672] [   FSAPP] [MA1] [IOStream.cxx:22] ClientConnection[390DED30:121]::IOStream()
[2020-05-27 01:27:56.008] [   9672] [   FSAPP] [DBG] [ClientConne:134] ClientConnection[390DED30]::onResolved() ...
[2020-05-27 01:27:56.055] [   9672] [   FSAPP] [FLT] [HTTPLoader.:152] BaseHTTPLoader[2FFE3668] can't load URL [https://app.freeconferencecall.com/api/v3/phonenumbers/binding?access_token=0000000000ACC6DF9076504AFC603724CA07B485404C805625AE964A4CA38CAD&client_app_id=f79ef745133e8c7e&rand=911&sig=d3e9d27b79d52c058bf4e74061765858]: The requested name is valid, but no data of the requested type was found
[2020-05-27 01:27:56.055] [   9672] [   FSAPP] [EVT] [HTTPRequest:253] Status code: httpStatus=0
[2020-05-27 01:27:56.055] [   9672] [   FSAPP] [EVT] [HTTPRequest:348] Detected downloaded data type 1
[2020-05-27 01:27:56.055] [   9672] [   FSAPP] [FLT] [HTTPRequest:243] MyHTTPLoader[2FFE3668] data not received for URL [https://app.freeconferencecall.com/api/v3/phonenumbers/binding?access_token=0000000000ACC6DF9076504AFC603724CA07B485404C805625AE964A4CA38CAD&client_app_id=f79ef745133e8c7e&rand=911&sig=d3e9d27b79d52c058bf4e74061765858]
[2020-05-27 01:27:56.055] [   9672] [   FSAPP] [INF] [IOStream.cx:229] ClientConnection[390DED30] closed
[2020-05-27 01:27:56.055] [   9672] [   FSAPP] [INF] [IOStream.cx:229] SSLTransport[38A0C340] closed
[2020-05-27 01:27:56.055] [   9672] [   FSAPP] [DBG] [HTTPLoader.:723] BaseHTTPLoader[2FFE3668] - closed (in buffer 0 bytes)
[2020-05-27 01:27:56.133] [   9672] [   FSAPP] [FLT] [HTTPRequest:243] MyHTTPLoader[2FFE3668] data not received for URL [https://app.freeconferencecall.com/api/v3/phonenumbers/binding?access_token=0000000000ACC6DF9076504AFC603724CA07B485404C805625AE964A4CA38CAD&client_app_id=f79ef745133e8c7e&rand=911&sig=d3e9d27b79d52c058bf4e74061765858]
[2020-05-27 01:27:56.133] [   9672] [   FSAPP] [MA1] [IOStream.cxx:27] ClientConnection[390DED30:121]::~IOStream()
[2020-05-27 01:27:56.133] [   9672] [   FSAPP] [MA1] [WinSSLEngin:183] WinSSLTransport::~WinSSLTransport(38A0C340)
[2020-05-27 01:27:56.133] [   9672] [   FSAPP] [MA1] [IOStream.cxx:27] SSLTransport[38A0C340:120]::~IOStream()
[2020-05-27 01:27:56.133] [   9672] [   FSAPP] [EVT] [HTTPRequest:437] Deleting HTTP request to https://app.freeconferencecall.com/api/v3/phonenumbers/binding
[2020-05-27 01:27:56.133] [   9672] [   FSAPP] [MA1] [HTTPLoader.:111] BaseHTTPLoader::~BaseHTTPLoader(2FFE3668)
[2020-05-27 01:27:57.220] [   9672] [   FSDCT] [DBG] [FSDesktopCa:258] FSDCT reset capture engine by idle ...
[2020-05-27 01:28:40.268] [   9672] [   WSSIP] [DBG] [EventLoop.cx:20] The previous message repeated 2 times
[2020-05-27 01:28:40.268] [   9672] [   WSSIP] [DBG] [EventLoop.cx:20] EventLoop::setupIdleHolder ...
[2020-05-27 01:28:53.689] [   9672] [   FSDCT] [DBG] [FSDesktopCa:258] The previous message repeated 2 times
[2020-05-27 01:28:53.689] [   9672] [   FSDCT] [DBG] [FSDesktopCa:258] FSDCT reset capture engine by idle ...
[2020-05-27 01:29:40.280] [   9672] [    TEAM] [DBG] [EventLoop.cx:20] The previous message repeated 2 times
[2020-05-27 01:29:40.280] [   9672] [    TEAM] [DBG] [EventLoop.cx:20] EventLoop::setupIdleHolder ...
[2020-05-27 01:29:50.114] [   9672] [   FSDCT] [DBG] [FSDesktopCa:258] The previous message repeated 2 times
[2020-05-27 01:29:50.114] [   9672] [   FSDCT] [DBG] [FSDesktopCa:258] FSDCT reset capture engine by idle ...
[2020-05-27 01:30:40.285] [   9672] [    TEAM] [DBG] [EventLoop.cx:20] The previous message repeated 2 times
[2020-05-27 01:30:40.285] [   9672] [    TEAM] [DBG] [EventLoop.cx:20] EventLoop::setupIdleHolder ...
[2020-05-27 01:30:46.504] [   9672] [   FSDCT] [DBG] [FSDesktopCa:258] The previous message repeated 2 times
[2020-05-27 01:30:46.504] [   9672] [   FSDCT] [DBG] [FSDesktopCa:258] FSDCT reset capture engine by idle ...
[2020-05-27 13:42:36.121] [   9672] [    MAIN] [DBG] [APIv3.tis   :68] The previous message repeated 1 times
[2020-05-27 13:42:36.121] [   9672] [    MAIN] [EVT] [APIv3.tis   :68] Sciter script: [webapi] Start request PhoneNumberBinding params={ttl:14400,guid:"c868107f-ca13-4a64-beb0-9d254c8c0e04"} and null
[2020-05-27 13:42:36.121] [   9672] [    MAIN] [INF] [WebServiceP:132] [cx][webapi] Start request
[2020-05-27 13:42:36.121] [   9672] [    MAIN] [INF] [WebAPIv3Wra:409] [webapi] bindPhoneNumber with ttl=14400, guid=c868107f-ca13-4a64-beb0-9d254c8c0e04
[2020-05-27 13:42:36.121] [   9672] [    MAIN] [MA1] [HTTPLoader.:103] BaseHTTPLoader::BaseHTTPLoader(30065D48)
[2020-05-27 13:42:36.121] [   9672] [   FSAPP] [INF] [HTTPLoader.:206] BaseHTTPLoader[30065D48] - load URL: https://app.freeconferencecall.com/api/v3/phonenumbers/binding?access_token=0000000000ACC6DF9076504AFC603724CA07B485404C805625AE964A4CA38CAD&client_app_id=f79ef745133e8c7e&rand=229&sig=5ebafde732121584f07a6c22223d72ad [proxy: :0]
[2020-05-27 13:42:36.276] [   9672] [   FSAPP] [MA1] [IOStream.cxx:22] SSLTransport[38A0D340:122]::IOStream()
[2020-05-27 13:42:36.276] [   9672] [   FSAPP] [MA1] [WinSSLEngin:170] WinSSLTransport::WinSSLTransport(38A0D340)
[2020-05-27 13:42:36.276] [   9672] [   FSAPP] [MA1] [IOStream.cxx:22] ClientConnection[390DDFC8:123]::IOStream()
[2020-05-27 13:42:36.276] [   9672] [   FSAPP] [DBG] [ClientConne:134] ClientConnection[390DDFC8]::onResolved() ...
[2020-05-27 13:42:36.276] [   9672] [   FSAPP] [FLT] [HTTPLoader.:152] BaseHTTPLoader[30065D48] can't load URL [https://app.freeconferencecall.com/api/v3/phonenumbers/binding?access_token=0000000000ACC6DF9076504AFC603724CA07B485404C805625AE964A4CA38CAD&client_app_id=f79ef745133e8c7e&rand=229&sig=5ebafde732121584f07a6c22223d72ad]: The requested name is valid, but no data of the requested type was found
[2020-05-27 13:42:36.276] [   9672] [   FSAPP] [EVT] [HTTPRequest:253] Status code: httpStatus=0
[2020-05-27 13:42:36.276] [   9672] [   FSAPP] [EVT] [HTTPRequest:348] Detected downloaded data type 1
[2020-05-27 13:42:36.276] [   9672] [   FSAPP] [FLT] [HTTPRequest:243] MyHTTPLoader[30065D48] data not received for URL [https://app.freeconferencecall.com/api/v3/phonenumbers/binding?access_token=0000000000ACC6DF9076504AFC603724CA07B485404C805625AE964A4CA38CAD&client_app_id=f79ef745133e8c7e&rand=229&sig=5ebafde732121584f07a6c22223d72ad]
[2020-05-27 13:42:36.276] [   9672] [   FSAPP] [INF] [IOStream.cx:229] ClientConnection[390DDFC8] closed
[2020-05-27 13:42:36.276] [   9672] [   FSAPP] [INF] [IOStream.cx:229] SSLTransport[38A0D340] closed
[2020-05-27 13:42:36.276] [   9672] [   FSAPP] [DBG] [HTTPLoader.:723] BaseHTTPLoader[30065D48] - closed (in buffer 0 bytes)
[2020-05-27 13:42:36.276] [   9672] [   FSAPP] [FLT] [HTTPRequest:243] MyHTTPLoader[30065D48] data not received for URL [https://app.freeconferencecall.com/api/v3/phonenumbers/binding?access_token=0000000000ACC6DF9076504AFC603724CA07B485404C805625AE964A4CA38CAD&client_app_id=f79ef745133e8c7e&rand=229&sig=5ebafde732121584f07a6c22223d72ad]
[2020-05-27 13:42:36.276] [   9672] [   FSAPP] [MA1] [IOStream.cxx:27] ClientConnection[390DDFC8:123]::~IOStream()
[2020-05-27 13:42:36.542] [   9672] [   FSAPP] [MA1] [WinSSLEngin:183] WinSSLTransport::~WinSSLTransport(38A0D340)
[2020-05-27 13:42:36.542] [   9672] [   FSAPP] [MA1] [IOStream.cxx:27] SSLTransport[38A0D340:122]::~IOStream()
[2020-05-27 13:42:36.542] [   9672] [   FSAPP] [EVT] [HTTPRequest:437] Deleting HTTP request to https://app.freeconferencecall.com/api/v3/phonenumbers/binding
[2020-05-27 13:42:36.542] [   9672] [   FSAPP] [MA1] [HTTPLoader.:111] BaseHTTPLoader::~BaseHTTPLoader(30065D48)
[2020-05-27 13:42:56.192] [   9672] [   FSDCT] [DBG] [FSDesktopCa:258] FSDCT reset capture engine by idle ...
[2020-05-27 13:43:09.347] [   9672] [    TEAM] [DBG] [EventLoop.cx:20] EventLoop::setupIdleHolder ...
[2020-05-27 13:43:14.987] [   9672] [   FSDCT] [DBG] [FSDesktopCa:258] The previous message repeated 2 times
[2020-05-27 13:43:14.987] [   9672] [   FSDCT] [DBG] [FSDesktopCa:258] FSDCT reset capture engine by idle ...
[2020-05-27 13:44:09.347] [   9672] [    TEAM] [DBG] [EventLoop.cx:20] The previous message repeated 2 times
[2020-05-27 13:44:09.347] [   9672] [    TEAM] [DBG] [EventLoop.cx:20] EventLoop::setupIdleHolder ...
[2020-05-27 13:44:11.568] [   9672] [   FSDCT] [DBG] [FSDesktopCa:258] The previous message repeated 2 times
[2020-05-27 13:44:11.568] [   9672] [   FSDCT] [DBG] [FSDesktopCa:258] FSDCT reset capture engine by idle ...
[2020-05-27 13:45:09.361] [   9672] [    TEAM] [DBG] [EventLoop.cx:20] The previous message repeated 3 times
[2020-05-27 13:45:09.361] [   9672] [    TEAM] [DBG] [EventLoop.cx:20] EventLoop::setupIdleHolder ...
[2020-05-27 13:45:27.148] [   9672] [   FSDCT] [DBG] [FSDesktopCa:258] The previous message repeated 2 times
[2020-05-27 13:45:27.148] [   9672] [   FSDCT] [DBG] [FSDesktopCa:258] FSDCT reset capture engine by idle ...
[2020-05-27 13:46:09.362] [   9672] [   WSSIP] [DBG] [EventLoop.cx:20] The previous message repeated 2 times
[2020-05-27 13:46:09.362] [   9672] [   WSSIP] [DBG] [EventLoop.cx:20] EventLoop::setupIdleHolder ...
[2020-05-27 13:46:23.741] [   9672] [   FSDCT] [DBG] [FSDesktopCa:258] The previous message repeated 2 times
[2020-05-27 13:46:23.741] [   9672] [   FSDCT] [DBG] [FSDesktopCa:258] FSDCT reset capture engine by idle ...
[2020-05-27 13:47:09.363] [   9672] [   WSSIP] [DBG] [EventLoop.cx:20] The previous message repeated 2 times
[2020-05-27 13:47:09.363] [   9672] [   WSSIP] [DBG] [EventLoop.cx:20] EventLoop::setupIdleHolder ...
[2020-05-27 13:47:20.234] [   9672] [   FSDCT] [DBG] [FSDesktopCa:258] The previous message repeated 2 times
[2020-05-27 13:47:20.234] [   9672] [   FSDCT] [DBG] [FSDesktopCa:258] FSDCT reset capture engine by idle ...
[2020-05-27 13:48:09.364] [   9672] [   WSSIP] [DBG] [EventLoop.cx:20] The previous message repeated 2 times
[2020-05-27 13:48:09.364] [   9672] [   WSSIP] [DBG] [EventLoop.cx:20] EventLoop::setupIdleHolder ...
[2020-05-27 13:48:16.743] [   9672] [   FSDCT] [DBG] [FSDesktopCa:258] The previous message repeated 2 times
[2020-05-27 13:48:16.743] [   9672] [   FSDCT] [DBG] [FSDesktopCa:258] FSDCT reset capture engine by idle ...
[2020-05-27 13:49:09.369] [   9672] [   WSSIP] [DBG] [EventLoop.cx:20] The previous message repeated 2 times
[2020-05-27 13:49:09.369] [   9672] [   WSSIP] [DBG] [EventLoop.cx:20] EventLoop::setupIdleHolder ...
[2020-05-27 13:49:13.228] [   9672] [   FSDCT] [DBG] [FSDesktopCa:258] The previous message repeated 2 times
[2020-05-27 13:49:13.228] [   9672] [   FSDCT] [DBG] [FSDesktopCa:258] FSDCT reset capture engine by idle ...
[2020-05-27 13:50:09.369] [   9672] [    TEAM] [DBG] [EventLoop.cx:20] The previous message repeated 2 times
[2020-05-27 13:50:09.369] [   9672] [    TEAM] [DBG] [EventLoop.cx:20] EventLoop::setupIdleHolder ...
[2020-05-27 13:50:09.628] [   9672] [   FSDCT] [DBG] [FSDesktopCa:258] The previous message repeated 2 times
[2020-05-27 13:50:09.628] [   9672] [   FSDCT] [DBG] [FSDesktopCa:258] FSDCT reset capture engine by idle ...
[2020-05-27 13:51:09.370] [   9672] [    TEAM] [DBG] [EventLoop.cx:20] The previous message repeated 3 times
[2020-05-27 13:51:09.370] [   9672] [    TEAM] [DBG] [EventLoop.cx:20] EventLoop::setupIdleHolder ...
[2020-05-27 13:51:24.814] [   9672] [   FSDCT] [DBG] [FSDesktopCa:258] The previous message repeated 2 times
[2020-05-27 13:51:24.814] [   9672] [   FSDCT] [DBG] [FSDesktopCa:258] FSDCT reset capture engine by idle ...
[2020-05-27 13:52:09.370] [   9672] [    TEAM] [DBG] [EventLoop.cx:20] The previous message repeated 2 times
[2020-05-27 13:52:09.370] [   9672] [    TEAM] [DBG] [EventLoop.cx:20] EventLoop::setupIdleHolder ...
[2020-05-27 13:52:21.221] [   9672] [   FSDCT] [DBG] [FSDesktopCa:258] The previous message repeated 2 times
[2020-05-27 13:52:21.221] [   9672] [   FSDCT] [DBG] [FSDesktopCa:258] FSDCT reset capture engine by idle ...
[2020-05-27 13:53:09.371] [   9672] [    TEAM] [DBG] [EventLoop.cx:20] The previous message repeated 2 times
[2020-05-27 13:53:09.371] [   9672] [    TEAM] [DBG] [EventLoop.cx:20] EventLoop::setupIdleHolder ...
[2020-05-27 13:53:17.649] [   9672] [   FSDCT] [DBG] [FSDesktopCa:258] The previous message repeated 2 times
[2020-05-27 13:53:17.649] [   9672] [   FSDCT] [DBG] [FSDesktopCa:258] FSDCT reset capture engine by idle ...
[2020-05-27 13:54:09.372] [   9672] [   WSSIP] [DBG] [EventLoop.cx:20] The previous message repeated 2 times
[2020-05-27 13:54:09.372] [   9672] [   WSSIP] [DBG] [EventLoop.cx:20] EventLoop::setupIdleHolder ...
[2020-05-27 13:54:14.066] [   9672] [   FSDCT] [DBG] [FSDesktopCa:258] The previous message repeated 2 times
[2020-05-27 13:54:14.066] [   9672] [   FSDCT] [DBG] [FSDesktopCa:258] FSDCT reset capture engine by idle ...
[2020-05-27 13:55:09.375] [   9672] [    TEAM] [DBG] [EventLoop.cx:20] The previous message repeated 2 times
[2020-05-27 13:55:09.375] [   9672] [    TEAM] [DBG] [EventLoop.cx:20] EventLoop::setupIdleHolder ...
[2020-05-27 13:55:10.459] [   9672] [   FSDCT] [DBG] [FSDesktopCa:258] The previous message repeated 2 times
[2020-05-27 13:55:10.459] [   9672] [   FSDCT] [DBG] [FSDesktopCa:258] FSDCT reset capture engine by idle ...
[2020-05-27 13:56:09.376] [   9672] [    TEAM] [DBG] [EventLoop.cx:20] The previous message repeated 3 times
[2020-05-27 13:56:09.376] [   9672] [    TEAM] [DBG] [EventLoop.cx:20] EventLoop::setupIdleHolder ...
[2020-05-27 13:56:25.648] [   9672] [   FSDCT] [DBG] [FSDesktopCa:258] The previous message repeated 2 times
[2020-05-27 13:56:25.648] [   9672] [   FSDCT] [DBG] [FSDesktopCa:258] FSDCT reset capture engine by idle ...
[2020-05-27 13:57:09.376] [   9672] [   WSSIP] [DBG] [EventLoop.cx:20] The previous message repeated 2 times
[2020-05-27 13:57:09.376] [   9672] [   WSSIP] [DBG] [EventLoop.cx:20] EventLoop::setupIdleHolder ...
[2020-05-27 13:57:22.034] [   9672] [   FSDCT] [DBG] [FSDesktopCa:258] The previous message repeated 2 times
[2020-05-27 13:57:22.034] [   9672] [   FSDCT] [DBG] [FSDesktopCa:258] FSDCT reset capture engine by idle ...
[2020-05-27 15:29:40.681] [   9672] [   WSSIP] [DBG] [EventLoop.cx:20] The previous message repeated 2 times
[2020-05-27 15:29:40.681] [   9672] [   WSSIP] [DBG] [EventLoop.cx:20] EventLoop::setupIdleHolder ...
[2020-05-27 15:29:50.427] [   9672] [   FSDCT] [DBG] [FSDesktopCa:258] The previous message repeated 2 times
[2020-05-27 15:29:50.427] [   9672] [   FSDCT] [DBG] [FSDesktopCa:258] FSDCT reset capture engine by idle ...
[2020-05-27 15:30:40.682] [   9672] [    TEAM] [DBG] [EventLoop.cx:20] The previous message repeated 2 times
[2020-05-27 15:30:40.682] [   9672] [    TEAM] [DBG] [EventLoop.cx:20] EventLoop::setupIdleHolder ...
[2020-05-27 15:30:46.851] [   9672] [   FSDCT] [DBG] [FSDesktopCa:258] The previous message repeated 2 times
[2020-05-27 15:30:46.851] [   9672] [   FSDCT] [DBG] [FSDesktopCa:258] FSDCT reset capture engine by idle ...
[2020-05-27 15:31:40.682] [   9672] [    TEAM] [DBG] [EventLoop.cx:20] The previous message repeated 2 times
[2020-05-27 15:31:40.682] [   9672] [    TEAM] [DBG] [EventLoop.cx:20] EventLoop::setupIdleHolder ...
[2020-05-27 15:31:43.243] [   9672] [   FSDCT] [DBG] [FSDesktopCa:258] The previous message repeated 2 times
[2020-05-27 15:31:43.243] [   9672] [   FSDCT] [DBG] [FSDesktopCa:258] FSDCT reset capture engine by idle ...
[2020-05-27 15:32:40.682] [   9672] [   WSSIP] [DBG] [EventLoop.cx:20] The previous message repeated 3 times
[2020-05-27 15:32:40.682] [   9672] [   WSSIP] [DBG] [EventLoop.cx:20] EventLoop::setupIdleHolder ...
[2020-05-27 15:32:58.428] [   9672] [   FSDCT] [DBG] [FSDesktopCa:258] The previous message repeated 2 times
[2020-05-27 15:32:58.428] [   9672] [   FSDCT] [DBG] [FSDesktopCa:258] FSDCT reset capture engine by idle ...
[2020-05-27 15:33:40.683] [   9672] [    TEAM] [DBG] [EventLoop.cx:20] The previous message repeated 2 times
[2020-05-27 15:33:40.683] [   9672] [    TEAM] [DBG] [EventLoop.cx:20] EventLoop::setupIdleHolder ...
[2020-05-27 15:33:54.820] [   9672] [   FSDCT] [DBG] [FSDesktopCa:258] The previous message repeated 2 times
[2020-05-27 15:33:54.820] [   9672] [   FSDCT] [DBG] [FSDesktopCa:258] FSDCT reset capture engine by idle ...
[2020-05-27 15:34:40.683] [   9672] [    TEAM] [DBG] [EventLoop.cx:20] The previous message repeated 2 times
[2020-05-27 15:34:40.683] [   9672] [    TEAM] [DBG] [EventLoop.cx:20] EventLoop::setupIdleHolder ...
[2020-05-27 15:34:51.208] [   9672] [   FSDCT] [DBG] [FSDesktopCa:258] The previous message repeated 2 times
[2020-05-27 15:34:51.208] [   9672] [   FSDCT] [DBG] [FSDesktopCa:258] FSDCT reset capture engine by idle ...
[2020-05-27 15:35:40.684] [   9672] [    TEAM] [DBG] [EventLoop.cx:20] The previous message repeated 2 times
[2020-05-27 15:35:40.684] [   9672] [    TEAM] [DBG] [EventLoop.cx:20] EventLoop::setupIdleHolder ...
[2020-05-27 15:35:47.602] [   9672] [   FSDCT] [DBG] [FSDesktopCa:258] The previous message repeated 2 times
[2020-05-27 15:35:47.602] [   9672] [   FSDCT] [DBG] [FSDesktopCa:258] FSDCT reset capture engine by idle ...
[2020-05-27 15:36:40.685] [   9672] [   WSSIP] [DBG] [EventLoop.cx:20] The previous message repeated 2 times
[2020-05-27 15:36:40.685] [   9672] [   WSSIP] [DBG] [EventLoop.cx:20] EventLoop::setupIdleHolder ...
[2020-05-27 15:36:44.019] [   9672] [   FSDCT] [DBG] [FSDesktopCa:258] The previous message repeated 2 times
[2020-05-27 15:36:44.019] [   9672] [   FSDCT] [DBG] [FSDesktopCa:258] FSDCT reset capture engine by idle ...
[2020-05-27 15:37:40.686] [   9672] [   WSSIP] [DBG] [EventLoop.cx:20] The previous message repeated 3 times
[2020-05-27 15:37:40.686] [   9672] [   WSSIP] [DBG] [EventLoop.cx:20] EventLoop::setupIdleHolder ...
[2020-05-27 15:37:59.212] [   9672] [   FSDCT] [DBG] [FSDesktopCa:258] The previous message repeated 2 times
[2020-05-27 15:37:59.212] [   9672] [   FSDCT] [DBG] [FSDesktopCa:258] FSDCT reset capture engine by idle ...
[2020-05-27 15:38:40.687] [   9672] [    TEAM] [DBG] [EventLoop.cx:20] The previous message repeated 2 times
[2020-05-27 15:38:40.687] [   9672] [    TEAM] [DBG] [EventLoop.cx:20] EventLoop::setupIdleHolder ...
[2020-05-27 15:38:55.618] [   9672] [   FSDCT] [DBG] [FSDesktopCa:258] The previous message repeated 2 times
[2020-05-27 15:38:55.618] [   9672] [   FSDCT] [DBG] [FSDesktopCa:258] FSDCT reset capture engine by idle ...
[2020-05-27 15:39:40.687] [   9672] [   WSSIP] [DBG] [EventLoop.cx:20] The previous message repeated 2 times
[2020-05-27 15:39:40.687] [   9672] [   WSSIP] [DBG] [EventLoop.cx:20] EventLoop::setupIdleHolder ...
[2020-05-27 15:39:52.010] [   9672] [   FSDCT] [DBG] [FSDesktopCa:258] The previous message repeated 2 times
[2020-05-27 15:39:52.010] [   9672] [   FSDCT] [DBG] [FSDesktopCa:258] FSDCT reset capture engine by idle ...
[2020-05-27 15:40:40.688] [   9672] [   WSSIP] [DBG] [EventLoop.cx:20] The previous message repeated 2 times
[2020-05-27 15:40:40.688] [   9672] [   WSSIP] [DBG] [EventLoop.cx:20] EventLoop::setupIdleHolder ...
[2020-05-27 15:40:48.424] [   9672] [   FSDCT] [DBG] [FSDesktopCa:258] The previous message repeated 2 times
[2020-05-27 15:40:48.424] [   9672] [   FSDCT] [DBG] [FSDesktopCa:258] FSDCT reset capture engine by idle ...
[2020-05-27 15:41:40.689] [   9672] [    TEAM] [DBG] [EventLoop.cx:20] The previous message repeated 2 times
[2020-05-27 15:41:40.689] [   9672] [    TEAM] [DBG] [EventLoop.cx:20] EventLoop::setupIdleHolder ...
[2020-05-27 15:41:44.831] [   9672] [   FSDCT] [DBG] [FSDesktopCa:258] The previous message repeated 2 times
[2020-05-27 15:41:44.831] [   9672] [   FSDCT] [DBG] [FSDesktopCa:258] FSDCT reset capture engine by idle ...
[2020-05-27 15:42:40.690] [   9672] [    TEAM] [DBG] [EventLoop.cx:20] The previous message repeated 2 times
[2020-05-27 15:42:40.690] [   9672] [    TEAM] [DBG] [EventLoop.cx:20] EventLoop::setupIdleHolder ...
[2020-05-27 15:42:41.228] [   9672] [   FSDCT] [DBG] [FSDesktopCa:258] The previous message repeated 2 times
[2020-05-27 15:42:41.228] [   9672] [   FSDCT] [DBG] [FSDesktopCa:258] FSDCT reset capture engine by idle ...
[2020-05-27 15:43:40.691] [   9672] [    TEAM] [DBG] [EventLoop.cx:20] The previous message repeated 3 times
[2020-05-27 15:43:40.691] [   9672] [    TEAM] [DBG] [EventLoop.cx:20] EventLoop::setupIdleHolder ...
[2020-05-27 15:43:56.416] [   9672] [   FSDCT] [DBG] [FSDesktopCa:258] The previous message repeated 2 times
[2020-05-27 15:43:56.416] [   9672] [   FSDCT] [DBG] [FSDesktopCa:258] FSDCT reset capture engine by idle ...
[2020-05-27 15:44:40.692] [   9672] [   WSSIP] [DBG] [EventLoop.cx:20] The previous message repeated 2 times
[2020-05-27 15:44:40.692] [   9672] [   WSSIP] [DBG] [EventLoop.cx:20] EventLoop::setupIdleHolder ...
[2020-05-27 15:44:52.820] [   9672] [   FSDCT] [DBG] [FSDesktopCa:258] The previous message repeated 2 times
[2020-05-27 15:44:52.820] [   9672] [   FSDCT] [DBG] [FSDesktopCa:258] FSDCT reset capture engine by idle ...
[2020-05-27 15:45:40.693] [   9672] [    TEAM] [DBG] [EventLoop.cx:20] The previous message repeated 2 times
[2020-05-27 15:45:40.693] [   9672] [    TEAM] [DBG] [EventLoop.cx:20] EventLoop::setupIdleHolder ...
[2020-05-27 15:45:49.208] [   9672] [   FSDCT] [DBG] [FSDesktopCa:258] The previous message repeated 2 times
[2020-05-27 15:45:49.208] [   9672] [   FSDCT] [DBG] [FSDesktopCa:258] FSDCT reset capture engine by idle ...
[2020-05-27 15:46:40.694] [   9672] [    TEAM] [DBG] [EventLoop.cx:20] The previous message repeated 2 times
[2020-05-27 15:46:40.694] [   9672] [    TEAM] [DBG] [EventLoop.cx:20] EventLoop::setupIdleHolder ...
[2020-05-27 15:46:45.599] [   9672] [   FSDCT] [DBG] [FSDesktopCa:258] The previous message repeated 2 times
[2020-05-27 15:46:45.599] [   9672] [   FSDCT] [DBG] [FSDesktopCa:258] FSDCT reset capture engine by idle ...
[2020-05-27 15:47:40.695] [   9672] [   WSSIP] [DBG] [EventLoop.cx:20] The previous message repeated 2 times
[2020-05-27 15:47:40.695] [   9672] [   WSSIP] [DBG] [EventLoop.cx:20] EventLoop::setupIdleHolder ...
[2020-05-27 15:47:41.989] [   9672] [   FSDCT] [DBG] [FSDesktopCa:258] The previous message repeated 2 times
[2020-05-27 15:47:41.989] [   9672] [   FSDCT] [DBG] [FSDesktopCa:258] FSDCT reset capture engine by idle ...
[2020-05-27 15:48:40.696] [   9672] [    TEAM] [DBG] [EventLoop.cx:20] The previous message repeated 3 times
[2020-05-27 15:48:40.696] [   9672] [    TEAM] [DBG] [EventLoop.cx:20] EventLoop::setupIdleHolder ...
[2020-05-27 15:48:57.180] [   9672] [   FSDCT] [DBG] [FSDesktopCa:258] The previous message repeated 2 times
[2020-05-27 15:48:57.180] [   9672] [   FSDCT] [DBG] [FSDesktopCa:258] FSDCT reset capture engine by idle ...
[2020-05-27 15:49:40.696] [   9672] [   WSSIP] [DBG] [EventLoop.cx:20] The previous message repeated 2 times
[2020-05-27 15:49:40.696] [   9672] [   WSSIP] [DBG] [EventLoop.cx:20] EventLoop::setupIdleHolder ...
[2020-05-27 15:49:53.570] [   9672] [   FSDCT] [DBG] [FSDesktopCa:258] The previous message repeated 2 times
[2020-05-27 15:49:53.570] [   9672] [   FSDCT] [DBG] [FSDesktopCa:258] FSDCT reset capture engine by idle ...
[2020-05-27 15:50:40.697] [   9672] [   WSSIP] [DBG] [EventLoop.cx:20] The previous message repeated 2 times
[2020-05-27 15:50:40.697] [   9672] [   WSSIP] [DBG] [EventLoop.cx:20] EventLoop::setupIdleHolder ...
[2020-05-27 15:50:49.960] [   9672] [   FSDCT] [DBG] [FSDesktopCa:258] The previous message repeated 2 times
[2020-05-27 15:50:49.960] [   9672] [   FSDCT] [DBG] [FSDesktopCa:258] FSDCT reset capture engine by idle ...
[2020-05-27 15:51:40.698] [   9672] [   WSSIP] [DBG] [EventLoop.cx:20] The previous message repeated 2 times
[2020-05-27 15:51:40.698] [   9672] [   WSSIP] [DBG] [EventLoop.cx:20] EventLoop::setupIdleHolder ...
[2020-05-27 15:51:46.349] [   9672] [   FSDCT] [DBG] [FSDesktopCa:258] The previous message repeated 2 times
[2020-05-27 15:51:46.349] [   9672] [   FSDCT] [DBG] [FSDesktopCa:258] FSDCT reset capture engine by idle ...
[2020-05-27 15:52:40.698] [   9672] [   WSSIP] [DBG] [EventLoop.cx:20] The previous message repeated 2 times
[2020-05-27 15:52:40.698] [   9672] [   WSSIP] [DBG] [EventLoop.cx:20] EventLoop::setupIdleHolder ...
[2020-05-27 15:52:42.803] [   9672] [   FSDCT] [DBG] [FSDesktopCa:258] The previous message repeated 2 times
[2020-05-27 15:52:42.803] [   9672] [   FSDCT] [DBG] [FSDesktopCa:258] FSDCT reset capture engine by idle ...
[2020-05-27 15:53:40.699] [   9672] [   WSSIP] [DBG] [EventLoop.cx:20] The previous message repeated 3 times
[2020-05-27 15:53:40.699] [   9672] [   WSSIP] [DBG] [EventLoop.cx:20] EventLoop::setupIdleHolder ...
[2020-05-27 15:53:57.986] [   9672] [   FSDCT] [DBG] [FSDesktopCa:258] The previous message repeated 2 times
[2020-05-27 15:53:57.986] [   9672] [   FSDCT] [DBG] [FSDesktopCa:258] FSDCT reset capture engine by idle ...
[2020-05-27 15:54:40.700] [   9672] [    TEAM] [DBG] [EventLoop.cx:20] The previous message repeated 2 times
[2020-05-27 15:54:40.700] [   9672] [    TEAM] [DBG] [EventLoop.cx:20] EventLoop::setupIdleHolder ...
[2020-05-27 15:54:54.385] [   9672] [   FSDCT] [DBG] [FSDesktopCa:258] The previous message repeated 2 times
[2020-05-27 15:54:54.385] [   9672] [   FSDCT] [DBG] [FSDesktopCa:258] FSDCT reset capture engine by idle ...
[2020-05-27 15:55:40.701] [   9672] [   WSSIP] [DBG] [EventLoop.cx:20] The previous message repeated 2 times
[2020-05-27 15:55:40.701] [   9672] [   WSSIP] [DBG] [EventLoop.cx:20] EventLoop::setupIdleHolder ...
[2020-05-27 15:55:50.767] [   9672] [   FSDCT] [DBG] [FSDesktopCa:258] The previous message repeated 2 times
[2020-05-27 15:55:50.767] [   9672] [   FSDCT] [DBG] [FSDesktopCa:258] FSDCT reset capture engine by idle ...
[2020-05-27 15:56:40.701] [   9672] [   WSSIP] [DBG] [EventLoop.cx:20] The previous message repeated 2 times
[2020-05-27 15:56:40.701] [   9672] [   WSSIP] [DBG] [EventLoop.cx:20] EventLoop::setupIdleHolder ...
[2020-05-27 15:56:47.160] [   9672] [   FSDCT] [DBG] [FSDesktopCa:258] The previous message repeated 2 times
[2020-05-27 15:56:47.160] [   9672] [   FSDCT] [DBG] [FSDesktopCa:258] FSDCT reset capture engine by idle ...
[2020-05-27 15:57:40.702] [   9672] [   WSSIP] [DBG] [EventLoop.cx:20] The previous message repeated 2 times
[2020-05-27 15:57:40.702] [   9672] [   WSSIP] [DBG] [EventLoop.cx:20] EventLoop::setupIdleHolder ...
[2020-05-27 15:57:43.555] [   9672] [   FSDCT] [DBG] [FSDesktopCa:258] The previous message repeated 2 times
[2020-05-27 15:57:43.555] [   9672] [   FSDCT] [DBG] [FSDesktopCa:258] FSDCT reset capture engine by idle ...
[2020-05-27 15:58:40.703] [   9672] [   WSSIP] [DBG] [EventLoop.cx:20] The previous message repeated 3 times
[2020-05-27 15:58:40.703] [   9672] [   WSSIP] [DBG] [EventLoop.cx:20] EventLoop::setupIdleHolder ...
[2020-05-27 15:58:58.742] [   9672] [   FSDCT] [DBG] [FSDesktopCa:258] The previous message repeated 2 times
[2020-05-27 15:58:58.742] [   9672] [   FSDCT] [DBG] [FSDesktopCa:258] FSDCT reset capture engine by idle ...
[2020-05-27 15:59:40.704] [   9672] [   WSSIP] [DBG] [EventLoop.cx:20] The previous message repeated 2 times
[2020-05-27 15:59:40.704] [   9672] [   WSSIP] [DBG] [EventLoop.cx:20] EventLoop::setupIdleHolder ...
[2020-05-27 15:59:55.133] [   9672] [   FSDCT] [DBG] [FSDesktopCa:258] The previous message repeated 2 times
[2020-05-27 15:59:55.133] [   9672] [   FSDCT] [DBG] [FSDesktopCa:258] FSDCT reset capture engine by idle ...
[2020-05-27 16:00:40.705] [   9672] [    TEAM] [DBG] [EventLoop.cx:20] The previous message repeated 2 times
[2020-05-27 16:00:40.705] [   9672] [    TEAM] [DBG] [EventLoop.cx:20] EventLoop::setupIdleHolder ...
[2020-05-27 16:00:51.519] [   9672] [   FSDCT] [DBG] [FSDesktopCa:258] The previous message repeated 2 times
[2020-05-27 16:00:51.519] [   9672] [   FSDCT] [DBG] [FSDesktopCa:258] FSDCT reset capture engine by idle ...
[2020-05-27 16:01:40.706] [   9672] [    TEAM] [DBG] [EventLoop.cx:20] The previous message repeated 2 times
[2020-05-27 16:01:40.706] [   9672] [    TEAM] [DBG] [EventLoop.cx:20] EventLoop::setupIdleHolder ...
[2020-05-27 16:01:47.910] [   9672] [   FSDCT] [DBG] [FSDesktopCa:258] The previous message repeated 2 times
[2020-05-27 16:01:47.910] [   9672] [   FSDCT] [DBG] [FSDesktopCa:258] FSDCT reset capture engine by idle ...
[2020-05-27 16:02:40.707] [   9672] [    TEAM] [DBG] [EventLoop.cx:20] The previous message repeated 2 times
[2020-05-27 16:02:40.707] [   9672] [    TEAM] [DBG] [EventLoop.cx:20] EventLoop::setupIdleHolder ...
[2020-05-27 16:02:44.299] [   9672] [   FSDCT] [DBG] [FSDesktopCa:258] The previous message repeated 2 times
[2020-05-27 16:02:44.299] [   9672] [   FSDCT] [DBG] [FSDesktopCa:258] FSDCT reset capture engine by idle ...
[2020-05-27 16:03:40.708] [   9672] [   WSSIP] [DBG] [EventLoop.cx:20] The previous message repeated 3 times
[2020-05-27 16:03:40.708] [   9672] [   WSSIP] [DBG] [EventLoop.cx:20] EventLoop::setupIdleHolder ...
[2020-05-27 16:03:59.489] [   9672] [   FSDCT] [DBG] [FSDesktopCa:258] The previous message repeated 2 times
[2020-05-27 16:03:59.489] [   9672] [   FSDCT] [DBG] [FSDesktopCa:258] FSDCT reset capture engine by idle ...
[2020-05-27 16:04:40.709] [   9672] [    TEAM] [DBG] [EventLoop.cx:20] The previous message repeated 2 times
[2020-05-27 16:04:40.709] [   9672] [    TEAM] [DBG] [EventLoop.cx:20] EventLoop::setupIdleHolder ...
[2020-05-27 16:04:55.892] [   9672] [   FSDCT] [DBG] [FSDesktopCa:258] The previous message repeated 2 times
[2020-05-27 16:04:55.892] [   9672] [   FSDCT] [DBG] [FSDesktopCa:258] FSDCT reset capture engine by idle ...
[2020-05-27 16:05:40.709] [   9672] [   WSSIP] [DBG] [EventLoop.cx:20] The previous message repeated 2 times
[2020-05-27 16:05:40.709] [   9672] [   WSSIP] [DBG] [EventLoop.cx:20] EventLoop::setupIdleHolder ...
[2020-05-27 16:05:52.287] [   9672] [   FSDCT] [DBG] [FSDesktopCa:258] The previous message repeated 2 times
[2020-05-27 16:05:52.287] [   9672] [   FSDCT] [DBG] [FSDesktopCa:258] FSDCT reset capture engine by idle ...
[2020-05-27 16:06:40.711] [   9672] [   WSSIP] [DBG] [EventLoop.cx:20] The previous message repeated 2 times
[2020-05-27 16:06:40.711] [   9672] [   WSSIP] [DBG] [EventLoop.cx:20] EventLoop::setupIdleHolder ...
[2020-05-27 16:06:48.675] [   9672] [   FSDCT] [DBG] [FSDesktopCa:258] The previous message repeated 2 times
[2020-05-27 16:06:48.675] [   9672] [   FSDCT] [DBG] [FSDesktopCa:258] FSDCT reset capture engine by idle ...
[2020-05-27 16:07:40.711] [   9672] [    TEAM] [DBG] [EventLoop.cx:20] The previous message repeated 2 times
[2020-05-27 16:07:40.711] [   9672] [    TEAM] [DBG] [EventLoop.cx:20] EventLoop::setupIdleHolder ...
[2020-05-27 16:07:45.067] [   9672] [   FSDCT] [DBG] [FSDesktopCa:258] The previous message repeated 2 times
[2020-05-27 16:07:45.067] [   9672] [   FSDCT] [DBG] [FSDesktopCa:258] FSDCT reset capture engine by idle ...
[2020-05-27 16:08:40.712] [   9672] [    TEAM] [DBG] [EventLoop.cx:20] The previous message repeated 2 times
[2020-05-27 16:08:40.712] [   9672] [    TEAM] [DBG] [EventLoop.cx:20] EventLoop::setupIdleHolder ...
[2020-05-27 16:08:41.462] [   9672] [   FSDCT] [DBG] [FSDesktopCa:258] The previous message repeated 2 times
[2020-05-27 16:08:41.462] [   9672] [   FSDCT] [DBG] [FSDesktopCa:258] FSDCT reset capture engine by idle ...
[2020-05-27 16:09:40.713] [   9672] [   WSSIP] [DBG] [EventLoop.cx:20] The previous message repeated 3 times
[2020-05-27 16:09:40.713] [   9672] [   WSSIP] [DBG] [EventLoop.cx:20] EventLoop::setupIdleHolder ...
[2020-05-27 16:09:56.645] [   9672] [   FSDCT] [DBG] [FSDesktopCa:258] The previous message repeated 2 times
[2020-05-27 16:09:56.645] [   9672] [   FSDCT] [DBG] [FSDesktopCa:258] FSDCT reset capture engine by idle ...
[2020-05-27 16:10:40.715] [   9672] [   WSSIP] [DBG] [EventLoop.cx:20] The previous message repeated 2 times
[2020-05-27 16:10:40.715] [   9672] [   WSSIP] [DBG] [EventLoop.cx:20] EventLoop::setupIdleHolder ...
[2020-05-27 16:10:53.037] [   9672] [   FSDCT] [DBG] [FSDesktopCa:258] The previous message repeated 2 times
[2020-05-27 16:10:53.037] [   9672] [   FSDCT] [DBG] [FSDesktopCa:258] FSDCT reset capture engine by idle ...
[2020-05-27 16:11:40.715] [   9672] [   WSSIP] [DBG] [EventLoop.cx:20] The previous message repeated 2 times
[2020-05-27 16:11:40.715] [   9672] [   WSSIP] [DBG] [EventLoop.cx:20] EventLoop::setupIdleHolder ...
[2020-05-27 16:11:49.444] [   9672] [   FSDCT] [DBG] [FSDesktopCa:258] The previous message repeated 2 times
[2020-05-27 16:11:49.444] [   9672] [   FSDCT] [DBG] [FSDesktopCa:258] FSDCT reset capture engine by idle ...
[2020-05-27 16:12:40.716] [   9672] [   WSSIP] [DBG] [EventLoop.cx:20] The previous message repeated 2 times
[2020-05-27 16:12:40.716] [   9672] [   WSSIP] [DBG] [EventLoop.cx:20] EventLoop::setupIdleHolder ...
[2020-05-27 16:12:45.833] [   9672] [   FSDCT] [DBG] [FSDesktopCa:258] The previous message repeated 2 times
[2020-05-27 16:12:45.833] [   9672] [   FSDCT] [DBG] [FSDesktopCa:258] FSDCT reset capture engine by idle ...
[2020-05-27 16:13:40.717] [   9672] [    TEAM] [DBG] [EventLoop.cx:20] The previous message repeated 2 times
[2020-05-27 16:13:40.717] [   9672] [    TEAM] [DBG] [EventLoop.cx:20] EventLoop::setupIdleHolder ...
[2020-05-27 16:13:42.220] [   9672] [   FSDCT] [DBG] [FSDesktopCa:258] The previous message repeated 2 times
[2020-05-27 16:13:42.220] [   9672] [   FSDCT] [DBG] [FSDesktopCa:258] FSDCT reset capture engine by idle ...
[2020-05-27 16:14:40.717] [   9672] [    TEAM] [DBG] [EventLoop.cx:20] The previous message repeated 3 times
[2020-05-27 16:14:40.717] [   9672] [    TEAM] [DBG] [EventLoop.cx:20] EventLoop::setupIdleHolder ...
[2020-05-27 16:14:57.414] [   9672] [   FSDCT] [DBG] [FSDesktopCa:258] The previous message repeated 2 times
[2020-05-27 16:14:57.414] [   9672] [   FSDCT] [DBG] [FSDesktopCa:258] FSDCT reset capture engine by idle ...
[2020-05-27 16:15:40.718] [   9672] [    TEAM] [DBG] [EventLoop.cx:20] The previous message repeated 2 times
[2020-05-27 16:15:40.718] [   9672] [    TEAM] [DBG] [EventLoop.cx:20] EventLoop::setupIdleHolder ...
[2020-05-27 16:15:53.801] [   9672] [   FSDCT] [DBG] [FSDesktopCa:258] The previous message repeated 2 times
[2020-05-27 16:15:53.801] [   9672] [   FSDCT] [DBG] [FSDesktopCa:258] FSDCT reset capture engine by idle ...
[2020-05-27 16:16:40.719] [   9672] [    TEAM] [DBG] [EventLoop.cx:20] The previous message repeated 2 times
[2020-05-27 16:16:40.719] [   9672] [    TEAM] [DBG] [EventLoop.cx:20] EventLoop::setupIdleHolder ...
[2020-05-27 16:16:50.189] [   9672] [   FSDCT] [DBG] [FSDesktopCa:258] The previous message repeated 2 times
[2020-05-27 16:16:50.189] [   9672] [   FSDCT] [DBG] [FSDesktopCa:258] FSDCT reset capture engine by idle ...
[2020-05-27 16:17:40.720] [   9672] [    TEAM] [DBG] [EventLoop.cx:20] The previous message repeated 2 times
[2020-05-27 16:17:40.720] [   9672] [    TEAM] [DBG] [EventLoop.cx:20] EventLoop::setupIdleHolder ...
[2020-05-27 16:17:46.588] [   9672] [   FSDCT] [DBG] [FSDesktopCa:258] The previous message repeated 2 times
[2020-05-27 16:17:46.588] [   9672] [   FSDCT] [DBG] [FSDesktopCa:258] FSDCT reset capture engine by idle ...
[2020-05-27 16:18:40.720] [   9672] [   WSSIP] [DBG] [EventLoop.cx:20] The previous message repeated 2 times
[2020-05-27 16:18:40.720] [   9672] [   WSSIP] [DBG] [EventLoop.cx:20] EventLoop::setupIdleHolder ...
[2020-05-27 16:18:42.975] [   9672] [   FSDCT] [DBG] [FSDesktopCa:258] The previous message repeated 2 times
[2020-05-27 16:18:42.975] [   9672] [   FSDCT] [DBG] [FSDesktopCa:258] FSDCT reset capture engine by idle ...
[2020-05-27 16:19:40.721] [   9672] [   WSSIP] [DBG] [EventLoop.cx:20] The previous message repeated 3 times
[2020-05-27 16:19:40.721] [   9672] [   WSSIP] [DBG] [EventLoop.cx:20] EventLoop::setupIdleHolder ...
[2020-05-27 16:19:58.167] [   9672] [   FSDCT] [DBG] [FSDesktopCa:258] The previous message repeated 2 times
[2020-05-27 16:19:58.167] [   9672] [   FSDCT] [DBG] [FSDesktopCa:258] FSDCT reset capture engine by idle ...
[2020-05-27 16:20:40.721] [   9672] [    TEAM] [DBG] [EventLoop.cx:20] The previous message repeated 2 times
[2020-05-27 16:20:40.721] [   9672] [    TEAM] [DBG] [EventLoop.cx:20] EventLoop::setupIdleHolder ...
[2020-05-27 16:20:54.548] [   9672] [   FSDCT] [DBG] [FSDesktopCa:258] The previous message repeated 2 times
[2020-05-27 16:20:54.548] [   9672] [   FSDCT] [DBG] [FSDesktopCa:258] FSDCT reset capture engine by idle ...
[2020-05-27 16:21:40.722] [   9672] [    TEAM] [DBG] [EventLoop.cx:20] The previous message repeated 2 times
[2020-05-27 16:21:40.722] [   9672] [    TEAM] [DBG] [EventLoop.cx:20] EventLoop::setupIdleHolder ...
[2020-05-27 16:21:50.944] [   9672] [   FSDCT] [DBG] [FSDesktopCa:258] The previous message repeated 2 times
[2020-05-27 16:21:50.944] [   9672] [   FSDCT] [DBG] [FSDesktopCa:258] FSDCT reset capture engine by idle ...
[2020-05-27 16:22:40.723] [   9672] [   WSSIP] [DBG] [EventLoop.cx:20] The previous message repeated 2 times
[2020-05-27 16:22:40.723] [   9672] [   WSSIP] [DBG] [EventLoop.cx:20] EventLoop::setupIdleHolder ...
[2020-05-27 16:22:47.338] [   9672] [   FSDCT] [DBG] [FSDesktopCa:258] The previous message repeated 2 times
[2020-05-27 16:22:47.338] [   9672] [   FSDCT] [DBG] [FSDesktopCa:258] FSDCT reset capture engine by idle ...
[2020-05-27 16:23:40.724] [   9672] [    TEAM] [DBG] [EventLoop.cx:20] The previous message repeated 2 times
[2020-05-27 16:23:40.724] [   9672] [    TEAM] [DBG] [EventLoop.cx:20] EventLoop::setupIdleHolder ...
[2020-05-27 16:23:43.738] [   9672] [   FSDCT] [DBG] [FSDesktopCa:258] The previous message repeated 2 times
[2020-05-27 16:23:43.738] [   9672] [   FSDCT] [DBG] [FSDesktopCa:258] FSDCT reset capture engine by idle ...
[2020-05-27 16:24:40.726] [   9672] [    TEAM] [DBG] [EventLoop.cx:20] The previous message repeated 3 times
[2020-05-27 16:24:40.726] [   9672] [    TEAM] [DBG] [EventLoop.cx:20] EventLoop::setupIdleHolder ...
[2020-05-27 16:24:58.946] [   9672] [   FSDCT] [DBG] [FSDesktopCa:258] The previous message repeated 2 times
[2020-05-27 16:24:58.946] [   9672] [   FSDCT] [DBG] [FSDesktopCa:258] FSDCT reset capture engine by idle ...
[2020-05-27 16:25:40.727] [   9672] [    TEAM] [DBG] [EventLoop.cx:20] The previous message repeated 2 times
[2020-05-27 16:25:40.727] [   9672] [    TEAM] [DBG] [EventLoop.cx:20] EventLoop::setupIdleHolder ...
[2020-05-27 16:25:55.334] [   9672] [   FSDCT] [DBG] [FSDesktopCa:258] The previous message repeated 2 times
[2020-05-27 16:25:55.334] [   9672] [   FSDCT] [DBG] [FSDesktopCa:258] FSDCT reset capture engine by idle ...
[2020-05-27 16:26:40.728] [   9672] [    TEAM] [DBG] [EventLoop.cx:20] The previous message repeated 2 times
[2020-05-27 16:26:40.728] [   9672] [    TEAM] [DBG] [EventLoop.cx:20] EventLoop::setupIdleHolder ...
[2020-05-27 16:26:51.723] [   9672] [   FSDCT] [DBG] [FSDesktopCa:258] The previous message repeated 2 times
[2020-05-27 16:26:51.723] [   9672] [   FSDCT] [DBG] [FSDesktopCa:258] FSDCT reset capture engine by idle ...
[2020-05-27 16:27:40.729] [   9672] [   WSSIP] [DBG] [EventLoop.cx:20] The previous message repeated 2 times
[2020-05-27 16:27:40.729] [   9672] [   WSSIP] [DBG] [EventLoop.cx:20] EventLoop::setupIdleHolder ...
[2020-05-27 16:27:48.112] [   9672] [   FSDCT] [DBG] [FSDesktopCa:258] The previous message repeated 2 times
[2020-05-27 16:27:48.112] [   9672] [   FSDCT] [DBG] [FSDesktopCa:258] FSDCT reset capture engine by idle ...
[2020-05-27 16:28:40.730] [   9672] [   WSSIP] [DBG] [EventLoop.cx:20] The previous message repeated 2 times
[2020-05-27 16:28:40.730] [   9672] [   WSSIP] [DBG] [EventLoop.cx:20] EventLoop::setupIdleHolder ...
[2020-05-27 16:28:44.508] [   9672] [   FSDCT] [DBG] [FSDesktopCa:258] The previous message repeated 2 times
[2020-05-27 16:28:44.508] [   9672] [   FSDCT] [DBG] [FSDesktopCa:258] FSDCT reset capture engine by idle ...
[2020-05-27 16:29:40.731] [   9672] [   WSSIP] [DBG] [EventLoop.cx:20] The previous message repeated 2 times
[2020-05-27 16:29:40.731] [   9672] [   WSSIP] [DBG] [EventLoop.cx:20] EventLoop::setupIdleHolder ...
[2020-05-27 16:29:40.894] [   9672] [   FSDCT] [DBG] [FSDesktopCa:258] The previous message repeated 2 times
[2020-05-27 16:29:40.894] [   9672] [   FSDCT] [DBG] [FSDesktopCa:258] FSDCT reset capture engine by idle ...
[2020-05-27 16:30:40.732] [   9672] [   WSSIP] [DBG] [EventLoop.cx:20] The previous message repeated 3 times
[2020-05-27 16:30:40.732] [   9672] [   WSSIP] [DBG] [EventLoop.cx:20] EventLoop::setupIdleHolder ...
[2020-05-27 16:30:56.083] [   9672] [   FSDCT] [DBG] [FSDesktopCa:258] The previous message repeated 2 times
[2020-05-27 16:30:56.083] [   9672] [   FSDCT] [DBG] [FSDesktopCa:258] FSDCT reset capture engine by idle ...
[2020-05-27 16:31:40.733] [   9672] [   WSSIP] [DBG] [EventLoop.cx:20] The previous message repeated 2 times
[2020-05-27 16:31:40.733] [   9672] [   WSSIP] [DBG] [EventLoop.cx:20] EventLoop::setupIdleHolder ...
[2020-05-27 16:31:52.477] [   9672] [   FSDCT] [DBG] [FSDesktopCa:258] The previous message repeated 2 times
[2020-05-27 16:31:52.477] [   9672] [   FSDCT] [DBG] [FSDesktopCa:258] FSDCT reset capture engine by idle ...
[2020-05-27 16:32:40.734] [   9672] [    TEAM] [DBG] [EventLoop.cx:20] The previous message repeated 2 times
[2020-05-27 16:32:40.734] [   9672] [    TEAM] [DBG] [EventLoop.cx:20] EventLoop::setupIdleHolder ...
[2020-05-27 16:32:48.868] [   9672] [   FSDCT] [DBG] [FSDesktopCa:258] The previous message repeated 2 times
[2020-05-27 16:32:48.868] [   9672] [   FSDCT] [DBG] [FSDesktopCa:258] FSDCT reset capture engine by idle ...
[2020-05-27 16:33:40.735] [   9672] [    TEAM] [DBG] [EventLoop.cx:20] The previous message repeated 2 times
[2020-05-27 16:33:40.735] [   9672] [    TEAM] [DBG] [EventLoop.cx:20] EventLoop::setupIdleHolder ...
[2020-05-27 16:33:45.254] [   9672] [   FSDCT] [DBG] [FSDesktopCa:258] The previous message repeated 2 times
[2020-05-27 16:33:45.254] [   9672] [   FSDCT] [DBG] [FSDesktopCa:258] FSDCT reset capture engine by idle ...
[2020-05-27 19:37:57.500] [   9672] [    MAIN] [EVT] [APIv3.tis   :68] Sciter script: [webapi] Start request PhoneNumberBinding params={ttl:14400,guid:"c868107f-ca13-4a64-beb0-9d254c8c0e04"} and null
[2020-05-27 19:37:58.214] [   9672] [    MAIN] [INF] [WebServiceP:132] [cx][webapi] Start request
[2020-05-27 19:37:58.214] [   9672] [    MAIN] [INF] [WebAPIv3Wra:409] [webapi] bindPhoneNumber with ttl=14400, guid=c868107f-ca13-4a64-beb0-9d254c8c0e04
[2020-05-27 19:37:58.218] [   9672] [    MAIN] [MA1] [HTTPLoader.:103] BaseHTTPLoader::BaseHTTPLoader(2F3CCC40)
[2020-05-27 19:37:58.222] [   9672] [   FSAPP] [INF] [HTTPLoader.:206] BaseHTTPLoader[2F3CCC40] - load URL: https://app.freeconferencecall.com/api/v3/phonenumbers/binding?access_token=0000000000ACC6DF9076504AFC603724CA07B485404C805625AE964A4CA38CAD&client_app_id=f79ef745133e8c7e&rand=431&sig=d08223accb6c0565841ad9118f485afe [proxy: :0]
[2020-05-27 19:37:58.222] [   9672] [   FSAPP] [MA1] [IOStream.cxx:22] SSLTransport[38A0DA40:124]::IOStream()
[2020-05-27 19:37:58.222] [   9672] [   FSAPP] [MA1] [WinSSLEngin:170] WinSSLTransport::WinSSLTransport(38A0DA40)
[2020-05-27 19:37:58.222] [   9672] [   FSAPP] [MA1] [IOStream.cxx:22] ClientConnection[390DE238:125]::IOStream()
[2020-05-27 19:37:58.222] [   9672] [   FSAPP] [DBG] [ClientConne:134] ClientConnection[390DE238]::onResolved() ...
[2020-05-27 19:37:58.222] [   9672] [   FSAPP] [FLT] [HTTPLoader.:152] BaseHTTPLoader[2F3CCC40] can't load URL [https://app.freeconferencecall.com/api/v3/phonenumbers/binding?access_token=0000000000ACC6DF9076504AFC603724CA07B485404C805625AE964A4CA38CAD&client_app_id=f79ef745133e8c7e&rand=431&sig=d08223accb6c0565841ad9118f485afe]: The requested name is valid, but no data of the requested type was found
[2020-05-27 19:37:58.222] [   9672] [   FSAPP] [EVT] [HTTPRequest:253] Status code: httpStatus=0
[2020-05-27 19:37:58.222] [   9672] [   FSAPP] [EVT] [HTTPRequest:348] Detected downloaded data type 1
[2020-05-27 19:37:58.222] [   9672] [   FSAPP] [FLT] [HTTPRequest:243] MyHTTPLoader[2F3CCC40] data not received for URL [https://app.freeconferencecall.com/api/v3/phonenumbers/binding?access_token=0000000000ACC6DF9076504AFC603724CA07B485404C805625AE964A4CA38CAD&client_app_id=f79ef745133e8c7e&rand=431&sig=d08223accb6c0565841ad9118f485afe]
[2020-05-27 19:37:58.222] [   9672] [   FSAPP] [INF] [IOStream.cx:229] ClientConnection[390DE238] closed
[2020-05-27 19:37:58.222] [   9672] [   FSAPP] [INF] [IOStream.cx:229] SSLTransport[38A0DA40] closed
[2020-05-27 19:37:58.222] [   9672] [   FSAPP] [DBG] [HTTPLoader.:723] BaseHTTPLoader[2F3CCC40] - closed (in buffer 0 bytes)
[2020-05-27 19:37:58.222] [   9672] [   FSAPP] [FLT] [HTTPRequest:243] MyHTTPLoader[2F3CCC40] data not received for URL [https://app.freeconferencecall.com/api/v3/phonenumbers/binding?access_token=0000000000ACC6DF9076504AFC603724CA07B485404C805625AE964A4CA38CAD&client_app_id=f79ef745133e8c7e&rand=431&sig=d08223accb6c0565841ad9118f485afe]
[2020-05-27 19:37:58.222] [   9672] [   FSAPP] [MA1] [IOStream.cxx:27] ClientConnection[390DE238:125]::~IOStream()
[2020-05-27 19:37:58.222] [   9672] [   FSAPP] [MA1] [WinSSLEngin:183] WinSSLTransport::~WinSSLTransport(38A0DA40)
[2020-05-27 19:37:58.222] [   9672] [   FSAPP] [MA1] [IOStream.cxx:27] SSLTransport[38A0DA40:124]::~IOStream()
[2020-05-27 19:37:58.222] [   9672] [   FSAPP] [EVT] [HTTPRequest:437] Deleting HTTP request to https://app.freeconferencecall.com/api/v3/phonenumbers/binding
[2020-05-27 19:37:58.222] [   9672] [   FSAPP] [MA1] [HTTPLoader.:111] BaseHTTPLoader::~BaseHTTPLoader(2F3CCC40)
[2020-05-27 19:38:01.356] [   9672] [   FSDCT] [DBG] [FSDesktopCa:258] FSDCT reset capture engine by idle ...
[2020-05-27 19:38:37.674] [   9672] [    TEAM] [DBG] [EventLoop.cx:20] The previous message repeated 1 times
[2020-05-27 19:38:37.674] [   9672] [    TEAM] [DBG] [EventLoop.cx:20] EventLoop::setupIdleHolder ...
[2020-05-27 19:38:38.943] [   9672] [   FSDCT] [DBG] [FSDesktopCa:258] The previous message repeated 2 times
[2020-05-27 19:38:38.943] [   9672] [   FSDCT] [DBG] [FSDesktopCa:258] FSDCT reset capture engine by idle ...
[2020-05-27 19:39:37.676] [   9672] [   WSSIP] [DBG] [EventLoop.cx:20] The previous message repeated 3 times
[2020-05-27 19:39:37.676] [   9672] [   WSSIP] [DBG] [EventLoop.cx:20] EventLoop::setupIdleHolder ...
[2020-05-27 19:39:54.377] [   9672] [   FSDCT] [DBG] [FSDesktopCa:258] The previous message repeated 2 times
[2020-05-27 19:39:54.377] [   9672] [   FSDCT] [DBG] [FSDesktopCa:258] FSDCT reset capture engine by idle ...
[2020-05-27 21:27:49.831] [   9672] [    TEAM] [DBG] [EventLoop.cx:20] The previous message repeated 2 times
[2020-05-27 21:27:49.831] [   9672] [    TEAM] [DBG] [EventLoop.cx:20] EventLoop::setupIdleHolder ...
[2020-05-27 21:28:03.289] [   9672] [   FSDCT] [DBG] [FSDesktopCa:258] The previous message repeated 2 times
[2020-05-27 21:28:03.289] [   9672] [   FSDCT] [DBG] [FSDesktopCa:258] FSDCT reset capture engine by idle ...
[2020-05-27 21:28:49.832] [   9672] [   WSSIP] [DBG] [EventLoop.cx:20] The previous message repeated 2 times
[2020-05-27 21:28:49.832] [   9672] [   WSSIP] [DBG] [EventLoop.cx:20] EventLoop::setupIdleHolder ...
[2020-05-27 21:28:59.678] [   9672] [   FSDCT] [DBG] [FSDesktopCa:258] The previous message repeated 2 times
[2020-05-27 21:28:59.678] [   9672] [   FSDCT] [DBG] [FSDesktopCa:258] FSDCT reset capture engine by idle ...
[2020-05-27 21:29:49.833] [   9672] [    TEAM] [DBG] [EventLoop.cx:20] The previous message repeated 2 times
[2020-05-27 21:29:49.833] [   9672] [    TEAM] [DBG] [EventLoop.cx:20] EventLoop::setupIdleHolder ...
[2020-05-27 21:29:56.072] [   9672] [   FSDCT] [DBG] [FSDesktopCa:258] The previous message repeated 2 times
[2020-05-27 21:29:56.072] [   9672] [   FSDCT] [DBG] [FSDesktopCa:258] FSDCT reset capture engine by idle ...
[2020-05-27 21:30:49.833] [   9672] [   WSSIP] [DBG] [EventLoop.cx:20] The previous message repeated 2 times
[2020-05-27 21:30:49.833] [   9672] [   WSSIP] [DBG] [EventLoop.cx:20] EventLoop::setupIdleHolder ...
[2020-05-27 21:30:52.461] [   9672] [   FSDCT] [DBG] [FSDesktopCa:258] The previous message repeated 2 times
[2020-05-27 21:30:52.461] [   9672] [   FSDCT] [DBG] [FSDesktopCa:258] FSDCT reset capture engine by idle ...
[2020-05-27 21:31:49.840] [   9672] [   WSSIP] [DBG] [EventLoop.cx:20] The previous message repeated 3 times
[2020-05-27 21:31:49.840] [   9672] [   WSSIP] [DBG] [EventLoop.cx:20] EventLoop::setupIdleHolder ...
[2020-05-27 21:32:07.681] [   9672] [   FSDCT] [DBG] [FSDesktopCa:258] The previous message repeated 2 times
[2020-05-27 21:32:07.681] [   9672] [   FSDCT] [DBG] [FSDesktopCa:258] FSDCT reset capture engine by idle ...
[2020-05-27 21:32:49.848] [   9672] [    TEAM] [DBG] [EventLoop.cx:20] The previous message repeated 2 times
[2020-05-27 21:32:49.848] [   9672] [    TEAM] [DBG] [EventLoop.cx:20] EventLoop::setupIdleHolder ...
[2020-05-27 21:33:04.102] [   9672] [   FSDCT] [DBG] [FSDesktopCa:258] The previous message repeated 2 times
[2020-05-27 21:33:04.102] [   9672] [   FSDCT] [DBG] [FSDesktopCa:258] FSDCT reset capture engine by idle ...
[2020-05-27 21:33:49.849] [   9672] [   WSSIP] [DBG] [EventLoop.cx:20] The previous message repeated 2 times
[2020-05-27 21:33:49.849] [   9672] [   WSSIP] [DBG] [EventLoop.cx:20] EventLoop::setupIdleHolder ...
[2020-05-27 21:34:00.567] [   9672] [   FSDCT] [DBG] [FSDesktopCa:258] The previous message repeated 2 times
[2020-05-27 21:34:00.567] [   9672] [   FSDCT] [DBG] [FSDesktopCa:258] FSDCT reset capture engine by idle ...
[2020-05-27 21:34:49.860] [   9672] [   WSSIP] [DBG] [EventLoop.cx:20] The previous message repeated 2 times
[2020-05-27 21:34:49.860] [   9672] [   WSSIP] [DBG] [EventLoop.cx:20] EventLoop::setupIdleHolder ...
[2020-05-27 21:34:56.985] [   9672] [   FSDCT] [DBG] [FSDesktopCa:258] The previous message repeated 2 times
[2020-05-27 21:34:56.985] [   9672] [   FSDCT] [DBG] [FSDesktopCa:258] FSDCT reset capture engine by idle ...
[2020-05-27 21:35:49.870] [   9672] [    TEAM] [DBG] [EventLoop.cx:20] The previous message repeated 2 times
[2020-05-27 21:35:49.870] [   9672] [    TEAM] [DBG] [EventLoop.cx:20] EventLoop::setupIdleHolder ...
[2020-05-27 21:35:53.401] [   9672] [   FSDCT] [DBG] [FSDesktopCa:258] The previous message repeated 2 times
[2020-05-27 21:35:53.401] [   9672] [   FSDCT] [DBG] [FSDesktopCa:258] FSDCT reset capture engine by idle ...
[2020-05-27 21:36:49.882] [   9672] [    TEAM] [DBG] [EventLoop.cx:20] The previous message repeated 3 times
[2020-05-27 21:36:49.882] [   9672] [    TEAM] [DBG] [EventLoop.cx:20] EventLoop::setupIdleHolder ...
[2020-05-27 21:37:08.584] [   9672] [   FSDCT] [DBG] [FSDesktopCa:258] The previous message repeated 2 times
[2020-05-27 21:37:08.584] [   9672] [   FSDCT] [DBG] [FSDesktopCa:258] FSDCT reset capture engine by idle ...
[2020-05-27 21:37:49.892] [   9672] [   WSSIP] [DBG] [EventLoop.cx:20] The previous message repeated 2 times
[2020-05-27 21:37:49.892] [   9672] [   WSSIP] [DBG] [EventLoop.cx:20] EventLoop::setupIdleHolder ...
[2020-05-27 21:38:05.000] [   9672] [   FSDCT] [DBG] [FSDesktopCa:258] The previous message repeated 2 times
[2020-05-27 21:38:05.000] [   9672] [   FSDCT] [DBG] [FSDesktopCa:258] FSDCT reset capture engine by idle ...
[2020-05-27 21:38:49.903] [   9672] [   WSSIP] [DBG] [EventLoop.cx:20] The previous message repeated 2 times
[2020-05-27 21:38:49.903] [   9672] [   WSSIP] [DBG] [EventLoop.cx:20] EventLoop::setupIdleHolder ...
[2020-05-27 21:39:01.387] [   9672] [   FSDCT] [DBG] [FSDesktopCa:258] The previous message repeated 2 times
[2020-05-27 21:39:01.387] [   9672] [   FSDCT] [DBG] [FSDesktopCa:258] FSDCT reset capture engine by idle ...
[2020-05-27 21:39:49.915] [   9672] [    TEAM] [DBG] [EventLoop.cx:20] The previous message repeated 2 times
[2020-05-27 21:39:49.915] [   9672] [    TEAM] [DBG] [EventLoop.cx:20] EventLoop::setupIdleHolder ...
[2020-05-27 21:39:57.899] [   9672] [   FSDCT] [DBG] [FSDesktopCa:258] The previous message repeated 2 times
[2020-05-27 21:39:57.899] [   9672] [   FSDCT] [DBG] [FSDesktopCa:258] FSDCT reset capture engine by idle ...
[2020-05-27 21:40:49.927] [   9672] [   WSSIP] [DBG] [EventLoop.cx:20] The previous message repeated 2 times
[2020-05-27 21:40:49.927] [   9672] [   WSSIP] [DBG] [EventLoop.cx:20] EventLoop::setupIdleHolder ...
[2020-05-27 21:40:54.286] [   9672] [   FSDCT] [DBG] [FSDesktopCa:258] The previous message repeated 2 times
[2020-05-27 21:40:54.286] [   9672] [   FSDCT] [DBG] [FSDesktopCa:258] FSDCT reset capture engine by idle ...
[2020-05-27 21:41:49.938] [   9672] [    TEAM] [DBG] [EventLoop.cx:20] The previous message repeated 2 times
[2020-05-27 21:41:49.938] [   9672] [    TEAM] [DBG] [EventLoop.cx:20] EventLoop::setupIdleHolder ...
[2020-05-27 21:41:50.704] [   9672] [   FSDCT] [DBG] [FSDesktopCa:258] The previous message repeated 2 times
[2020-05-27 21:41:50.704] [   9672] [   FSDCT] [DBG] [FSDesktopCa:258] FSDCT reset capture engine by idle ...
[2020-05-27 21:42:49.950] [   9672] [   WSSIP] [DBG] [EventLoop.cx:20] The previous message repeated 3 times
[2020-05-27 21:42:49.950] [   9672] [   WSSIP] [DBG] [EventLoop.cx:20] EventLoop::setupIdleHolder ...
[2020-05-27 21:43:05.886] [   9672] [   FSDCT] [DBG] [FSDesktopCa:258] The previous message repeated 2 times
[2020-05-27 21:43:05.886] [   9672] [   FSDCT] [DBG] [FSDesktopCa:258] FSDCT reset capture engine by idle ...
[2020-05-27 23:57:35.514] [   9672] [    MAIN] [DBG] [APIv3.tis   :68] The previous message repeated 2 times
[2020-05-27 23:57:35.514] [   9672] [    MAIN] [EVT] [APIv3.tis   :68] Sciter script: [webapi] Start request PhoneNumberBinding params={ttl:14400,guid:"c868107f-ca13-4a64-beb0-9d254c8c0e04"} and null
[2020-05-27 23:57:35.514] [   9672] [    MAIN] [INF] [WebServiceP:132] [cx][webapi] Start request
[2020-05-27 23:57:35.514] [   9672] [    MAIN] [INF] [WebAPIv3Wra:409] [webapi] bindPhoneNumber with ttl=14400, guid=c868107f-ca13-4a64-beb0-9d254c8c0e04
[2020-05-27 23:57:35.514] [   9672] [    MAIN] [MA1] [HTTPLoader.:103] BaseHTTPLoader::BaseHTTPLoader(2F3CD930)
[2020-05-27 23:57:35.514] [   9672] [   FSAPP] [INF] [HTTPLoader.:206] BaseHTTPLoader[2F3CD930] - load URL: https://app.freeconferencecall.com/api/v3/phonenumbers/binding?access_token=0000000000ACC6DF9076504AFC603724CA07B485404C805625AE964A4CA38CAD&client_app_id=f79ef745133e8c7e&rand=11&sig=34b2ee1ce0153c1c1d9238426e928d47 [proxy: :0]
[2020-05-27 23:57:35.514] [   9672] [   FSAPP] [MA1] [IOStream.cxx:22] SSLTransport[38A0CE40:126]::IOStream()
[2020-05-27 23:57:35.514] [   9672] [   FSAPP] [MA1] [WinSSLEngin:170] WinSSLTransport::WinSSLTransport(38A0CE40)
[2020-05-27 23:57:35.514] [   9672] [   FSAPP] [MA1] [IOStream.cxx:22] ClientConnection[390DEFA0:127]::IOStream()
[2020-05-27 23:57:36.448] [   9672] [   FSAPP] [DBG] [ClientConne:134] ClientConnection[390DEFA0]::onResolved() ...
[2020-05-27 23:57:36.448] [   9672] [   FSAPP] [FLT] [HTTPLoader.:152] BaseHTTPLoader[2F3CD930] can't load URL [https://app.freeconferencecall.com/api/v3/phonenumbers/binding?access_token=0000000000ACC6DF9076504AFC603724CA07B485404C805625AE964A4CA38CAD&client_app_id=f79ef745133e8c7e&rand=11&sig=34b2ee1ce0153c1c1d9238426e928d47]: No such host is known
[2020-05-27 23:57:36.448] [   9672] [   FSAPP] [EVT] [HTTPRequest:253] Status code: httpStatus=0
[2020-05-27 23:57:36.448] [   9672] [   FSAPP] [EVT] [HTTPRequest:348] Detected downloaded data type 1
[2020-05-27 23:57:36.448] [   9672] [   FSAPP] [FLT] [HTTPRequest:243] MyHTTPLoader[2F3CD930] data not received for URL [https://app.freeconferencecall.com/api/v3/phonenumbers/binding?access_token=0000000000ACC6DF9076504AFC603724CA07B485404C805625AE964A4CA38CAD&client_app_id=f79ef745133e8c7e&rand=11&sig=34b2ee1ce0153c1c1d9238426e928d47]
[2020-05-27 23:57:36.448] [   9672] [   FSAPP] [INF] [IOStream.cx:229] ClientConnection[390DEFA0] closed
[2020-05-27 23:57:36.448] [   9672] [   FSAPP] [INF] [IOStream.cx:229] SSLTransport[38A0CE40] closed
[2020-05-27 23:57:36.448] [   9672] [   FSAPP] [DBG] [HTTPLoader.:723] BaseHTTPLoader[2F3CD930] - closed (in buffer 0 bytes)
[2020-05-27 23:57:36.448] [   9672] [   FSAPP] [FLT] [HTTPRequest:243] MyHTTPLoader[2F3CD930] data not received for URL [https://app.freeconferencecall.com/api/v3/phonenumbers/binding?access_token=0000000000ACC6DF9076504AFC603724CA07B485404C805625AE964A4CA38CAD&client_app_id=f79ef745133e8c7e&rand=11&sig=34b2ee1ce0153c1c1d9238426e928d47]
[2020-05-27 23:57:36.448] [   9672] [   FSAPP] [MA1] [IOStream.cxx:27] ClientConnection[390DEFA0:127]::~IOStream()
[2020-05-27 23:57:36.448] [   9672] [   FSAPP] [MA1] [WinSSLEngin:183] WinSSLTransport::~WinSSLTransport(38A0CE40)
[2020-05-27 23:57:36.448] [   9672] [   FSAPP] [MA1] [IOStream.cxx:27] SSLTransport[38A0CE40:126]::~IOStream()
[2020-05-27 23:57:36.448] [   9672] [   FSAPP] [EVT] [HTTPRequest:437] Deleting HTTP request to https://app.freeconferencecall.com/api/v3/phonenumbers/binding
[2020-05-27 23:57:36.448] [   9672] [   FSAPP] [MA1] [HTTPLoader.:111] BaseHTTPLoader::~BaseHTTPLoader(2F3CD930)
[2020-05-27 23:57:38.399] [   9672] [   WSSIP] [DBG] [EventLoop.cx:20] EventLoop::setupIdleHolder ...
[2020-05-27 23:57:51.534] [   9672] [   FSDCT] [DBG] [FSDesktopCa:258] The previous message repeated 2 times
[2020-05-27 23:57:51.534] [   9672] [   FSDCT] [DBG] [FSDesktopCa:258] FSDCT reset capture engine by idle ...
[2020-05-27 23:58:38.410] [   9672] [    TEAM] [DBG] [EventLoop.cx:20] The previous message repeated 2 times
[2020-05-27 23:58:38.410] [   9672] [    TEAM] [DBG] [EventLoop.cx:20] EventLoop::setupIdleHolder ...
[2020-05-27 23:58:47.936] [   9672] [   FSDCT] [DBG] [FSDesktopCa:258] The previous message repeated 2 times
[2020-05-27 23:58:47.936] [   9672] [   FSDCT] [DBG] [FSDesktopCa:258] FSDCT reset capture engine by idle ...
[2020-05-27 23:59:38.423] [   9672] [   WSSIP] [DBG] [EventLoop.cx:20] The previous message repeated 2 times
[2020-05-27 23:59:38.423] [   9672] [   WSSIP] [DBG] [EventLoop.cx:20] EventLoop::setupIdleHolder ...
[2020-05-27 23:59:44.314] [   9672] [   FSDCT] [DBG] [FSDesktopCa:258] The previous message repeated 2 times
[2020-05-27 23:59:44.314] [   9672] [   FSDCT] [DBG] [FSDesktopCa:258] FSDCT reset capture engine by idle ...
[2020-05-28 06:08:49.546] [   9672] [    MAIN] [EVT] [LoggingSyst:262] Rotate log to: C:\Users\syam prasad/.fcc\FCC_27-5-20.log
