[2020-05-26 08:30:51.278] [   9672] [    MAIN] [DBG] [CheckUpdate:175] The previous message repeated 2 times
[2020-05-26 08:30:51.278] [   9672] [    MAIN] [EVT] [CheckUpdate:175] Sciter script: Start downloading config at https://nc-appcfg01.freeconferencecall.com/config
[2020-05-26 08:30:51.278] [   9672] [   FSDCT] [DBG] [FSDesktopCa:258] FSDCT reset capture engine by idle ...
[2020-05-26 08:30:51.278] [   9672] [    MAIN] [MA1] [HTTPLoader.:103] BaseHTTPLoader::BaseHTTPLoader(3008CB48)
[2020-05-26 08:30:51.278] [   9672] [   FSAPP] [INF] [HTTPLoader.:206] BaseHTTPLoader[3008CB48] - load URL: https://nc-appcfg01.freeconferencecall.com/config?build_version=3.0.7079&system_version=Windows-10.1903&system_platform=win&query_action=check_update [proxy: :0]
[2020-05-26 08:30:51.637] [   9672] [   FSAPP] [MA1] [IOStream.cxx:22] SSLTransport[38A0CA40:112]::IOStream()
[2020-05-26 08:30:51.637] [   9672] [   FSAPP] [MA1] [WinSSLEngin:170] WinSSLTransport::WinSSLTransport(38A0CA40)
[2020-05-26 08:30:51.637] [   9672] [   FSAPP] [MA1] [IOStream.cxx:22] ClientConnection[390DEFA0:113]::IOStream()
[2020-05-26 08:30:51.637] [   9672] [   FSAPP] [DBG] [ClientConne:134] ClientConnection[390DEFA0]::onResolved() ...
[2020-05-26 08:30:51.637] [   9672] [   FSAPP] [FLT] [HTTPRequest:333] MyHTTPLoader[3008CB48] data not received for URL [https://nc-appcfg01.freeconferencecall.com/config?build_version=3.0.7079&system_version=Windows-10.1903&system_platform=win&query_action=check_update]
[2020-05-26 08:30:51.637] [   9672] [   FSAPP] [INF] [IOStream.cx:229] ClientConnection[390DEFA0] closed
[2020-05-26 08:30:51.637] [   9672] [   FSAPP] [INF] [IOStream.cx:229] SSLTransport[38A0CA40] closed
[2020-05-26 08:30:51.637] [   9672] [   FSAPP] [DBG] [HTTPLoader.:723] BaseHTTPLoader[3008CB48] - closed (in buffer 0 bytes)
[2020-05-26 08:30:51.637] [   9672] [   FSAPP] [MA1] [IOStream.cxx:27] ClientConnection[390DEFA0:113]::~IOStream()
[2020-05-26 08:30:51.637] [   9672] [   FSAPP] [MA1] [WinSSLEngin:183] WinSSLTransport::~WinSSLTransport(38A0CA40)
[2020-05-26 08:30:51.637] [   9672] [   FSAPP] [MA1] [IOStream.cxx:27] SSLTransport[38A0CA40:112]::~IOStream()
[2020-05-26 08:30:51.887] [   9672] [    MAIN] [INF] [TrayWindow.:407] OS power state event: PBT_POWERSETTINGCHANGE
[2020-05-26 08:30:51.887] [   9672] [    MAIN] [INF] [TrayWindow.:417] POWERBROADCAST_SETTING - GUID: {BA3E0F4D-B817-4094-A2D1-D56379E6A0F3} data size: 4
[2020-05-26 08:30:51.887] [   9672] [    MAIN] [INF] [TrayWindow.:423] POWERBROADCAST_SETTING - lid state changed: 1
[2020-05-26 08:30:51.887] [   9672] [    MAIN] [INF] [TrayWindow.:368] OS power state event: Automatic Resume Event ( PBT_APMRESUMEAUTOMATIC ) Occurred & Captured.
System is resuming after suspension
[2020-05-26 08:30:51.965] [   9672] [    MAIN] [INF] [TrayWindow.:363] OS power state event: Resume Event ( PBT_APMRESUMESUSPEND ) Occurred & Captured.
System is resuming after suspension
[2020-05-26 08:30:51.965] [   9672] [    MAIN] [INF] [TrayWindow.:381] OS power state event: Power Status Change Event (PBT_APMPOWERSTATUSCHANGE) Captured & Handled
[2020-05-26 08:30:51.965] [   9672] [    MAIN] [INF] [TrayWindow.:392] OS power state event: You are on AC Power
[2020-05-26 08:30:51.965] [   9672] [    MAIN] [EVT] [HTTPRequest:347] Status code: httpStatus=0
[2020-05-26 08:30:51.981] [   9672] [    MAIN] [FLT] [CheckUpdate:195] Sciter script: Error loading https://nc-appcfg01.freeconferencecall.com/config 
[2020-05-26 08:30:51.981] [   9672] [    MAIN] [EVT] [HTTPRequest:306] Cancelled HTTP request to https://nc-appcfg01.freeconferencecall.com/config
[2020-05-26 08:30:51.981] [   9672] [    MAIN] [MA1] [HTTPLoader.:111] BaseHTTPLoader::~BaseHTTPLoader(3008CB48)
[2020-05-26 08:30:52.965] [   9672] [    MAIN] [EVT] [APIv3.tis   :68] Sciter script: [webapi] Start request PhoneNumberBinding params={ttl:14400,guid:"c868107f-ca13-4a64-beb0-9d254c8c0e04"} and null
[2020-05-26 08:30:53.028] [   9672] [    MAIN] [INF] [WebServiceP:132] [cx][webapi] Start request
[2020-05-26 08:30:53.028] [   9672] [    MAIN] [INF] [WebAPIv3Wra:409] [webapi] bindPhoneNumber with ttl=14400, guid=c868107f-ca13-4a64-beb0-9d254c8c0e04
[2020-05-26 08:30:53.356] [   9672] [    MAIN] [MA1] [HTTPLoader.:103] BaseHTTPLoader::BaseHTTPLoader(2FFE2FF0)
[2020-05-26 08:30:53.356] [   9672] [   FSAPP] [INF] [HTTPLoader.:206] BaseHTTPLoader[2FFE2FF0] - load URL: https://app.freeconferencecall.com/api/v3/phonenumbers/binding?access_token=0000000000ACC6DF9076504AFC603724CA07B485404C805625AE964A4CA38CAD&client_app_id=f79ef745133e8c7e&rand=503&sig=5915f45c97bae0f0156c7b3a059fdfa2 [proxy: :0]
[2020-05-26 08:30:53.356] [   9672] [   FSAPP] [MA1] [IOStream.cxx:22] SSLTransport[38A0DE40:114]::IOStream()
[2020-05-26 08:30:53.356] [   9672] [   FSAPP] [MA1] [WinSSLEngin:170] WinSSLTransport::WinSSLTransport(38A0DE40)
[2020-05-26 08:30:53.356] [   9672] [   FSAPP] [MA1] [IOStream.cxx:22] ClientConnection[390DF348:115]::IOStream()
[2020-05-26 08:30:53.356] [   9672] [   FSAPP] [DBG] [ClientConne:134] ClientConnection[390DF348]::onResolved() ...
[2020-05-26 08:30:53.356] [   9672] [   FSAPP] [FLT] [HTTPLoader.:152] BaseHTTPLoader[2FFE2FF0] can't load URL [https://app.freeconferencecall.com/api/v3/phonenumbers/binding?access_token=0000000000ACC6DF9076504AFC603724CA07B485404C805625AE964A4CA38CAD&client_app_id=f79ef745133e8c7e&rand=503&sig=5915f45c97bae0f0156c7b3a059fdfa2]: The requested name is valid, but no data of the requested type was found
[2020-05-26 08:30:53.356] [   9672] [   FSAPP] [EVT] [HTTPRequest:253] Status code: httpStatus=0
[2020-05-26 08:30:53.356] [   9672] [   FSAPP] [EVT] [HTTPRequest:348] Detected downloaded data type 1
[2020-05-26 08:30:53.356] [   9672] [   FSAPP] [FLT] [HTTPRequest:243] MyHTTPLoader[2FFE2FF0] data not received for URL [https://app.freeconferencecall.com/api/v3/phonenumbers/binding?access_token=0000000000ACC6DF9076504AFC603724CA07B485404C805625AE964A4CA38CAD&client_app_id=f79ef745133e8c7e&rand=503&sig=5915f45c97bae0f0156c7b3a059fdfa2]
[2020-05-26 08:30:53.356] [   9672] [   FSAPP] [INF] [IOStream.cx:229] ClientConnection[390DF348] closed
[2020-05-26 08:30:53.356] [   9672] [   FSAPP] [INF] [IOStream.cx:229] SSLTransport[38A0DE40] closed
[2020-05-26 08:30:53.356] [   9672] [   FSAPP] [DBG] [HTTPLoader.:723] BaseHTTPLoader[2FFE2FF0] - closed (in buffer 0 bytes)
[2020-05-26 08:30:53.356] [   9672] [   FSAPP] [FLT] [HTTPRequest:243] MyHTTPLoader[2FFE2FF0] data not received for URL [https://app.freeconferencecall.com/api/v3/phonenumbers/binding?access_token=0000000000ACC6DF9076504AFC603724CA07B485404C805625AE964A4CA38CAD&client_app_id=f79ef745133e8c7e&rand=503&sig=5915f45c97bae0f0156c7b3a059fdfa2]
[2020-05-26 08:30:53.356] [   9672] [   FSAPP] [MA1] [IOStream.cxx:27] ClientConnection[390DF348:115]::~IOStream()
[2020-05-26 08:30:53.356] [   9672] [   FSAPP] [MA1] [WinSSLEngin:183] WinSSLTransport::~WinSSLTransport(38A0DE40)
[2020-05-26 08:30:53.356] [   9672] [   FSAPP] [MA1] [IOStream.cxx:27] SSLTransport[38A0DE40:114]::~IOStream()
[2020-05-26 08:30:53.356] [   9672] [   FSAPP] [EVT] [HTTPRequest:437] Deleting HTTP request to https://app.freeconferencecall.com/api/v3/phonenumbers/binding
[2020-05-26 08:30:53.356] [   9672] [   FSAPP] [MA1] [HTTPLoader.:111] BaseHTTPLoader::~BaseHTTPLoader(2FFE2FF0)
[2020-05-26 08:30:53.449] [   9672] [    MAIN] [FLT] [APIv3.tis   :89] Sciter script: [webapi] Failed request PhoneNumberBinding: error = [#network,undefined]
[2020-05-26 08:31:10.026] [   9672] [   FSDCT] [DBG] [FSDesktopCa:258] FSDCT reset capture engine by idle ...
[2020-05-26 08:31:15.542] [   9672] [    MAIN] [INF] [TrayWindow.:381] OS power state event: Power Status Change Event (PBT_APMPOWERSTATUSCHANGE) Captured & Handled
[2020-05-26 08:31:15.542] [   9672] [    MAIN] [INF] [TrayWindow.:392] OS power state event: You are on AC Power
[2020-05-26 08:31:16.479] [   9672] [   FSAPP] [EVT] [MeetingClie:161] stopClient
[2020-05-26 08:31:16.479] [   9672] [   FSAPP] [DBG] [SIPEngine.c:264] SIPEngine::notify [2]
[2020-05-26 08:31:16.479] [   9672] [   WSSIP] [DBG] [SIPEngine.c:107] SIPEngine::doNotify [2]
[2020-05-26 08:31:16.479] [   9672] [   FSAPP] [EVT] [MeetingCli:1273] MeetingClient::onTransportCallHungUp iCode = 3
[2020-05-26 08:31:16.510] [   9672] [    MAIN] [INF] [TrayWindow.:359] OS power state event: Suspend Event ( PBT_APMSUSPEND ) Occurred & Captured Possibly due to Stand-By/Hibernate/Sleep Operation.
System is transiting to suspended state
[2020-05-26 08:34:47.256] [   9672] [    MAIN] [INF] [TrayWindow.:368] OS power state event: Automatic Resume Event ( PBT_APMRESUMEAUTOMATIC ) Occurred & Captured.
System is resuming after suspension
[2020-05-26 08:34:47.268] [   9672] [    MAIN] [INF] [TrayWindow.:363] OS power state event: Resume Event ( PBT_APMRESUMESUSPEND ) Occurred & Captured.
System is resuming after suspension
[2020-05-26 08:34:54.431] [   9672] [   FSDCT] [DBG] [FSDesktopCa:258] FSDCT reset capture engine by idle ...
[2020-05-26 08:35:04.680] [   9672] [    asio] [DBG] [EventLoop.cx:20] EventLoop::setupIdleHolder ...
[2020-05-26 08:35:13.226] [   9672] [   FSDCT] [DBG] [FSDesktopCa:258] The previous message repeated 2 times
[2020-05-26 08:35:13.226] [   9672] [   FSDCT] [DBG] [FSDesktopCa:258] FSDCT reset capture engine by idle ...
[2020-05-26 08:35:30.634] [   9672] [    MAIN] [INF] [PlatformWind:92] wnd receiver 00030484 is alive=1
[2020-05-26 08:35:32.024] [   9672] [   FSDCT] [DBG] [FSDesktopCa:258] FSDCT reset capture engine by idle ...
[2020-05-26 08:35:33.212] [   9672] [    MAIN] [INF] [PlatformWind:92] wnd receiver 00030484 is alive=1
[2020-05-26 08:35:50.838] [   9672] [   FSDCT] [DBG] [FSDesktopCa:258] FSDCT reset capture engine by idle ...
[2020-05-26 08:36:04.681] [   9672] [    TEAM] [DBG] [EventLoop.cx:20] EventLoop::setupIdleHolder ...
[2020-05-26 08:36:09.629] [   9672] [   FSDCT] [DBG] [FSDesktopCa:258] The previous message repeated 2 times
[2020-05-26 08:36:09.629] [   9672] [   FSDCT] [DBG] [FSDesktopCa:258] FSDCT reset capture engine by idle ...
[2020-05-26 08:36:51.319] [   9672] [    MAIN] [DBG] [UI/windows/:297] The previous message repeated 2 times
[2020-05-26 08:36:51.319] [   9672] [    MAIN] [EVT] [UI/windows/:297] Check isBusy, m_bLoaded=1
[2020-05-26 08:37:04.682] [   9672] [    asio] [EVT] [EventLoop.cx:20] The previous message repeated 4 times
[2020-05-26 08:37:04.682] [   9672] [    asio] [DBG] [EventLoop.cx:20] EventLoop::setupIdleHolder ...
[2020-05-26 08:37:06.054] [   9672] [   FSDCT] [DBG] [FSDesktopCa:258] The previous message repeated 2 times
[2020-05-26 08:37:06.054] [   9672] [   FSDCT] [DBG] [FSDesktopCa:258] FSDCT reset capture engine by idle ...
[2020-05-26 08:38:04.682] [   9672] [    TEAM] [DBG] [EventLoop.cx:20] The previous message repeated 3 times
[2020-05-26 08:38:04.682] [   9672] [    TEAM] [DBG] [EventLoop.cx:20] EventLoop::setupIdleHolder ...
[2020-05-26 08:38:21.303] [   9672] [   FSDCT] [DBG] [FSDesktopCa:258] The previous message repeated 2 times
[2020-05-26 08:38:21.303] [   9672] [   FSDCT] [DBG] [FSDesktopCa:258] FSDCT reset capture engine by idle ...
[2020-05-26 08:39:04.683] [   9672] [   WSSIP] [DBG] [EventLoop.cx:20] The previous message repeated 2 times
[2020-05-26 08:39:04.683] [   9672] [   WSSIP] [DBG] [EventLoop.cx:20] EventLoop::setupIdleHolder ...
[2020-05-26 08:39:17.694] [   9672] [   FSDCT] [DBG] [FSDesktopCa:258] The previous message repeated 2 times
[2020-05-26 08:39:17.694] [   9672] [   FSDCT] [DBG] [FSDesktopCa:258] FSDCT reset capture engine by idle ...
[2020-05-26 08:40:04.683] [   9672] [    TEAM] [DBG] [EventLoop.cx:20] The previous message repeated 2 times
[2020-05-26 08:40:04.683] [   9672] [    TEAM] [DBG] [EventLoop.cx:20] EventLoop::setupIdleHolder ...
[2020-05-26 08:40:14.128] [   9672] [   FSDCT] [DBG] [FSDesktopCa:258] The previous message repeated 2 times
[2020-05-26 08:40:14.128] [   9672] [   FSDCT] [DBG] [FSDesktopCa:258] FSDCT reset capture engine by idle ...
[2020-05-26 08:41:04.685] [   9672] [    TEAM] [DBG] [EventLoop.cx:20] The previous message repeated 2 times
[2020-05-26 08:41:04.685] [   9672] [    TEAM] [DBG] [EventLoop.cx:20] EventLoop::setupIdleHolder ...
[2020-05-26 08:41:10.693] [   9672] [   FSDCT] [DBG] [FSDesktopCa:258] The previous message repeated 2 times
[2020-05-26 08:41:10.693] [   9672] [   FSDCT] [DBG] [FSDesktopCa:258] FSDCT reset capture engine by idle ...
[2020-05-26 08:42:04.687] [   9672] [    TEAM] [DBG] [EventLoop.cx:20] The previous message repeated 2 times
[2020-05-26 08:42:04.687] [   9672] [    TEAM] [DBG] [EventLoop.cx:20] EventLoop::setupIdleHolder ...
[2020-05-26 08:42:07.335] [   9672] [   FSDCT] [DBG] [FSDesktopCa:258] The previous message repeated 2 times
[2020-05-26 08:42:07.335] [   9672] [   FSDCT] [DBG] [FSDesktopCa:258] FSDCT reset capture engine by idle ...
[2020-05-26 08:43:04.691] [   9672] [    asio] [DBG] [EventLoop.cx:20] The previous message repeated 3 times
[2020-05-26 08:43:04.691] [   9672] [    asio] [DBG] [EventLoop.cx:20] EventLoop::setupIdleHolder ...
[2020-05-26 08:43:23.063] [   9672] [   FSDCT] [DBG] [FSDesktopCa:258] The previous message repeated 2 times
[2020-05-26 08:43:23.063] [   9672] [   FSDCT] [DBG] [FSDesktopCa:258] FSDCT reset capture engine by idle ...
[2020-05-26 08:44:04.695] [   9672] [   WSSIP] [DBG] [EventLoop.cx:20] The previous message repeated 2 times
[2020-05-26 08:44:04.695] [   9672] [   WSSIP] [DBG] [EventLoop.cx:20] EventLoop::setupIdleHolder ...
[2020-05-26 08:44:19.866] [   9672] [   FSDCT] [DBG] [FSDesktopCa:258] The previous message repeated 2 times
[2020-05-26 08:44:19.866] [   9672] [   FSDCT] [DBG] [FSDesktopCa:258] FSDCT reset capture engine by idle ...
[2020-05-26 08:45:04.710] [   9672] [    TEAM] [DBG] [EventLoop.cx:20] The previous message repeated 2 times
[2020-05-26 08:45:04.710] [   9672] [    TEAM] [DBG] [EventLoop.cx:20] EventLoop::setupIdleHolder ...
[2020-05-26 08:45:16.584] [   9672] [   FSDCT] [DBG] [FSDesktopCa:258] The previous message repeated 2 times
[2020-05-26 08:45:16.584] [   9672] [   FSDCT] [DBG] [FSDesktopCa:258] FSDCT reset capture engine by idle ...
[2020-05-26 08:46:04.711] [   9672] [    TEAM] [DBG] [EventLoop.cx:20] The previous message repeated 2 times
[2020-05-26 08:46:04.711] [   9672] [    TEAM] [DBG] [EventLoop.cx:20] EventLoop::setupIdleHolder ...
[2020-05-26 08:46:13.298] [   9672] [   FSDCT] [DBG] [FSDesktopCa:258] The previous message repeated 2 times
[2020-05-26 08:46:13.298] [   9672] [   FSDCT] [DBG] [FSDesktopCa:258] FSDCT reset capture engine by idle ...
[2020-05-26 08:47:04.727] [   9672] [    asio] [DBG] [EventLoop.cx:20] The previous message repeated 2 times
[2020-05-26 08:47:04.727] [   9672] [    asio] [DBG] [EventLoop.cx:20] EventLoop::setupIdleHolder ...
[2020-05-26 08:47:09.742] [   9672] [   FSDCT] [DBG] [FSDesktopCa:258] The previous message repeated 2 times
[2020-05-26 08:47:09.742] [   9672] [   FSDCT] [DBG] [FSDesktopCa:258] FSDCT reset capture engine by idle ...
[2020-05-26 08:48:04.731] [   9672] [    TEAM] [DBG] [EventLoop.cx:20] The previous message repeated 2 times
[2020-05-26 08:48:04.731] [   9672] [    TEAM] [DBG] [EventLoop.cx:20] EventLoop::setupIdleHolder ...
[2020-05-26 08:48:06.236] [   9672] [   FSDCT] [DBG] [FSDesktopCa:258] The previous message repeated 2 times
[2020-05-26 08:48:06.236] [   9672] [   FSDCT] [DBG] [FSDesktopCa:258] FSDCT reset capture engine by idle ...
[2020-05-26 08:49:04.736] [   9672] [   WSSIP] [DBG] [EventLoop.cx:20] The previous message repeated 3 times
[2020-05-26 08:49:04.736] [   9672] [   WSSIP] [DBG] [EventLoop.cx:20] EventLoop::setupIdleHolder ...
[2020-05-26 08:49:21.803] [   9672] [   FSDCT] [DBG] [FSDesktopCa:258] The previous message repeated 2 times
[2020-05-26 08:49:21.803] [   9672] [   FSDCT] [DBG] [FSDesktopCa:258] FSDCT reset capture engine by idle ...
[2020-05-26 08:50:04.736] [   9672] [    TEAM] [DBG] [EventLoop.cx:20] The previous message repeated 2 times
[2020-05-26 08:50:04.736] [   9672] [    TEAM] [DBG] [EventLoop.cx:20] EventLoop::setupIdleHolder ...
[2020-05-26 08:50:18.206] [   9672] [   FSDCT] [DBG] [FSDesktopCa:258] The previous message repeated 2 times
[2020-05-26 08:50:18.206] [   9672] [   FSDCT] [DBG] [FSDesktopCa:258] FSDCT reset capture engine by idle ...
[2020-05-26 08:51:04.738] [   9672] [    asio] [DBG] [EventLoop.cx:20] The previous message repeated 2 times
[2020-05-26 08:51:04.738] [   9672] [    asio] [DBG] [EventLoop.cx:20] EventLoop::setupIdleHolder ...
[2020-05-26 08:51:14.602] [   9672] [   FSDCT] [DBG] [FSDesktopCa:258] The previous message repeated 2 times
[2020-05-26 08:51:14.602] [   9672] [   FSDCT] [DBG] [FSDesktopCa:258] FSDCT reset capture engine by idle ...
[2020-05-26 08:52:04.739] [   9672] [   WSSIP] [DBG] [EventLoop.cx:20] The previous message repeated 2 times
[2020-05-26 08:52:04.739] [   9672] [   WSSIP] [DBG] [EventLoop.cx:20] EventLoop::setupIdleHolder ...
[2020-05-26 08:52:10.989] [   9672] [   FSDCT] [DBG] [FSDesktopCa:258] The previous message repeated 2 times
[2020-05-26 08:52:10.989] [   9672] [   FSDCT] [DBG] [FSDesktopCa:258] FSDCT reset capture engine by idle ...
[2020-05-26 08:53:04.741] [   9672] [    TEAM] [DBG] [EventLoop.cx:20] The previous message repeated 2 times
[2020-05-26 08:53:04.741] [   9672] [    TEAM] [DBG] [EventLoop.cx:20] EventLoop::setupIdleHolder ...
[2020-05-26 08:53:07.378] [   9672] [   FSDCT] [DBG] [FSDesktopCa:258] The previous message repeated 2 times
[2020-05-26 08:53:07.378] [   9672] [   FSDCT] [DBG] [FSDesktopCa:258] FSDCT reset capture engine by idle ...
[2020-05-26 08:54:04.742] [   9672] [   WSSIP] [DBG] [EventLoop.cx:20] The previous message repeated 3 times
[2020-05-26 08:54:04.742] [   9672] [   WSSIP] [DBG] [EventLoop.cx:20] EventLoop::setupIdleHolder ...
[2020-05-26 08:54:22.569] [   9672] [   FSDCT] [DBG] [FSDesktopCa:258] The previous message repeated 2 times
[2020-05-26 08:54:22.569] [   9672] [   FSDCT] [DBG] [FSDesktopCa:258] FSDCT reset capture engine by idle ...
[2020-05-26 08:55:04.743] [   9672] [   WSSIP] [DBG] [EventLoop.cx:20] The previous message repeated 2 times
[2020-05-26 08:55:04.743] [   9672] [   WSSIP] [DBG] [EventLoop.cx:20] EventLoop::setupIdleHolder ...
[2020-05-26 08:55:18.957] [   9672] [   FSDCT] [DBG] [FSDesktopCa:258] The previous message repeated 2 times
[2020-05-26 08:55:18.957] [   9672] [   FSDCT] [DBG] [FSDesktopCa:258] FSDCT reset capture engine by idle ...
[2020-05-26 08:56:04.744] [   9672] [    asio] [DBG] [EventLoop.cx:20] The previous message repeated 2 times
[2020-05-26 08:56:04.744] [   9672] [    asio] [DBG] [EventLoop.cx:20] EventLoop::setupIdleHolder ...
[2020-05-26 08:56:15.411] [   9672] [   FSDCT] [DBG] [FSDesktopCa:258] The previous message repeated 2 times
[2020-05-26 08:56:15.411] [   9672] [   FSDCT] [DBG] [FSDesktopCa:258] FSDCT reset capture engine by idle ...
[2020-05-26 08:57:04.744] [   9672] [    TEAM] [DBG] [EventLoop.cx:20] The previous message repeated 2 times
[2020-05-26 08:57:04.744] [   9672] [    TEAM] [DBG] [EventLoop.cx:20] EventLoop::setupIdleHolder ...
[2020-05-26 08:57:11.801] [   9672] [   FSDCT] [DBG] [FSDesktopCa:258] The previous message repeated 2 times
[2020-05-26 08:57:11.801] [   9672] [   FSDCT] [DBG] [FSDesktopCa:258] FSDCT reset capture engine by idle ...
[2020-05-26 08:57:30.479] [   9672] [    MAIN] [INF] [TrayWindow.:381] OS power state event: Power Status Change Event (PBT_APMPOWERSTATUSCHANGE) Captured & Handled
[2020-05-26 08:57:30.479] [   9672] [    MAIN] [INF] [TrayWindow.:392] OS power state event: You are on AC Power
[2020-05-26 08:57:30.613] [   9672] [   FSDCT] [DBG] [FSDesktopCa:258] FSDCT reset capture engine by idle ...
[2020-05-26 08:58:04.745] [   9672] [    asio] [DBG] [EventLoop.cx:20] The previous message repeated 1 times
[2020-05-26 08:58:04.745] [   9672] [    asio] [DBG] [EventLoop.cx:20] EventLoop::setupIdleHolder ...
[2020-05-26 08:58:08.212] [   9672] [   FSDCT] [DBG] [FSDesktopCa:258] The previous message repeated 2 times
[2020-05-26 08:58:08.212] [   9672] [   FSDCT] [DBG] [FSDesktopCa:258] FSDCT reset capture engine by idle ...
[2020-05-26 08:59:04.746] [   9672] [   WSSIP] [DBG] [EventLoop.cx:20] The previous message repeated 3 times
[2020-05-26 08:59:04.746] [   9672] [   WSSIP] [DBG] [EventLoop.cx:20] EventLoop::setupIdleHolder ...
[2020-05-26 08:59:23.397] [   9672] [   FSDCT] [DBG] [FSDesktopCa:258] The previous message repeated 2 times
[2020-05-26 08:59:23.397] [   9672] [   FSDCT] [DBG] [FSDesktopCa:258] FSDCT reset capture engine by idle ...
[2020-05-26 08:59:37.105] [   9672] [    MAIN] [INF] [PlatformWind:92] wnd receiver 00030484 is alive=1
[2020-05-26 08:59:39.870] [   9672] [    MAIN] [INF] [PlatformWind:62] wnd receiver 000B0538 is erased
[2020-05-26 08:59:39.933] [   9672] [    MAIN] [INF] [DeviceContr:253] DeviceController - UnregisterEndpointNotificationCallback HRESULT =  0
[2020-05-26 08:59:39.948] [   9672] [    MAIN] [INF] [TrayWindow.:228] UnregisterPowerSettingNotification 765F0AB0
[2020-05-26 08:59:39.964] [   9672] [    MAIN] [INF] [TrayWindow.:243] ===== FINAL EXIT =====
[2020-05-26 08:59:42.214] [   9672] [   FSDCT] [DBG] [FSDesktopCa:258] FSDCT reset capture engine by idle ...
[2020-05-26 12:01:00.515] [   9672] [    MAIN] [EVT] [CheckUpdate:175] Sciter script: Start downloading config at https://nc-appcfg01.freeconferencecall.com/config
[2020-05-26 12:01:01.243] [   9672] [    MAIN] [MA1] [HTTPLoader.:103] BaseHTTPLoader::BaseHTTPLoader(3008CB48)
[2020-05-26 12:01:01.243] [   9672] [   FSAPP] [INF] [HTTPLoader.:206] BaseHTTPLoader[3008CB48] - load URL: https://nc-appcfg01.freeconferencecall.com/config?build_version=3.0.7079&system_version=Windows-10.1903&system_platform=win&query_action=check_update [proxy: :0]
[2020-05-26 12:01:01.243] [   9672] [   FSAPP] [MA1] [IOStream.cxx:22] SSLTransport[38A0DB40:116]::IOStream()
[2020-05-26 12:01:01.243] [   9672] [   FSAPP] [MA1] [WinSSLEngin:170] WinSSLTransport::WinSSLTransport(38A0DB40)
[2020-05-26 12:01:01.243] [   9672] [   FSAPP] [MA1] [IOStream.cxx:22] ClientConnection[390DEFA0:117]::IOStream()
[2020-05-26 12:01:01.243] [   9672] [   FSAPP] [DBG] [ClientConne:134] ClientConnection[390DEFA0]::onResolved() ...
[2020-05-26 12:01:01.243] [   9672] [   FSAPP] [FLT] [HTTPRequest:333] MyHTTPLoader[3008CB48] data not received for URL [https://nc-appcfg01.freeconferencecall.com/config?build_version=3.0.7079&system_version=Windows-10.1903&system_platform=win&query_action=check_update]
[2020-05-26 12:01:01.243] [   9672] [   FSAPP] [INF] [IOStream.cx:229] ClientConnection[390DEFA0] closed
[2020-05-26 12:01:01.243] [   9672] [   FSAPP] [INF] [IOStream.cx:229] SSLTransport[38A0DB40] closed
[2020-05-26 12:01:01.243] [   9672] [   FSAPP] [DBG] [HTTPLoader.:723] BaseHTTPLoader[3008CB48] - closed (in buffer 0 bytes)
[2020-05-26 12:01:01.243] [   9672] [   FSAPP] [MA1] [IOStream.cxx:27] ClientConnection[390DEFA0:117]::~IOStream()
[2020-05-26 12:01:01.243] [   9672] [   FSAPP] [MA1] [WinSSLEngin:183] WinSSLTransport::~WinSSLTransport(38A0DB40)
[2020-05-26 12:01:01.243] [   9672] [   FSAPP] [MA1] [IOStream.cxx:27] SSLTransport[38A0DB40:116]::~IOStream()
[2020-05-26 12:01:02.751] [   9672] [   FSDCT] [DBG] [FSDesktopCa:258] FSDCT reset capture engine by idle ...
[2020-05-26 12:01:05.700] [   9672] [   WSSIP] [DBG] [EventLoop.cx:20] EventLoop::setupIdleHolder ...
[2020-05-26 19:57:25.440] [   9672] [    MAIN] [DBG] [APIv3.tis   :68] The previous message repeated 2 times
[2020-05-26 19:57:25.440] [   9672] [    MAIN] [EVT] [APIv3.tis   :68] Sciter script: [webapi] Start request PhoneNumberBinding params={ttl:14400,guid:"c868107f-ca13-4a64-beb0-9d254c8c0e04"} and null
[2020-05-26 19:57:25.440] [   9672] [    MAIN] [INF] [WebServiceP:132] [cx][webapi] Start request
[2020-05-26 19:57:25.440] [   9672] [    MAIN] [INF] [WebAPIv3Wra:409] [webapi] bindPhoneNumber with ttl=14400, guid=c868107f-ca13-4a64-beb0-9d254c8c0e04
[2020-05-26 19:57:25.440] [   9672] [    MAIN] [MA1] [HTTPLoader.:103] BaseHTTPLoader::BaseHTTPLoader(2F3CC7F0)
[2020-05-26 19:57:25.440] [   9672] [   FSAPP] [INF] [HTTPLoader.:206] BaseHTTPLoader[2F3CC7F0] - load URL: https://app.freeconferencecall.com/api/v3/phonenumbers/binding?access_token=0000000000ACC6DF9076504AFC603724CA07B485404C805625AE964A4CA38CAD&client_app_id=f79ef745133e8c7e&rand=45&sig=e63a430c3d9c075af66e62725dd17234 [proxy: :0]
[2020-05-26 19:57:25.440] [   9672] [   FSAPP] [MA1] [IOStream.cxx:22] SSLTransport[38A0CD40:118]::IOStream()
[2020-05-26 19:57:25.440] [   9672] [   FSAPP] [MA1] [WinSSLEngin:170] WinSSLTransport::WinSSLTransport(38A0CD40)
[2020-05-26 19:57:25.440] [   9672] [   FSAPP] [MA1] [IOStream.cxx:22] ClientConnection[390DF480:119]::IOStream()
[2020-05-26 19:57:25.440] [   9672] [   FSAPP] [DBG] [ClientConne:134] ClientConnection[390DF480]::onResolved() ...
[2020-05-26 19:57:25.440] [   9672] [   FSAPP] [FLT] [HTTPLoader.:152] BaseHTTPLoader[2F3CC7F0] can't load URL [https://app.freeconferencecall.com/api/v3/phonenumbers/binding?access_token=0000000000ACC6DF9076504AFC603724CA07B485404C805625AE964A4CA38CAD&client_app_id=f79ef745133e8c7e&rand=45&sig=e63a430c3d9c075af66e62725dd17234]: The requested name is valid, but no data of the requested type was found
[2020-05-26 19:57:25.440] [   9672] [   FSAPP] [EVT] [HTTPRequest:253] Status code: httpStatus=0
[2020-05-26 19:57:25.440] [   9672] [   FSAPP] [EVT] [HTTPRequest:348] Detected downloaded data type 1
[2020-05-26 19:57:25.440] [   9672] [   FSAPP] [FLT] [HTTPRequest:243] MyHTTPLoader[2F3CC7F0] data not received for URL [https://app.freeconferencecall.com/api/v3/phonenumbers/binding?access_token=0000000000ACC6DF9076504AFC603724CA07B485404C805625AE964A4CA38CAD&client_app_id=f79ef745133e8c7e&rand=45&sig=e63a430c3d9c075af66e62725dd17234]
[2020-05-26 19:57:25.440] [   9672] [   FSAPP] [INF] [IOStream.cx:229] ClientConnection[390DF480] closed
[2020-05-26 19:57:25.440] [   9672] [   FSAPP] [INF] [IOStream.cx:229] SSLTransport[38A0CD40] closed
[2020-05-26 19:57:25.440] [   9672] [   FSAPP] [DBG] [HTTPLoader.:723] BaseHTTPLoader[2F3CC7F0] - closed (in buffer 0 bytes)
[2020-05-26 19:57:25.440] [   9672] [   FSAPP] [FLT] [HTTPRequest:243] MyHTTPLoader[2F3CC7F0] data not received for URL [https://app.freeconferencecall.com/api/v3/phonenumbers/binding?access_token=0000000000ACC6DF9076504AFC603724CA07B485404C805625AE964A4CA38CAD&client_app_id=f79ef745133e8c7e&rand=45&sig=e63a430c3d9c075af66e62725dd17234]
[2020-05-26 19:57:25.440] [   9672] [   FSAPP] [MA1] [IOStream.cxx:27] ClientConnection[390DF480:119]::~IOStream()
[2020-05-26 19:57:25.440] [   9672] [   FSAPP] [MA1] [WinSSLEngin:183] WinSSLTransport::~WinSSLTransport(38A0CD40)
[2020-05-26 19:57:25.440] [   9672] [   FSAPP] [MA1] [IOStream.cxx:27] SSLTransport[38A0CD40:118]::~IOStream()
[2020-05-26 19:57:25.440] [   9672] [   FSAPP] [EVT] [HTTPRequest:437] Deleting HTTP request to https://app.freeconferencecall.com/api/v3/phonenumbers/binding
[2020-05-26 19:57:25.440] [   9672] [   FSAPP] [MA1] [HTTPLoader.:111] BaseHTTPLoader::~BaseHTTPLoader(2F3CC7F0)
[2020-05-26 19:57:31.485] [   9672] [   FSDCT] [DBG] [FSDesktopCa:258] FSDCT reset capture engine by idle ...
[2020-05-26 19:58:15.341] [   9672] [    asio] [DBG] [EventLoop.cx:20] The previous message repeated 2 times
[2020-05-26 19:58:15.341] [   9672] [    asio] [DBG] [EventLoop.cx:20] EventLoop::setupIdleHolder ...
[2020-05-26 20:01:26.824] [   9672] [   FSDCT] [DBG] [FSDesktopCa:258] The previous message repeated 2 times
[2020-05-26 20:01:26.824] [   9672] [   FSDCT] [DBG] [FSDesktopCa:258] FSDCT reset capture engine by idle ...
[2020-05-26 20:02:13.287] [   9672] [    asio] [DBG] [EventLoop.cx:20] The previous message repeated 2 times
[2020-05-26 20:02:13.287] [   9672] [    asio] [DBG] [EventLoop.cx:20] EventLoop::setupIdleHolder ...
[2020-05-26 20:02:23.255] [   9672] [   FSDCT] [DBG] [FSDesktopCa:258] The previous message repeated 2 times
[2020-05-26 20:02:23.255] [   9672] [   FSDCT] [DBG] [FSDesktopCa:258] FSDCT reset capture engine by idle ...
[2020-05-26 20:03:13.298] [   9672] [    asio] [DBG] [EventLoop.cx:20] The previous message repeated 2 times
[2020-05-26 20:03:13.298] [   9672] [    asio] [DBG] [EventLoop.cx:20] EventLoop::setupIdleHolder ...
[2020-05-26 20:03:19.642] [   9672] [   FSDCT] [DBG] [FSDesktopCa:258] The previous message repeated 2 times
[2020-05-26 20:03:19.642] [   9672] [   FSDCT] [DBG] [FSDesktopCa:258] FSDCT reset capture engine by idle ...
[2020-05-26 20:04:13.300] [   9672] [   WSSIP] [DBG] [EventLoop.cx:20] The previous message repeated 2 times
[2020-05-26 20:04:13.300] [   9672] [   WSSIP] [DBG] [EventLoop.cx:20] EventLoop::setupIdleHolder ...
[2020-05-26 20:04:16.113] [   9672] [   FSDCT] [DBG] [FSDesktopCa:258] The previous message repeated 2 times
[2020-05-26 20:04:16.113] [   9672] [   FSDCT] [DBG] [FSDesktopCa:258] FSDCT reset capture engine by idle ...
[2020-05-26 20:05:13.301] [   9672] [    asio] [DBG] [EventLoop.cx:20] The previous message repeated 3 times
[2020-05-26 20:05:13.301] [   9672] [    asio] [DBG] [EventLoop.cx:20] EventLoop::setupIdleHolder ...
[2020-05-26 20:05:31.959] [   9672] [   FSDCT] [DBG] [FSDesktopCa:258] The previous message repeated 2 times
[2020-05-26 20:05:31.959] [   9672] [   FSDCT] [DBG] [FSDesktopCa:258] FSDCT reset capture engine by idle ...
[2020-05-26 20:06:13.308] [   9672] [   WSSIP] [DBG] [EventLoop.cx:20] The previous message repeated 2 times
[2020-05-26 20:06:13.308] [   9672] [   WSSIP] [DBG] [EventLoop.cx:20] EventLoop::setupIdleHolder ...
[2020-05-26 20:06:29.072] [   9672] [   FSDCT] [DBG] [FSDesktopCa:258] The previous message repeated 2 times
[2020-05-26 20:06:29.072] [   9672] [   FSDCT] [DBG] [FSDesktopCa:258] FSDCT reset capture engine by idle ...
[2020-05-26 20:07:13.309] [   9672] [   WSSIP] [DBG] [EventLoop.cx:20] The previous message repeated 2 times
[2020-05-26 20:07:13.309] [   9672] [   WSSIP] [DBG] [EventLoop.cx:20] EventLoop::setupIdleHolder ...
[2020-05-26 20:07:25.491] [   9672] [   FSDCT] [DBG] [FSDesktopCa:258] The previous message repeated 2 times
[2020-05-26 20:07:25.491] [   9672] [   FSDCT] [DBG] [FSDesktopCa:258] FSDCT reset capture engine by idle ...
[2020-05-26 20:08:13.310] [   9672] [    asio] [DBG] [EventLoop.cx:20] The previous message repeated 2 times
[2020-05-26 20:08:13.310] [   9672] [    asio] [DBG] [EventLoop.cx:20] EventLoop::setupIdleHolder ...
[2020-05-26 20:08:21.927] [   9672] [   FSDCT] [DBG] [FSDesktopCa:258] The previous message repeated 2 times
[2020-05-26 20:08:21.927] [   9672] [   FSDCT] [DBG] [FSDesktopCa:258] FSDCT reset capture engine by idle ...
[2020-05-26 20:09:13.311] [   9672] [    asio] [DBG] [EventLoop.cx:20] The previous message repeated 2 times
[2020-05-26 20:09:13.311] [   9672] [    asio] [DBG] [EventLoop.cx:20] EventLoop::setupIdleHolder ...
[2020-05-26 20:09:18.369] [   9672] [   FSDCT] [DBG] [FSDesktopCa:258] The previous message repeated 2 times
[2020-05-26 20:09:18.369] [   9672] [   FSDCT] [DBG] [FSDesktopCa:258] FSDCT reset capture engine by idle ...
[2020-05-26 20:10:13.312] [   9672] [    asio] [DBG] [EventLoop.cx:20] The previous message repeated 2 times
[2020-05-26 20:10:13.312] [   9672] [    asio] [DBG] [EventLoop.cx:20] EventLoop::setupIdleHolder ...
[2020-05-26 20:10:14.768] [   9672] [   FSDCT] [DBG] [FSDesktopCa:258] The previous message repeated 2 times
[2020-05-26 20:10:14.768] [   9672] [   FSDCT] [DBG] [FSDesktopCa:258] FSDCT reset capture engine by idle ...
[2020-05-26 20:11:13.313] [   9672] [   WSSIP] [DBG] [EventLoop.cx:20] The previous message repeated 3 times
[2020-05-26 20:11:13.313] [   9672] [   WSSIP] [DBG] [EventLoop.cx:20] EventLoop::setupIdleHolder ...
[2020-05-26 20:11:30.005] [   9672] [   FSDCT] [DBG] [FSDesktopCa:258] The previous message repeated 2 times
[2020-05-26 20:11:30.005] [   9672] [   FSDCT] [DBG] [FSDesktopCa:258] FSDCT reset capture engine by idle ...
[2020-05-26 20:12:13.315] [   9672] [    asio] [DBG] [EventLoop.cx:20] The previous message repeated 2 times
[2020-05-26 20:12:13.315] [   9672] [    asio] [DBG] [EventLoop.cx:20] EventLoop::setupIdleHolder ...
[2020-05-26 20:12:26.457] [   9672] [   FSDCT] [DBG] [FSDesktopCa:258] The previous message repeated 2 times
[2020-05-26 20:12:26.457] [   9672] [   FSDCT] [DBG] [FSDesktopCa:258] FSDCT reset capture engine by idle ...
[2020-05-26 20:13:13.316] [   9672] [    TEAM] [DBG] [EventLoop.cx:20] The previous message repeated 2 times
[2020-05-26 20:13:13.316] [   9672] [    TEAM] [DBG] [EventLoop.cx:20] EventLoop::setupIdleHolder ...
[2020-05-26 20:13:22.879] [   9672] [   FSDCT] [DBG] [FSDesktopCa:258] The previous message repeated 2 times
[2020-05-26 20:13:22.879] [   9672] [   FSDCT] [DBG] [FSDesktopCa:258] FSDCT reset capture engine by idle ...
[2020-05-26 20:14:13.316] [   9672] [    TEAM] [DBG] [EventLoop.cx:20] The previous message repeated 2 times
[2020-05-26 20:14:13.316] [   9672] [    TEAM] [DBG] [EventLoop.cx:20] EventLoop::setupIdleHolder ...
[2020-05-26 20:14:19.307] [   9672] [   FSDCT] [DBG] [FSDesktopCa:258] The previous message repeated 2 times
[2020-05-26 20:14:19.307] [   9672] [   FSDCT] [DBG] [FSDesktopCa:258] FSDCT reset capture engine by idle ...
[2020-05-26 20:15:13.317] [   9672] [    TEAM] [DBG] [EventLoop.cx:20] The previous message repeated 2 times
[2020-05-26 20:15:13.317] [   9672] [    TEAM] [DBG] [EventLoop.cx:20] EventLoop::setupIdleHolder ...
[2020-05-26 20:15:15.707] [   9672] [   FSDCT] [DBG] [FSDesktopCa:258] The previous message repeated 2 times
[2020-05-26 20:15:15.707] [   9672] [   FSDCT] [DBG] [FSDesktopCa:258] FSDCT reset capture engine by idle ...
[2020-05-26 20:16:13.317] [   9672] [   WSSIP] [DBG] [EventLoop.cx:20] The previous message repeated 3 times
[2020-05-26 20:16:13.317] [   9672] [   WSSIP] [DBG] [EventLoop.cx:20] EventLoop::setupIdleHolder ...
[2020-05-26 20:16:30.896] [   9672] [   FSDCT] [DBG] [FSDesktopCa:258] The previous message repeated 2 times
[2020-05-26 20:16:30.896] [   9672] [   FSDCT] [DBG] [FSDesktopCa:258] FSDCT reset capture engine by idle ...
[2020-05-26 20:17:13.317] [   9672] [    TEAM] [DBG] [EventLoop.cx:20] The previous message repeated 2 times
[2020-05-26 20:17:13.317] [   9672] [    TEAM] [DBG] [EventLoop.cx:20] EventLoop::setupIdleHolder ...
[2020-05-26 20:17:27.283] [   9672] [   FSDCT] [DBG] [FSDesktopCa:258] The previous message repeated 2 times
[2020-05-26 20:17:27.283] [   9672] [   FSDCT] [DBG] [FSDesktopCa:258] FSDCT reset capture engine by idle ...
[2020-05-26 20:18:13.318] [   9672] [   WSSIP] [DBG] [EventLoop.cx:20] The previous message repeated 2 times
[2020-05-26 20:18:13.318] [   9672] [   WSSIP] [DBG] [EventLoop.cx:20] EventLoop::setupIdleHolder ...
[2020-05-26 20:18:23.676] [   9672] [   FSDCT] [DBG] [FSDesktopCa:258] The previous message repeated 2 times
[2020-05-26 20:18:23.676] [   9672] [   FSDCT] [DBG] [FSDesktopCa:258] FSDCT reset capture engine by idle ...
[2020-05-26 20:19:13.319] [   9672] [   WSSIP] [DBG] [EventLoop.cx:20] The previous message repeated 2 times
[2020-05-26 20:19:13.319] [   9672] [   WSSIP] [DBG] [EventLoop.cx:20] EventLoop::setupIdleHolder ...
[2020-05-26 20:19:20.066] [   9672] [   FSDCT] [DBG] [FSDesktopCa:258] The previous message repeated 2 times
[2020-05-26 20:19:20.066] [   9672] [   FSDCT] [DBG] [FSDesktopCa:258] FSDCT reset capture engine by idle ...
[2020-05-26 20:20:13.320] [   9672] [    asio] [DBG] [EventLoop.cx:20] The previous message repeated 2 times
[2020-05-26 20:20:13.320] [   9672] [    asio] [DBG] [EventLoop.cx:20] EventLoop::setupIdleHolder ...
[2020-05-26 20:20:16.454] [   9672] [   FSDCT] [DBG] [FSDesktopCa:258] The previous message repeated 2 times
[2020-05-26 20:20:16.454] [   9672] [   FSDCT] [DBG] [FSDesktopCa:258] FSDCT reset capture engine by idle ...
[2020-05-26 20:21:13.320] [   9672] [    asio] [DBG] [EventLoop.cx:20] The previous message repeated 3 times
[2020-05-26 20:21:13.320] [   9672] [    asio] [DBG] [EventLoop.cx:20] EventLoop::setupIdleHolder ...
[2020-05-26 20:21:31.666] [   9672] [   FSDCT] [DBG] [FSDesktopCa:258] The previous message repeated 2 times
[2020-05-26 20:21:31.666] [   9672] [   FSDCT] [DBG] [FSDesktopCa:258] FSDCT reset capture engine by idle ...
[2020-05-26 20:22:13.321] [   9672] [    TEAM] [DBG] [EventLoop.cx:20] The previous message repeated 2 times
[2020-05-26 20:22:13.321] [   9672] [    TEAM] [DBG] [EventLoop.cx:20] EventLoop::setupIdleHolder ...
[2020-05-26 20:22:28.050] [   9672] [   FSDCT] [DBG] [FSDesktopCa:258] The previous message repeated 2 times
[2020-05-26 20:22:28.050] [   9672] [   FSDCT] [DBG] [FSDesktopCa:258] FSDCT reset capture engine by idle ...
[2020-05-26 20:23:13.322] [   9672] [   WSSIP] [DBG] [EventLoop.cx:20] The previous message repeated 2 times
[2020-05-26 20:23:13.322] [   9672] [   WSSIP] [DBG] [EventLoop.cx:20] EventLoop::setupIdleHolder ...
[2020-05-26 20:23:24.442] [   9672] [   FSDCT] [DBG] [FSDesktopCa:258] The previous message repeated 2 times
[2020-05-26 20:23:24.442] [   9672] [   FSDCT] [DBG] [FSDesktopCa:258] FSDCT reset capture engine by idle ...
[2020-05-26 20:24:13.322] [   9672] [   WSSIP] [DBG] [EventLoop.cx:20] The previous message repeated 2 times
[2020-05-26 20:24:13.322] [   9672] [   WSSIP] [DBG] [EventLoop.cx:20] EventLoop::setupIdleHolder ...
[2020-05-26 20:24:20.834] [   9672] [   FSDCT] [DBG] [FSDesktopCa:258] The previous message repeated 2 times
[2020-05-26 20:24:20.834] [   9672] [   FSDCT] [DBG] [FSDesktopCa:258] FSDCT reset capture engine by idle ...
[2020-05-26 20:25:13.323] [   9672] [    TEAM] [DBG] [EventLoop.cx:20] The previous message repeated 2 times
[2020-05-26 20:25:13.323] [   9672] [    TEAM] [DBG] [EventLoop.cx:20] EventLoop::setupIdleHolder ...
[2020-05-26 20:25:17.322] [   9672] [   FSDCT] [DBG] [FSDesktopCa:258] The previous message repeated 2 times
[2020-05-26 20:25:17.322] [   9672] [   FSDCT] [DBG] [FSDesktopCa:258] FSDCT reset capture engine by idle ...
[2020-05-26 20:26:13.324] [   9672] [   WSSIP] [DBG] [EventLoop.cx:20] The previous message repeated 2 times
[2020-05-26 20:26:13.324] [   9672] [   WSSIP] [DBG] [EventLoop.cx:20] EventLoop::setupIdleHolder ...
[2020-05-26 20:26:13.728] [   9672] [   FSDCT] [DBG] [FSDesktopCa:258] The previous message repeated 2 times
[2020-05-26 20:26:13.728] [   9672] [   FSDCT] [DBG] [FSDesktopCa:258] FSDCT reset capture engine by idle ...
[2020-05-26 20:27:13.325] [   9672] [    asio] [DBG] [EventLoop.cx:20] The previous message repeated 3 times
[2020-05-26 20:27:13.325] [   9672] [    asio] [DBG] [EventLoop.cx:20] EventLoop::setupIdleHolder ...
[2020-05-26 20:27:28.959] [   9672] [   FSDCT] [DBG] [FSDesktopCa:258] The previous message repeated 2 times
[2020-05-26 20:27:28.959] [   9672] [   FSDCT] [DBG] [FSDesktopCa:258] FSDCT reset capture engine by idle ...
[2020-05-26 20:28:13.326] [   9672] [    TEAM] [DBG] [EventLoop.cx:20] The previous message repeated 2 times
[2020-05-26 20:28:13.326] [   9672] [    TEAM] [DBG] [EventLoop.cx:20] EventLoop::setupIdleHolder ...
[2020-05-26 20:28:25.369] [   9672] [   FSDCT] [DBG] [FSDesktopCa:258] The previous message repeated 2 times
[2020-05-26 20:28:25.369] [   9672] [   FSDCT] [DBG] [FSDesktopCa:258] FSDCT reset capture engine by idle ...
[2020-05-26 20:29:13.326] [   9672] [   WSSIP] [DBG] [EventLoop.cx:20] The previous message repeated 2 times
[2020-05-26 20:29:13.326] [   9672] [   WSSIP] [DBG] [EventLoop.cx:20] EventLoop::setupIdleHolder ...
[2020-05-26 20:29:21.772] [   9672] [   FSDCT] [DBG] [FSDesktopCa:258] The previous message repeated 2 times
[2020-05-26 20:29:21.772] [   9672] [   FSDCT] [DBG] [FSDesktopCa:258] FSDCT reset capture engine by idle ...
[2020-05-26 20:30:13.328] [   9672] [    TEAM] [DBG] [EventLoop.cx:20] The previous message repeated 2 times
[2020-05-26 20:30:13.328] [   9672] [    TEAM] [DBG] [EventLoop.cx:20] EventLoop::setupIdleHolder ...
[2020-05-26 20:30:18.178] [   9672] [   FSDCT] [DBG] [FSDesktopCa:258] The previous message repeated 2 times
[2020-05-26 20:30:18.178] [   9672] [   FSDCT] [DBG] [FSDesktopCa:258] FSDCT reset capture engine by idle ...
[2020-05-26 20:31:13.328] [   9672] [    asio] [DBG] [EventLoop.cx:20] The previous message repeated 2 times
[2020-05-26 20:31:13.328] [   9672] [    asio] [DBG] [EventLoop.cx:20] EventLoop::setupIdleHolder ...
[2020-05-26 20:31:14.580] [   9672] [   FSDCT] [DBG] [FSDesktopCa:258] The previous message repeated 2 times
[2020-05-26 20:31:14.580] [   9672] [   FSDCT] [DBG] [FSDesktopCa:258] FSDCT reset capture engine by idle ...
[2020-05-26 20:32:13.329] [   9672] [    asio] [DBG] [EventLoop.cx:20] The previous message repeated 3 times
[2020-05-26 20:32:13.329] [   9672] [    asio] [DBG] [EventLoop.cx:20] EventLoop::setupIdleHolder ...
[2020-05-26 20:32:29.775] [   9672] [   FSDCT] [DBG] [FSDesktopCa:258] The previous message repeated 2 times
[2020-05-26 20:32:29.775] [   9672] [   FSDCT] [DBG] [FSDesktopCa:258] FSDCT reset capture engine by idle ...
[2020-05-26 20:33:13.330] [   9672] [    TEAM] [DBG] [EventLoop.cx:20] The previous message repeated 2 times
[2020-05-26 20:33:13.330] [   9672] [    TEAM] [DBG] [EventLoop.cx:20] EventLoop::setupIdleHolder ...
[2020-05-26 20:33:26.159] [   9672] [   FSDCT] [DBG] [FSDesktopCa:258] The previous message repeated 2 times
[2020-05-26 20:33:26.159] [   9672] [   FSDCT] [DBG] [FSDesktopCa:258] FSDCT reset capture engine by idle ...
[2020-05-26 20:34:13.331] [   9672] [   WSSIP] [DBG] [EventLoop.cx:20] The previous message repeated 2 times
[2020-05-26 20:34:13.331] [   9672] [   WSSIP] [DBG] [EventLoop.cx:20] EventLoop::setupIdleHolder ...
[2020-05-26 20:34:22.570] [   9672] [   FSDCT] [DBG] [FSDesktopCa:258] The previous message repeated 2 times
[2020-05-26 20:34:22.570] [   9672] [   FSDCT] [DBG] [FSDesktopCa:258] FSDCT reset capture engine by idle ...
[2020-05-26 20:35:13.331] [   9672] [    asio] [DBG] [EventLoop.cx:20] The previous message repeated 2 times
[2020-05-26 20:35:13.331] [   9672] [    asio] [DBG] [EventLoop.cx:20] EventLoop::setupIdleHolder ...
[2020-05-26 20:35:19.066] [   9672] [   FSDCT] [DBG] [FSDesktopCa:258] The previous message repeated 2 times
[2020-05-26 20:35:19.066] [   9672] [   FSDCT] [DBG] [FSDesktopCa:258] FSDCT reset capture engine by idle ...
[2020-05-26 20:36:13.343] [   9672] [   WSSIP] [DBG] [EventLoop.cx:20] The previous message repeated 2 times
[2020-05-26 20:36:13.343] [   9672] [   WSSIP] [DBG] [EventLoop.cx:20] EventLoop::setupIdleHolder ...
[2020-05-26 20:36:15.484] [   9672] [   FSDCT] [DBG] [FSDesktopCa:258] The previous message repeated 2 times
[2020-05-26 20:36:15.484] [   9672] [   FSDCT] [DBG] [FSDesktopCa:258] FSDCT reset capture engine by idle ...
[2020-05-26 20:37:13.345] [   9672] [   WSSIP] [DBG] [EventLoop.cx:20] The previous message repeated 3 times
[2020-05-26 20:37:13.345] [   9672] [   WSSIP] [DBG] [EventLoop.cx:20] EventLoop::setupIdleHolder ...
[2020-05-26 20:37:30.750] [   9672] [   FSDCT] [DBG] [FSDesktopCa:258] The previous message repeated 2 times
[2020-05-26 20:37:30.750] [   9672] [   FSDCT] [DBG] [FSDesktopCa:258] FSDCT reset capture engine by idle ...
[2020-05-26 20:38:13.356] [   9672] [    asio] [DBG] [EventLoop.cx:20] The previous message repeated 2 times
[2020-05-26 20:38:13.356] [   9672] [    asio] [DBG] [EventLoop.cx:20] EventLoop::setupIdleHolder ...
[2020-05-26 20:38:27.136] [   9672] [   FSDCT] [DBG] [FSDesktopCa:258] The previous message repeated 2 times
[2020-05-26 20:38:27.136] [   9672] [   FSDCT] [DBG] [FSDesktopCa:258] FSDCT reset capture engine by idle ...
[2020-05-26 20:39:13.368] [   9672] [    asio] [DBG] [EventLoop.cx:20] The previous message repeated 2 times
[2020-05-26 20:39:13.368] [   9672] [    asio] [DBG] [EventLoop.cx:20] EventLoop::setupIdleHolder ...
[2020-05-26 20:39:23.523] [   9672] [   FSDCT] [DBG] [FSDesktopCa:258] The previous message repeated 2 times
[2020-05-26 20:39:23.523] [   9672] [   FSDCT] [DBG] [FSDesktopCa:258] FSDCT reset capture engine by idle ...
[2020-05-26 20:40:13.372] [   9672] [   WSSIP] [DBG] [EventLoop.cx:20] The previous message repeated 2 times
[2020-05-26 20:40:13.372] [   9672] [   WSSIP] [DBG] [EventLoop.cx:20] EventLoop::setupIdleHolder ...
[2020-05-26 20:40:20.429] [   9672] [   FSDCT] [DBG] [FSDesktopCa:258] The previous message repeated 2 times
[2020-05-26 20:40:20.429] [   9672] [   FSDCT] [DBG] [FSDesktopCa:258] FSDCT reset capture engine by idle ...
[2020-05-26 20:41:13.382] [   9672] [    asio] [DBG] [EventLoop.cx:20] The previous message repeated 2 times
[2020-05-26 20:41:13.382] [   9672] [    asio] [DBG] [EventLoop.cx:20] EventLoop::setupIdleHolder ...
[2020-05-26 20:41:17.769] [   9672] [   FSDCT] [DBG] [FSDesktopCa:258] The previous message repeated 2 times
[2020-05-26 20:41:17.769] [   9672] [   FSDCT] [DBG] [FSDesktopCa:258] FSDCT reset capture engine by idle ...
[2020-05-26 20:42:13.382] [   9672] [    asio] [DBG] [EventLoop.cx:20] The previous message repeated 2 times
[2020-05-26 20:42:13.382] [   9672] [    asio] [DBG] [EventLoop.cx:20] EventLoop::setupIdleHolder ...
[2020-05-26 20:42:14.885] [   9672] [   FSDCT] [DBG] [FSDesktopCa:258] The previous message repeated 2 times
[2020-05-26 20:42:14.885] [   9672] [   FSDCT] [DBG] [FSDesktopCa:258] FSDCT reset capture engine by idle ...
[2020-05-26 20:43:13.383] [   9672] [   WSSIP] [DBG] [EventLoop.cx:20] The previous message repeated 3 times
[2020-05-26 20:43:13.383] [   9672] [   WSSIP] [DBG] [EventLoop.cx:20] EventLoop::setupIdleHolder ...
[2020-05-26 20:43:30.150] [   9672] [   FSDCT] [DBG] [FSDesktopCa:258] The previous message repeated 2 times
[2020-05-26 20:43:30.150] [   9672] [   FSDCT] [DBG] [FSDesktopCa:258] FSDCT reset capture engine by idle ...
[2020-05-26 20:44:13.384] [   9672] [    asio] [DBG] [EventLoop.cx:20] The previous message repeated 2 times
[2020-05-26 20:44:13.384] [   9672] [    asio] [DBG] [EventLoop.cx:20] EventLoop::setupIdleHolder ...
[2020-05-26 20:44:26.759] [   9672] [   FSDCT] [DBG] [FSDesktopCa:258] The previous message repeated 2 times
[2020-05-26 20:44:26.759] [   9672] [   FSDCT] [DBG] [FSDesktopCa:258] FSDCT reset capture engine by idle ...
[2020-05-26 20:45:13.385] [   9672] [    TEAM] [DBG] [EventLoop.cx:20] The previous message repeated 2 times
[2020-05-26 20:45:13.385] [   9672] [    TEAM] [DBG] [EventLoop.cx:20] EventLoop::setupIdleHolder ...
[2020-05-26 20:45:23.191] [   9672] [   FSDCT] [DBG] [FSDesktopCa:258] The previous message repeated 2 times
[2020-05-26 20:45:23.191] [   9672] [   FSDCT] [DBG] [FSDesktopCa:258] FSDCT reset capture engine by idle ...
[2020-05-26 20:46:13.386] [   9672] [   WSSIP] [DBG] [EventLoop.cx:20] The previous message repeated 2 times
[2020-05-26 20:46:13.386] [   9672] [   WSSIP] [DBG] [EventLoop.cx:20] EventLoop::setupIdleHolder ...
[2020-05-26 20:46:19.635] [   9672] [   FSDCT] [DBG] [FSDesktopCa:258] The previous message repeated 2 times
[2020-05-26 20:46:19.635] [   9672] [   FSDCT] [DBG] [FSDesktopCa:258] FSDCT reset capture engine by idle ...
[2020-05-26 20:47:13.386] [   9672] [    TEAM] [DBG] [EventLoop.cx:20] The previous message repeated 2 times
[2020-05-26 20:47:13.386] [   9672] [    TEAM] [DBG] [EventLoop.cx:20] EventLoop::setupIdleHolder ...
[2020-05-26 20:47:16.036] [   9672] [   FSDCT] [DBG] [FSDesktopCa:258] The previous message repeated 2 times
[2020-05-26 20:47:16.036] [   9672] [   FSDCT] [DBG] [FSDesktopCa:258] FSDCT reset capture engine by idle ...
[2020-05-26 20:48:13.388] [   9672] [    asio] [DBG] [EventLoop.cx:20] The previous message repeated 3 times
[2020-05-26 20:48:13.388] [   9672] [    asio] [DBG] [EventLoop.cx:20] EventLoop::setupIdleHolder ...
[2020-05-26 20:48:31.240] [   9672] [   FSDCT] [DBG] [FSDesktopCa:258] The previous message repeated 2 times
[2020-05-26 20:48:31.240] [   9672] [   FSDCT] [DBG] [FSDesktopCa:258] FSDCT reset capture engine by idle ...
[2020-05-26 20:49:13.388] [   9672] [    asio] [DBG] [EventLoop.cx:20] The previous message repeated 2 times
[2020-05-26 20:49:13.388] [   9672] [    asio] [DBG] [EventLoop.cx:20] EventLoop::setupIdleHolder ...
[2020-05-26 20:49:27.661] [   9672] [   FSDCT] [DBG] [FSDesktopCa:258] The previous message repeated 2 times
[2020-05-26 20:49:27.661] [   9672] [   FSDCT] [DBG] [FSDesktopCa:258] FSDCT reset capture engine by idle ...
[2020-05-26 20:50:13.389] [   9672] [    TEAM] [DBG] [EventLoop.cx:20] The previous message repeated 2 times
[2020-05-26 20:50:13.389] [   9672] [    TEAM] [DBG] [EventLoop.cx:20] EventLoop::setupIdleHolder ...
[2020-05-26 20:50:24.050] [   9672] [   FSDCT] [DBG] [FSDesktopCa:258] The previous message repeated 2 times
[2020-05-26 20:50:24.050] [   9672] [   FSDCT] [DBG] [FSDesktopCa:258] FSDCT reset capture engine by idle ...
[2020-05-26 20:51:13.391] [   9672] [    asio] [DBG] [EventLoop.cx:20] The previous message repeated 2 times
[2020-05-26 20:51:13.391] [   9672] [    asio] [DBG] [EventLoop.cx:20] EventLoop::setupIdleHolder ...
[2020-05-26 20:51:20.489] [   9672] [   FSDCT] [DBG] [FSDesktopCa:258] The previous message repeated 2 times
[2020-05-26 20:51:20.489] [   9672] [   FSDCT] [DBG] [FSDesktopCa:258] FSDCT reset capture engine by idle ...
[2020-05-26 20:52:13.392] [   9672] [   WSSIP] [DBG] [EventLoop.cx:20] The previous message repeated 2 times
[2020-05-26 20:52:13.392] [   9672] [   WSSIP] [DBG] [EventLoop.cx:20] EventLoop::setupIdleHolder ...
[2020-05-26 20:52:16.881] [   9672] [   FSDCT] [DBG] [FSDesktopCa:258] The previous message repeated 2 times
[2020-05-26 20:52:16.881] [   9672] [   FSDCT] [DBG] [FSDesktopCa:258] FSDCT reset capture engine by idle ...
[2020-05-26 20:53:13.393] [   9672] [   WSSIP] [DBG] [EventLoop.cx:20] The previous message repeated 3 times
[2020-05-26 20:53:13.393] [   9672] [   WSSIP] [DBG] [EventLoop.cx:20] EventLoop::setupIdleHolder ...
[2020-05-26 20:53:32.064] [   9672] [   FSDCT] [DBG] [FSDesktopCa:258] The previous message repeated 2 times
[2020-05-26 20:53:32.064] [   9672] [   FSDCT] [DBG] [FSDesktopCa:258] FSDCT reset capture engine by idle ...
[2020-05-26 20:54:13.394] [   9672] [    TEAM] [DBG] [EventLoop.cx:20] The previous message repeated 2 times
[2020-05-26 20:54:13.394] [   9672] [    TEAM] [DBG] [EventLoop.cx:20] EventLoop::setupIdleHolder ...
[2020-05-26 20:54:28.454] [   9672] [   FSDCT] [DBG] [FSDesktopCa:258] The previous message repeated 2 times
[2020-05-26 20:54:28.454] [   9672] [   FSDCT] [DBG] [FSDesktopCa:258] FSDCT reset capture engine by idle ...
[2020-05-26 20:55:13.395] [   9672] [   WSSIP] [DBG] [EventLoop.cx:20] The previous message repeated 2 times
[2020-05-26 20:55:13.395] [   9672] [   WSSIP] [DBG] [EventLoop.cx:20] EventLoop::setupIdleHolder ...
[2020-05-26 20:55:24.852] [   9672] [   FSDCT] [DBG] [FSDesktopCa:258] The previous message repeated 2 times
[2020-05-26 20:55:24.852] [   9672] [   FSDCT] [DBG] [FSDesktopCa:258] FSDCT reset capture engine by idle ...
[2020-05-26 20:56:13.396] [   9672] [   WSSIP] [DBG] [EventLoop.cx:20] The previous message repeated 2 times
[2020-05-26 20:56:13.396] [   9672] [   WSSIP] [DBG] [EventLoop.cx:20] EventLoop::setupIdleHolder ...
[2020-05-26 20:56:21.239] [   9672] [   FSDCT] [DBG] [FSDesktopCa:258] The previous message repeated 2 times
[2020-05-26 20:56:21.239] [   9672] [   FSDCT] [DBG] [FSDesktopCa:258] FSDCT reset capture engine by idle ...
[2020-05-26 20:57:13.397] [   9672] [   WSSIP] [DBG] [EventLoop.cx:20] The previous message repeated 2 times
[2020-05-26 20:57:13.397] [   9672] [   WSSIP] [DBG] [EventLoop.cx:20] EventLoop::setupIdleHolder ...
[2020-05-26 20:57:17.633] [   9672] [   FSDCT] [DBG] [FSDesktopCa:258] The previous message repeated 2 times
[2020-05-26 20:57:17.633] [   9672] [   FSDCT] [DBG] [FSDesktopCa:258] FSDCT reset capture engine by idle ...
[2020-05-26 20:58:13.397] [   9672] [   WSSIP] [DBG] [EventLoop.cx:20] The previous message repeated 2 times
[2020-05-26 20:58:13.397] [   9672] [   WSSIP] [DBG] [EventLoop.cx:20] EventLoop::setupIdleHolder ...
[2020-05-26 20:58:14.227] [   9672] [   FSDCT] [DBG] [FSDesktopCa:258] The previous message repeated 2 times
[2020-05-26 20:58:14.227] [   9672] [   FSDCT] [DBG] [FSDesktopCa:258] FSDCT reset capture engine by idle ...
[2020-05-26 20:59:13.399] [   9672] [   WSSIP] [DBG] [EventLoop.cx:20] The previous message repeated 3 times
[2020-05-26 20:59:13.399] [   9672] [   WSSIP] [DBG] [EventLoop.cx:20] EventLoop::setupIdleHolder ...
[2020-05-26 20:59:29.428] [   9672] [   FSDCT] [DBG] [FSDesktopCa:258] The previous message repeated 2 times
[2020-05-26 20:59:29.428] [   9672] [   FSDCT] [DBG] [FSDesktopCa:258] FSDCT reset capture engine by idle ...
[2020-05-26 21:00:13.400] [   9672] [   WSSIP] [DBG] [EventLoop.cx:20] The previous message repeated 2 times
[2020-05-26 21:00:13.400] [   9672] [   WSSIP] [DBG] [EventLoop.cx:20] EventLoop::setupIdleHolder ...
[2020-05-26 21:00:25.820] [   9672] [   FSDCT] [DBG] [FSDesktopCa:258] The previous message repeated 2 times
[2020-05-26 21:00:25.820] [   9672] [   FSDCT] [DBG] [FSDesktopCa:258] FSDCT reset capture engine by idle ...
[2020-05-26 21:01:13.401] [   9672] [    asio] [DBG] [EventLoop.cx:20] The previous message repeated 2 times
[2020-05-26 21:01:13.401] [   9672] [    asio] [DBG] [EventLoop.cx:20] EventLoop::setupIdleHolder ...
[2020-05-26 21:01:22.206] [   9672] [   FSDCT] [DBG] [FSDesktopCa:258] The previous message repeated 2 times
[2020-05-26 21:01:22.206] [   9672] [   FSDCT] [DBG] [FSDesktopCa:258] FSDCT reset capture engine by idle ...
[2020-05-26 21:02:13.402] [   9672] [    TEAM] [DBG] [EventLoop.cx:20] The previous message repeated 2 times
[2020-05-26 21:02:13.402] [   9672] [    TEAM] [DBG] [EventLoop.cx:20] EventLoop::setupIdleHolder ...
[2020-05-26 21:02:18.598] [   9672] [   FSDCT] [DBG] [FSDesktopCa:258] The previous message repeated 2 times
[2020-05-26 21:02:18.598] [   9672] [   FSDCT] [DBG] [FSDesktopCa:258] FSDCT reset capture engine by idle ...
[2020-05-26 21:03:13.403] [   9672] [   WSSIP] [DBG] [EventLoop.cx:20] The previous message repeated 2 times
[2020-05-26 21:03:13.403] [   9672] [   WSSIP] [DBG] [EventLoop.cx:20] EventLoop::setupIdleHolder ...
[2020-05-26 21:03:15.002] [   9672] [   FSDCT] [DBG] [FSDesktopCa:258] The previous message repeated 2 times
[2020-05-26 21:03:15.002] [   9672] [   FSDCT] [DBG] [FSDesktopCa:258] FSDCT reset capture engine by idle ...
[2020-05-26 21:04:13.404] [   9672] [   WSSIP] [DBG] [EventLoop.cx:20] The previous message repeated 3 times
[2020-05-26 21:04:13.404] [   9672] [   WSSIP] [DBG] [EventLoop.cx:20] EventLoop::setupIdleHolder ...
[2020-05-26 21:04:30.195] [   9672] [   FSDCT] [DBG] [FSDesktopCa:258] The previous message repeated 2 times
[2020-05-26 21:04:30.195] [   9672] [   FSDCT] [DBG] [FSDesktopCa:258] FSDCT reset capture engine by idle ...
[2020-05-26 21:05:13.404] [   9672] [    TEAM] [DBG] [EventLoop.cx:20] The previous message repeated 2 times
[2020-05-26 21:05:13.404] [   9672] [    TEAM] [DBG] [EventLoop.cx:20] EventLoop::setupIdleHolder ...
[2020-05-26 21:05:26.582] [   9672] [   FSDCT] [DBG] [FSDesktopCa:258] The previous message repeated 2 times
[2020-05-26 21:05:26.582] [   9672] [   FSDCT] [DBG] [FSDesktopCa:258] FSDCT reset capture engine by idle ...
[2020-05-26 21:06:13.404] [   9672] [    TEAM] [DBG] [EventLoop.cx:20] The previous message repeated 2 times
[2020-05-26 21:06:13.404] [   9672] [    TEAM] [DBG] [EventLoop.cx:20] EventLoop::setupIdleHolder ...
[2020-05-26 21:06:22.991] [   9672] [   FSDCT] [DBG] [FSDesktopCa:258] The previous message repeated 2 times
[2020-05-26 21:06:22.991] [   9672] [   FSDCT] [DBG] [FSDesktopCa:258] FSDCT reset capture engine by idle ...
[2020-05-26 21:07:13.405] [   9672] [    TEAM] [DBG] [EventLoop.cx:20] The previous message repeated 2 times
[2020-05-26 21:07:13.405] [   9672] [    TEAM] [DBG] [EventLoop.cx:20] EventLoop::setupIdleHolder ...
[2020-05-26 21:07:19.489] [   9672] [   FSDCT] [DBG] [FSDesktopCa:258] The previous message repeated 2 times
[2020-05-26 21:07:19.489] [   9672] [   FSDCT] [DBG] [FSDesktopCa:258] FSDCT reset capture engine by idle ...
[2020-05-26 21:08:13.405] [   9672] [    TEAM] [DBG] [EventLoop.cx:20] The previous message repeated 2 times
[2020-05-26 21:08:13.405] [   9672] [    TEAM] [DBG] [EventLoop.cx:20] EventLoop::setupIdleHolder ...
[2020-05-26 21:08:15.927] [   9672] [   FSDCT] [DBG] [FSDesktopCa:258] The previous message repeated 2 times
[2020-05-26 21:08:15.927] [   9672] [   FSDCT] [DBG] [FSDesktopCa:258] FSDCT reset capture engine by idle ...
[2020-05-26 21:09:13.406] [   9672] [    TEAM] [DBG] [EventLoop.cx:20] The previous message repeated 3 times
[2020-05-26 21:09:13.406] [   9672] [    TEAM] [DBG] [EventLoop.cx:20] EventLoop::setupIdleHolder ...
[2020-05-26 21:09:31.332] [   9672] [   FSDCT] [DBG] [FSDesktopCa:258] The previous message repeated 2 times
[2020-05-26 21:09:31.332] [   9672] [   FSDCT] [DBG] [FSDesktopCa:258] FSDCT reset capture engine by idle ...
[2020-05-26 21:10:13.412] [   9672] [    TEAM] [DBG] [EventLoop.cx:20] The previous message repeated 2 times
[2020-05-26 21:10:13.412] [   9672] [    TEAM] [DBG] [EventLoop.cx:20] EventLoop::setupIdleHolder ...
[2020-05-26 21:10:27.730] [   9672] [   FSDCT] [DBG] [FSDesktopCa:258] The previous message repeated 2 times
[2020-05-26 21:10:27.730] [   9672] [   FSDCT] [DBG] [FSDesktopCa:258] FSDCT reset capture engine by idle ...
[2020-05-26 21:11:13.425] [   9672] [    TEAM] [DBG] [EventLoop.cx:20] The previous message repeated 2 times
[2020-05-26 21:11:13.425] [   9672] [    TEAM] [DBG] [EventLoop.cx:20] EventLoop::setupIdleHolder ...
[2020-05-26 21:11:24.117] [   9672] [   FSDCT] [DBG] [FSDesktopCa:258] The previous message repeated 2 times
[2020-05-26 21:11:24.117] [   9672] [   FSDCT] [DBG] [FSDesktopCa:258] FSDCT reset capture engine by idle ...
[2020-05-26 21:12:13.429] [   9672] [    TEAM] [DBG] [EventLoop.cx:20] The previous message repeated 2 times
[2020-05-26 21:12:13.429] [   9672] [    TEAM] [DBG] [EventLoop.cx:20] EventLoop::setupIdleHolder ...
[2020-05-26 21:12:20.517] [   9672] [   FSDCT] [DBG] [FSDesktopCa:258] The previous message repeated 2 times
[2020-05-26 21:12:20.517] [   9672] [   FSDCT] [DBG] [FSDesktopCa:258] FSDCT reset capture engine by idle ...
[2020-05-26 21:13:13.436] [   9672] [    TEAM] [DBG] [EventLoop.cx:20] The previous message repeated 2 times
[2020-05-26 21:13:13.436] [   9672] [    TEAM] [DBG] [EventLoop.cx:20] EventLoop::setupIdleHolder ...
[2020-05-26 21:13:17.186] [   9672] [   FSDCT] [DBG] [FSDesktopCa:258] The previous message repeated 2 times
[2020-05-26 21:13:17.186] [   9672] [   FSDCT] [DBG] [FSDesktopCa:258] FSDCT reset capture engine by idle ...
[2020-05-26 21:14:13.438] [   9672] [    TEAM] [DBG] [EventLoop.cx:20] The previous message repeated 2 times
[2020-05-26 21:14:13.438] [   9672] [    TEAM] [DBG] [EventLoop.cx:20] EventLoop::setupIdleHolder ...
[2020-05-26 21:14:13.583] [   9672] [   FSDCT] [DBG] [FSDesktopCa:258] The previous message repeated 2 times
[2020-05-26 21:14:13.583] [   9672] [   FSDCT] [DBG] [FSDesktopCa:258] FSDCT reset capture engine by idle ...
[2020-05-26 21:15:13.439] [   9672] [    TEAM] [DBG] [EventLoop.cx:20] The previous message repeated 3 times
[2020-05-26 21:15:13.439] [   9672] [    TEAM] [DBG] [EventLoop.cx:20] EventLoop::setupIdleHolder ...
[2020-05-26 21:15:28.774] [   9672] [   FSDCT] [DBG] [FSDesktopCa:258] The previous message repeated 2 times
[2020-05-26 21:15:28.774] [   9672] [   FSDCT] [DBG] [FSDesktopCa:258] FSDCT reset capture engine by idle ...
[2020-05-26 21:16:13.441] [   9672] [    TEAM] [DBG] [EventLoop.cx:20] The previous message repeated 2 times
[2020-05-26 21:16:13.441] [   9672] [    TEAM] [DBG] [EventLoop.cx:20] EventLoop::setupIdleHolder ...
[2020-05-26 21:16:25.193] [   9672] [   FSDCT] [DBG] [FSDesktopCa:258] The previous message repeated 2 times
[2020-05-26 21:16:25.193] [   9672] [   FSDCT] [DBG] [FSDesktopCa:258] FSDCT reset capture engine by idle ...
[2020-05-26 21:17:13.442] [   9672] [    TEAM] [DBG] [EventLoop.cx:20] The previous message repeated 2 times
[2020-05-26 21:17:13.442] [   9672] [    TEAM] [DBG] [EventLoop.cx:20] EventLoop::setupIdleHolder ...
[2020-05-26 21:17:21.617] [   9672] [   FSDCT] [DBG] [FSDesktopCa:258] The previous message repeated 2 times
[2020-05-26 21:17:21.617] [   9672] [   FSDCT] [DBG] [FSDesktopCa:258] FSDCT reset capture engine by idle ...
[2020-05-26 21:18:13.443] [   9672] [    TEAM] [DBG] [EventLoop.cx:20] The previous message repeated 2 times
[2020-05-26 21:18:13.443] [   9672] [    TEAM] [DBG] [EventLoop.cx:20] EventLoop::setupIdleHolder ...
[2020-05-26 21:18:18.049] [   9672] [   FSDCT] [DBG] [FSDesktopCa:258] The previous message repeated 2 times
[2020-05-26 21:18:18.049] [   9672] [   FSDCT] [DBG] [FSDesktopCa:258] FSDCT reset capture engine by idle ...
[2020-05-26 21:19:13.444] [   9672] [    TEAM] [DBG] [EventLoop.cx:20] The previous message repeated 2 times
[2020-05-26 21:19:13.444] [   9672] [    TEAM] [DBG] [EventLoop.cx:20] EventLoop::setupIdleHolder ...
[2020-05-26 21:19:14.487] [   9672] [   FSDCT] [DBG] [FSDesktopCa:258] The previous message repeated 2 times
[2020-05-26 21:19:14.487] [   9672] [   FSDCT] [DBG] [FSDesktopCa:258] FSDCT reset capture engine by idle ...
[2020-05-26 21:20:13.445] [   9672] [    TEAM] [DBG] [EventLoop.cx:20] The previous message repeated 3 times
[2020-05-26 21:20:13.445] [   9672] [    TEAM] [DBG] [EventLoop.cx:20] EventLoop::setupIdleHolder ...
[2020-05-26 21:20:29.705] [   9672] [   FSDCT] [DBG] [FSDesktopCa:258] The previous message repeated 2 times
[2020-05-26 21:20:29.705] [   9672] [   FSDCT] [DBG] [FSDesktopCa:258] FSDCT reset capture engine by idle ...
[2020-05-26 21:21:13.446] [   9672] [    TEAM] [DBG] [EventLoop.cx:20] The previous message repeated 2 times
[2020-05-26 21:21:13.446] [   9672] [    TEAM] [DBG] [EventLoop.cx:20] EventLoop::setupIdleHolder ...
[2020-05-26 21:21:26.118] [   9672] [   FSDCT] [DBG] [FSDesktopCa:258] The previous message repeated 2 times
[2020-05-26 21:21:26.118] [   9672] [   FSDCT] [DBG] [FSDesktopCa:258] FSDCT reset capture engine by idle ...
[2020-05-26 21:22:13.446] [   9672] [    TEAM] [DBG] [EventLoop.cx:20] The previous message repeated 2 times
[2020-05-26 21:22:13.446] [   9672] [    TEAM] [DBG] [EventLoop.cx:20] EventLoop::setupIdleHolder ...
[2020-05-26 21:22:22.554] [   9672] [   FSDCT] [DBG] [FSDesktopCa:258] The previous message repeated 2 times
[2020-05-26 21:22:22.554] [   9672] [   FSDCT] [DBG] [FSDesktopCa:258] FSDCT reset capture engine by idle ...
[2020-05-26 21:23:13.448] [   9672] [    TEAM] [DBG] [EventLoop.cx:20] The previous message repeated 2 times
[2020-05-26 21:23:13.448] [   9672] [    TEAM] [DBG] [EventLoop.cx:20] EventLoop::setupIdleHolder ...
[2020-05-26 21:23:18.944] [   9672] [   FSDCT] [DBG] [FSDesktopCa:258] The previous message repeated 2 times
[2020-05-26 21:23:18.944] [   9672] [   FSDCT] [DBG] [FSDesktopCa:258] FSDCT reset capture engine by idle ...
[2020-05-26 21:24:13.449] [   9672] [    TEAM] [DBG] [EventLoop.cx:20] The previous message repeated 2 times
[2020-05-26 21:24:13.449] [   9672] [    TEAM] [DBG] [EventLoop.cx:20] EventLoop::setupIdleHolder ...
[2020-05-26 21:24:15.333] [   9672] [   FSDCT] [DBG] [FSDesktopCa:258] The previous message repeated 2 times
[2020-05-26 21:24:15.333] [   9672] [   FSDCT] [DBG] [FSDesktopCa:258] FSDCT reset capture engine by idle ...
[2020-05-26 21:25:13.449] [   9672] [    TEAM] [DBG] [EventLoop.cx:20] The previous message repeated 3 times
[2020-05-26 21:25:13.449] [   9672] [    TEAM] [DBG] [EventLoop.cx:20] EventLoop::setupIdleHolder ...
[2020-05-26 21:25:30.596] [   9672] [   FSDCT] [DBG] [FSDesktopCa:258] The previous message repeated 2 times
[2020-05-26 21:25:30.596] [   9672] [   FSDCT] [DBG] [FSDesktopCa:258] FSDCT reset capture engine by idle ...
[2020-05-26 21:26:13.451] [   9672] [    TEAM] [DBG] [EventLoop.cx:20] The previous message repeated 2 times
[2020-05-26 21:26:13.451] [   9672] [    TEAM] [DBG] [EventLoop.cx:20] EventLoop::setupIdleHolder ...
[2020-05-26 21:26:26.989] [   9672] [   FSDCT] [DBG] [FSDesktopCa:258] The previous message repeated 2 times
[2020-05-26 21:26:26.989] [   9672] [   FSDCT] [DBG] [FSDesktopCa:258] FSDCT reset capture engine by idle ...
[2020-05-26 21:27:13.452] [   9672] [    TEAM] [DBG] [EventLoop.cx:20] The previous message repeated 2 times
[2020-05-26 21:27:13.452] [   9672] [    TEAM] [DBG] [EventLoop.cx:20] EventLoop::setupIdleHolder ...
[2020-05-26 21:27:23.378] [   9672] [   FSDCT] [DBG] [FSDesktopCa:258] The previous message repeated 2 times
[2020-05-26 21:27:23.378] [   9672] [   FSDCT] [DBG] [FSDesktopCa:258] FSDCT reset capture engine by idle ...
[2020-05-26 21:28:13.453] [   9672] [    TEAM] [DBG] [EventLoop.cx:20] The previous message repeated 2 times
[2020-05-26 21:28:13.453] [   9672] [    TEAM] [DBG] [EventLoop.cx:20] EventLoop::setupIdleHolder ...
[2020-05-26 21:28:19.772] [   9672] [   FSDCT] [DBG] [FSDesktopCa:258] The previous message repeated 2 times
[2020-05-26 21:28:19.772] [   9672] [   FSDCT] [DBG] [FSDesktopCa:258] FSDCT reset capture engine by idle ...
[2020-05-26 21:29:13.453] [   9672] [    TEAM] [DBG] [EventLoop.cx:20] The previous message repeated 2 times
[2020-05-26 21:29:13.453] [   9672] [    TEAM] [DBG] [EventLoop.cx:20] EventLoop::setupIdleHolder ...
[2020-05-26 21:29:16.177] [   9672] [   FSDCT] [DBG] [FSDesktopCa:258] The previous message repeated 2 times
[2020-05-26 21:29:16.177] [   9672] [   FSDCT] [DBG] [FSDesktopCa:258] FSDCT reset capture engine by idle ...
[2020-05-26 21:30:13.454] [   9672] [    TEAM] [DBG] [EventLoop.cx:20] The previous message repeated 3 times
[2020-05-26 21:30:13.454] [   9672] [    TEAM] [DBG] [EventLoop.cx:20] EventLoop::setupIdleHolder ...
[2020-05-26 21:30:31.370] [   9672] [   FSDCT] [DBG] [FSDesktopCa:258] The previous message repeated 2 times
[2020-05-26 21:30:31.370] [   9672] [   FSDCT] [DBG] [FSDesktopCa:258] FSDCT reset capture engine by idle ...
[2020-05-26 21:31:13.455] [   9672] [    TEAM] [DBG] [EventLoop.cx:20] The previous message repeated 2 times
[2020-05-26 21:31:13.455] [   9672] [    TEAM] [DBG] [EventLoop.cx:20] EventLoop::setupIdleHolder ...
[2020-05-26 21:31:27.754] [   9672] [   FSDCT] [DBG] [FSDesktopCa:258] The previous message repeated 2 times
[2020-05-26 21:31:27.754] [   9672] [   FSDCT] [DBG] [FSDesktopCa:258] FSDCT reset capture engine by idle ...
[2020-05-26 21:32:13.455] [   9672] [    TEAM] [DBG] [EventLoop.cx:20] The previous message repeated 2 times
[2020-05-26 21:32:13.455] [   9672] [    TEAM] [DBG] [EventLoop.cx:20] EventLoop::setupIdleHolder ...
[2020-05-26 21:32:24.143] [   9672] [   FSDCT] [DBG] [FSDesktopCa:258] The previous message repeated 2 times
[2020-05-26 21:32:24.143] [   9672] [   FSDCT] [DBG] [FSDesktopCa:258] FSDCT reset capture engine by idle ...
[2020-05-26 21:33:13.455] [   9672] [    TEAM] [DBG] [EventLoop.cx:20] The previous message repeated 2 times
[2020-05-26 21:33:13.455] [   9672] [    TEAM] [DBG] [EventLoop.cx:20] EventLoop::setupIdleHolder ...
[2020-05-26 21:33:20.538] [   9672] [   FSDCT] [DBG] [FSDesktopCa:258] The previous message repeated 2 times
[2020-05-26 21:33:20.538] [   9672] [   FSDCT] [DBG] [FSDesktopCa:258] FSDCT reset capture engine by idle ...
[2020-05-26 21:34:13.456] [   9672] [    TEAM] [DBG] [EventLoop.cx:20] The previous message repeated 2 times
[2020-05-26 21:34:13.456] [   9672] [    TEAM] [DBG] [EventLoop.cx:20] EventLoop::setupIdleHolder ...
[2020-05-26 21:34:16.944] [   9672] [   FSDCT] [DBG] [FSDesktopCa:258] The previous message repeated 2 times
[2020-05-26 21:34:16.944] [   9672] [   FSDCT] [DBG] [FSDesktopCa:258] FSDCT reset capture engine by idle ...
[2020-05-26 21:35:13.458] [   9672] [    TEAM] [DBG] [EventLoop.cx:20] The previous message repeated 3 times
[2020-05-26 21:35:13.458] [   9672] [    TEAM] [DBG] [EventLoop.cx:20] EventLoop::setupIdleHolder ...
[2020-05-26 21:35:32.174] [   9672] [   FSDCT] [DBG] [FSDesktopCa:258] The previous message repeated 2 times
[2020-05-26 21:35:32.174] [   9672] [   FSDCT] [DBG] [FSDesktopCa:258] FSDCT reset capture engine by idle ...
[2020-05-26 21:36:13.458] [   9672] [    TEAM] [DBG] [EventLoop.cx:20] The previous message repeated 2 times
[2020-05-26 21:36:13.458] [   9672] [    TEAM] [DBG] [EventLoop.cx:20] EventLoop::setupIdleHolder ...
[2020-05-26 21:36:28.616] [   9672] [   FSDCT] [DBG] [FSDesktopCa:258] The previous message repeated 2 times
[2020-05-26 21:36:28.616] [   9672] [   FSDCT] [DBG] [FSDesktopCa:258] FSDCT reset capture engine by idle ...
[2020-05-26 21:37:13.460] [   9672] [    TEAM] [DBG] [EventLoop.cx:20] The previous message repeated 2 times
[2020-05-26 21:37:13.460] [   9672] [    TEAM] [DBG] [EventLoop.cx:20] EventLoop::setupIdleHolder ...
[2020-05-26 21:37:25.079] [   9672] [   FSDCT] [DBG] [FSDesktopCa:258] The previous message repeated 2 times
[2020-05-26 21:37:25.079] [   9672] [   FSDCT] [DBG] [FSDesktopCa:258] FSDCT reset capture engine by idle ...
[2020-05-26 21:38:13.461] [   9672] [    TEAM] [DBG] [EventLoop.cx:20] The previous message repeated 2 times
[2020-05-26 21:38:13.461] [   9672] [    TEAM] [DBG] [EventLoop.cx:20] EventLoop::setupIdleHolder ...
[2020-05-26 21:38:21.509] [   9672] [   FSDCT] [DBG] [FSDesktopCa:258] The previous message repeated 2 times
[2020-05-26 21:38:21.509] [   9672] [   FSDCT] [DBG] [FSDesktopCa:258] FSDCT reset capture engine by idle ...
[2020-05-26 21:39:13.461] [   9672] [    TEAM] [DBG] [EventLoop.cx:20] The previous message repeated 2 times
[2020-05-26 21:39:13.461] [   9672] [    TEAM] [DBG] [EventLoop.cx:20] EventLoop::setupIdleHolder ...
[2020-05-26 21:39:17.955] [   9672] [   FSDCT] [DBG] [FSDesktopCa:258] The previous message repeated 2 times
[2020-05-26 21:39:17.955] [   9672] [   FSDCT] [DBG] [FSDesktopCa:258] FSDCT reset capture engine by idle ...
[2020-05-26 21:40:13.463] [   9672] [    TEAM] [DBG] [EventLoop.cx:20] The previous message repeated 2 times
[2020-05-26 21:40:13.463] [   9672] [    TEAM] [DBG] [EventLoop.cx:20] EventLoop::setupIdleHolder ...
[2020-05-26 21:40:14.458] [   9672] [   FSDCT] [DBG] [FSDesktopCa:258] The previous message repeated 2 times
[2020-05-26 21:40:14.458] [   9672] [   FSDCT] [DBG] [FSDesktopCa:258] FSDCT reset capture engine by idle ...
[2020-05-26 21:41:13.464] [   9672] [    TEAM] [DBG] [EventLoop.cx:20] The previous message repeated 3 times
[2020-05-26 21:41:13.464] [   9672] [    TEAM] [DBG] [EventLoop.cx:20] EventLoop::setupIdleHolder ...
[2020-05-26 21:41:29.679] [   9672] [   FSDCT] [DBG] [FSDesktopCa:258] The previous message repeated 2 times
[2020-05-26 21:41:29.679] [   9672] [   FSDCT] [DBG] [FSDesktopCa:258] FSDCT reset capture engine by idle ...
[2020-05-26 21:42:13.465] [   9672] [    TEAM] [DBG] [EventLoop.cx:20] The previous message repeated 2 times
[2020-05-26 21:42:13.465] [   9672] [    TEAM] [DBG] [EventLoop.cx:20] EventLoop::setupIdleHolder ...
[2020-05-26 21:42:26.180] [   9672] [   FSDCT] [DBG] [FSDesktopCa:258] The previous message repeated 2 times
[2020-05-26 21:42:26.180] [   9672] [   FSDCT] [DBG] [FSDesktopCa:258] FSDCT reset capture engine by idle ...
[2020-05-26 21:43:13.466] [   9672] [    TEAM] [DBG] [EventLoop.cx:20] The previous message repeated 2 times
[2020-05-26 21:43:13.466] [   9672] [    TEAM] [DBG] [EventLoop.cx:20] EventLoop::setupIdleHolder ...
[2020-05-26 21:43:22.629] [   9672] [   FSDCT] [DBG] [FSDesktopCa:258] The previous message repeated 2 times
[2020-05-26 21:43:22.629] [   9672] [   FSDCT] [DBG] [FSDesktopCa:258] FSDCT reset capture engine by idle ...
[2020-05-26 21:44:13.467] [   9672] [    TEAM] [DBG] [EventLoop.cx:20] The previous message repeated 2 times
[2020-05-26 21:44:13.467] [   9672] [    TEAM] [DBG] [EventLoop.cx:20] EventLoop::setupIdleHolder ...
[2020-05-26 21:44:19.038] [   9672] [   FSDCT] [DBG] [FSDesktopCa:258] The previous message repeated 2 times
[2020-05-26 21:44:19.038] [   9672] [   FSDCT] [DBG] [FSDesktopCa:258] FSDCT reset capture engine by idle ...
[2020-05-26 21:45:13.468] [   9672] [    TEAM] [DBG] [EventLoop.cx:20] The previous message repeated 2 times
[2020-05-26 21:45:13.468] [   9672] [    TEAM] [DBG] [EventLoop.cx:20] EventLoop::setupIdleHolder ...
[2020-05-26 21:45:15.462] [   9672] [   FSDCT] [DBG] [FSDesktopCa:258] The previous message repeated 2 times
[2020-05-26 21:45:15.462] [   9672] [   FSDCT] [DBG] [FSDesktopCa:258] FSDCT reset capture engine by idle ...
[2020-05-26 21:46:13.469] [   9672] [    TEAM] [DBG] [EventLoop.cx:20] The previous message repeated 3 times
[2020-05-26 21:46:13.469] [   9672] [    TEAM] [DBG] [EventLoop.cx:20] EventLoop::setupIdleHolder ...
[2020-05-26 21:46:30.721] [   9672] [   FSDCT] [DBG] [FSDesktopCa:258] The previous message repeated 2 times
[2020-05-26 21:46:30.721] [   9672] [   FSDCT] [DBG] [FSDesktopCa:258] FSDCT reset capture engine by idle ...
[2020-05-26 21:47:13.471] [   9672] [    TEAM] [DBG] [EventLoop.cx:20] The previous message repeated 2 times
[2020-05-26 21:47:13.471] [   9672] [    TEAM] [DBG] [EventLoop.cx:20] EventLoop::setupIdleHolder ...
[2020-05-26 21:47:27.161] [   9672] [   FSDCT] [DBG] [FSDesktopCa:258] The previous message repeated 2 times
[2020-05-26 21:47:27.161] [   9672] [   FSDCT] [DBG] [FSDesktopCa:258] FSDCT reset capture engine by idle ...
[2020-05-26 21:48:13.471] [   9672] [    TEAM] [DBG] [EventLoop.cx:20] The previous message repeated 2 times
[2020-05-26 21:48:13.471] [   9672] [    TEAM] [DBG] [EventLoop.cx:20] EventLoop::setupIdleHolder ...
[2020-05-26 21:48:23.648] [   9672] [   FSDCT] [DBG] [FSDesktopCa:258] The previous message repeated 2 times
[2020-05-26 21:48:23.648] [   9672] [   FSDCT] [DBG] [FSDesktopCa:258] FSDCT reset capture engine by idle ...
[2020-05-26 21:49:13.472] [   9672] [    TEAM] [DBG] [EventLoop.cx:20] The previous message repeated 2 times
[2020-05-26 21:49:13.472] [   9672] [    TEAM] [DBG] [EventLoop.cx:20] EventLoop::setupIdleHolder ...
[2020-05-26 21:49:20.067] [   9672] [   FSDCT] [DBG] [FSDesktopCa:258] The previous message repeated 2 times
[2020-05-26 21:49:20.067] [   9672] [   FSDCT] [DBG] [FSDesktopCa:258] FSDCT reset capture engine by idle ...
[2020-05-26 21:50:13.474] [   9672] [    TEAM] [DBG] [EventLoop.cx:20] The previous message repeated 2 times
[2020-05-26 21:50:13.474] [   9672] [    TEAM] [DBG] [EventLoop.cx:20] EventLoop::setupIdleHolder ...
[2020-05-26 21:50:16.486] [   9672] [   FSDCT] [DBG] [FSDesktopCa:258] The previous message repeated 2 times
[2020-05-26 21:50:16.486] [   9672] [   FSDCT] [DBG] [FSDesktopCa:258] FSDCT reset capture engine by idle ...
[2020-05-26 21:51:13.474] [   9672] [    TEAM] [DBG] [EventLoop.cx:20] The previous message repeated 3 times
[2020-05-26 21:51:13.474] [   9672] [    TEAM] [DBG] [EventLoop.cx:20] EventLoop::setupIdleHolder ...
[2020-05-26 21:51:31.708] [   9672] [   FSDCT] [DBG] [FSDesktopCa:258] The previous message repeated 2 times
[2020-05-26 21:51:31.708] [   9672] [   FSDCT] [DBG] [FSDesktopCa:258] FSDCT reset capture engine by idle ...
[2020-05-26 21:52:13.476] [   9672] [    TEAM] [DBG] [EventLoop.cx:20] The previous message repeated 2 times
[2020-05-26 21:52:13.476] [   9672] [    TEAM] [DBG] [EventLoop.cx:20] EventLoop::setupIdleHolder ...
[2020-05-26 21:52:28.102] [   9672] [   FSDCT] [DBG] [FSDesktopCa:258] The previous message repeated 2 times
[2020-05-26 21:52:28.102] [   9672] [   FSDCT] [DBG] [FSDesktopCa:258] FSDCT reset capture engine by idle ...
[2020-05-26 21:53:13.477] [   9672] [    TEAM] [DBG] [EventLoop.cx:20] The previous message repeated 2 times
[2020-05-26 21:53:13.477] [   9672] [    TEAM] [DBG] [EventLoop.cx:20] EventLoop::setupIdleHolder ...
[2020-05-26 21:53:24.487] [   9672] [   FSDCT] [DBG] [FSDesktopCa:258] The previous message repeated 2 times
[2020-05-26 21:53:24.487] [   9672] [   FSDCT] [DBG] [FSDesktopCa:258] FSDCT reset capture engine by idle ...
[2020-05-26 21:54:13.478] [   9672] [    TEAM] [DBG] [EventLoop.cx:20] The previous message repeated 2 times
[2020-05-26 21:54:13.478] [   9672] [    TEAM] [DBG] [EventLoop.cx:20] EventLoop::setupIdleHolder ...
[2020-05-26 21:54:20.928] [   9672] [   FSDCT] [DBG] [FSDesktopCa:258] The previous message repeated 2 times
[2020-05-26 21:54:20.928] [   9672] [   FSDCT] [DBG] [FSDesktopCa:258] FSDCT reset capture engine by idle ...
[2020-05-26 21:55:13.479] [   9672] [    TEAM] [DBG] [EventLoop.cx:20] The previous message repeated 2 times
[2020-05-26 21:55:13.479] [   9672] [    TEAM] [DBG] [EventLoop.cx:20] EventLoop::setupIdleHolder ...
[2020-05-26 21:55:17.331] [   9672] [   FSDCT] [DBG] [FSDesktopCa:258] The previous message repeated 2 times
[2020-05-26 21:55:17.331] [   9672] [   FSDCT] [DBG] [FSDesktopCa:258] FSDCT reset capture engine by idle ...
[2020-05-26 21:56:13.480] [   9672] [    TEAM] [DBG] [EventLoop.cx:20] The previous message repeated 2 times
[2020-05-26 21:56:13.480] [   9672] [    TEAM] [DBG] [EventLoop.cx:20] EventLoop::setupIdleHolder ...
[2020-05-26 21:56:13.789] [   9672] [   FSDCT] [DBG] [FSDesktopCa:258] The previous message repeated 2 times
[2020-05-26 21:56:13.789] [   9672] [   FSDCT] [DBG] [FSDesktopCa:258] FSDCT reset capture engine by idle ...
[2020-05-26 21:57:13.481] [   9672] [    TEAM] [DBG] [EventLoop.cx:20] The previous message repeated 3 times
[2020-05-26 21:57:13.481] [   9672] [    TEAM] [DBG] [EventLoop.cx:20] EventLoop::setupIdleHolder ...
[2020-05-26 21:57:29.049] [   9672] [   FSDCT] [DBG] [FSDesktopCa:258] The previous message repeated 2 times
[2020-05-26 21:57:29.049] [   9672] [   FSDCT] [DBG] [FSDesktopCa:258] FSDCT reset capture engine by idle ...
[2020-05-26 21:58:13.481] [   9672] [    TEAM] [DBG] [EventLoop.cx:20] The previous message repeated 2 times
[2020-05-26 21:58:13.481] [   9672] [    TEAM] [DBG] [EventLoop.cx:20] EventLoop::setupIdleHolder ...
[2020-05-26 21:58:25.446] [   9672] [   FSDCT] [DBG] [FSDesktopCa:258] The previous message repeated 2 times
[2020-05-26 21:58:25.446] [   9672] [   FSDCT] [DBG] [FSDesktopCa:258] FSDCT reset capture engine by idle ...
[2020-05-26 21:59:13.482] [   9672] [    TEAM] [DBG] [EventLoop.cx:20] The previous message repeated 2 times
[2020-05-26 21:59:13.482] [   9672] [    TEAM] [DBG] [EventLoop.cx:20] EventLoop::setupIdleHolder ...
[2020-05-26 21:59:21.898] [   9672] [   FSDCT] [DBG] [FSDesktopCa:258] The previous message repeated 2 times
[2020-05-26 21:59:21.898] [   9672] [   FSDCT] [DBG] [FSDesktopCa:258] FSDCT reset capture engine by idle ...
[2020-05-26 22:00:13.483] [   9672] [    TEAM] [DBG] [EventLoop.cx:20] The previous message repeated 2 times
[2020-05-26 22:00:13.483] [   9672] [    TEAM] [DBG] [EventLoop.cx:20] EventLoop::setupIdleHolder ...
[2020-05-26 22:00:18.318] [   9672] [   FSDCT] [DBG] [FSDesktopCa:258] The previous message repeated 2 times
[2020-05-26 22:00:18.318] [   9672] [   FSDCT] [DBG] [FSDesktopCa:258] FSDCT reset capture engine by idle ...
[2020-05-26 22:01:13.484] [   9672] [    TEAM] [DBG] [EventLoop.cx:20] The previous message repeated 2 times
[2020-05-26 22:01:13.484] [   9672] [    TEAM] [DBG] [EventLoop.cx:20] EventLoop::setupIdleHolder ...
[2020-05-26 22:01:14.760] [   9672] [   FSDCT] [DBG] [FSDesktopCa:258] The previous message repeated 2 times
[2020-05-26 22:01:14.760] [   9672] [   FSDCT] [DBG] [FSDesktopCa:258] FSDCT reset capture engine by idle ...
[2020-05-26 22:02:13.485] [   9672] [    TEAM] [DBG] [EventLoop.cx:20] The previous message repeated 3 times
[2020-05-26 22:02:13.485] [   9672] [    TEAM] [DBG] [EventLoop.cx:20] EventLoop::setupIdleHolder ...
[2020-05-26 22:02:30.052] [   9672] [   FSDCT] [DBG] [FSDesktopCa:258] The previous message repeated 2 times
[2020-05-26 22:02:30.052] [   9672] [   FSDCT] [DBG] [FSDesktopCa:258] FSDCT reset capture engine by idle ...
[2020-05-26 22:03:13.487] [   9672] [   WSSIP] [DBG] [EventLoop.cx:20] The previous message repeated 2 times
[2020-05-26 22:03:13.487] [   9672] [   WSSIP] [DBG] [EventLoop.cx:20] EventLoop::setupIdleHolder ...
[2020-05-26 22:03:26.454] [   9672] [   FSDCT] [DBG] [FSDesktopCa:258] The previous message repeated 2 times
[2020-05-26 22:03:26.454] [   9672] [   FSDCT] [DBG] [FSDesktopCa:258] FSDCT reset capture engine by idle ...
[2020-05-26 22:04:13.487] [   9672] [    asio] [DBG] [EventLoop.cx:20] The previous message repeated 2 times
[2020-05-26 22:04:13.487] [   9672] [    asio] [DBG] [EventLoop.cx:20] EventLoop::setupIdleHolder ...
[2020-05-26 22:04:22.899] [   9672] [   FSDCT] [DBG] [FSDesktopCa:258] The previous message repeated 2 times
[2020-05-26 22:04:22.899] [   9672] [   FSDCT] [DBG] [FSDesktopCa:258] FSDCT reset capture engine by idle ...
[2020-05-26 22:05:13.488] [   9672] [    TEAM] [DBG] [EventLoop.cx:20] The previous message repeated 2 times
[2020-05-26 22:05:13.488] [   9672] [    TEAM] [DBG] [EventLoop.cx:20] EventLoop::setupIdleHolder ...
[2020-05-26 22:05:19.382] [   9672] [   FSDCT] [DBG] [FSDesktopCa:258] The previous message repeated 2 times
[2020-05-26 22:05:19.382] [   9672] [   FSDCT] [DBG] [FSDesktopCa:258] FSDCT reset capture engine by idle ...
[2020-05-26 22:06:13.489] [   9672] [    TEAM] [DBG] [EventLoop.cx:20] The previous message repeated 2 times
[2020-05-26 22:06:13.489] [   9672] [    TEAM] [DBG] [EventLoop.cx:20] EventLoop::setupIdleHolder ...
[2020-05-26 22:06:15.831] [   9672] [   FSDCT] [DBG] [FSDesktopCa:258] The previous message repeated 2 times
[2020-05-26 22:06:15.831] [   9672] [   FSDCT] [DBG] [FSDesktopCa:258] FSDCT reset capture engine by idle ...
[2020-05-26 22:07:13.490] [   9672] [    TEAM] [DBG] [EventLoop.cx:20] The previous message repeated 3 times
[2020-05-26 22:07:13.490] [   9672] [    TEAM] [DBG] [EventLoop.cx:20] EventLoop::setupIdleHolder ...
[2020-05-26 22:07:31.040] [   9672] [   FSDCT] [DBG] [FSDesktopCa:258] The previous message repeated 2 times
[2020-05-26 22:07:31.040] [   9672] [   FSDCT] [DBG] [FSDesktopCa:258] FSDCT reset capture engine by idle ...
[2020-05-26 22:08:13.491] [   9672] [    asio] [DBG] [EventLoop.cx:20] The previous message repeated 2 times
[2020-05-26 22:08:13.491] [   9672] [    asio] [DBG] [EventLoop.cx:20] EventLoop::setupIdleHolder ...
[2020-05-26 22:08:27.488] [   9672] [   FSDCT] [DBG] [FSDesktopCa:258] The previous message repeated 2 times
[2020-05-26 22:08:27.488] [   9672] [   FSDCT] [DBG] [FSDesktopCa:258] FSDCT reset capture engine by idle ...
[2020-05-26 22:09:13.492] [   9672] [   WSSIP] [DBG] [EventLoop.cx:20] The previous message repeated 2 times
[2020-05-26 22:09:13.492] [   9672] [   WSSIP] [DBG] [EventLoop.cx:20] EventLoop::setupIdleHolder ...
[2020-05-26 22:09:23.894] [   9672] [   FSDCT] [DBG] [FSDesktopCa:258] The previous message repeated 2 times
[2020-05-26 22:09:23.894] [   9672] [   FSDCT] [DBG] [FSDesktopCa:258] FSDCT reset capture engine by idle ...
[2020-05-26 22:10:13.493] [   9672] [   WSSIP] [DBG] [EventLoop.cx:20] The previous message repeated 2 times
[2020-05-26 22:10:13.493] [   9672] [   WSSIP] [DBG] [EventLoop.cx:20] EventLoop::setupIdleHolder ...
[2020-05-26 22:10:20.319] [   9672] [   FSDCT] [DBG] [FSDesktopCa:258] The previous message repeated 2 times
[2020-05-26 22:10:20.319] [   9672] [   FSDCT] [DBG] [FSDesktopCa:258] FSDCT reset capture engine by idle ...
[2020-05-26 22:11:13.494] [   9672] [    asio] [DBG] [EventLoop.cx:20] The previous message repeated 2 times
[2020-05-26 22:11:13.494] [   9672] [    asio] [DBG] [EventLoop.cx:20] EventLoop::setupIdleHolder ...
[2020-05-26 22:11:16.772] [   9672] [   FSDCT] [DBG] [FSDesktopCa:258] The previous message repeated 2 times
[2020-05-26 22:11:16.772] [   9672] [   FSDCT] [DBG] [FSDesktopCa:258] FSDCT reset capture engine by idle ...
[2020-05-26 22:12:13.495] [   9672] [   WSSIP] [DBG] [EventLoop.cx:20] The previous message repeated 3 times
[2020-05-26 22:12:13.495] [   9672] [   WSSIP] [DBG] [EventLoop.cx:20] EventLoop::setupIdleHolder ...
[2020-05-26 22:12:32.004] [   9672] [   FSDCT] [DBG] [FSDesktopCa:258] The previous message repeated 2 times
[2020-05-26 22:12:32.004] [   9672] [   FSDCT] [DBG] [FSDesktopCa:258] FSDCT reset capture engine by idle ...
[2020-05-26 22:13:13.496] [   9672] [    TEAM] [DBG] [EventLoop.cx:20] The previous message repeated 2 times
[2020-05-26 22:13:13.496] [   9672] [    TEAM] [DBG] [EventLoop.cx:20] EventLoop::setupIdleHolder ...
[2020-05-26 22:13:28.486] [   9672] [   FSDCT] [DBG] [FSDesktopCa:258] The previous message repeated 2 times
[2020-05-26 22:13:28.486] [   9672] [   FSDCT] [DBG] [FSDesktopCa:258] FSDCT reset capture engine by idle ...
[2020-05-26 22:14:13.497] [   9672] [   WSSIP] [DBG] [EventLoop.cx:20] The previous message repeated 2 times
[2020-05-26 22:14:13.497] [   9672] [   WSSIP] [DBG] [EventLoop.cx:20] EventLoop::setupIdleHolder ...
[2020-05-26 22:14:24.899] [   9672] [   FSDCT] [DBG] [FSDesktopCa:258] The previous message repeated 2 times
[2020-05-26 22:14:24.899] [   9672] [   FSDCT] [DBG] [FSDesktopCa:258] FSDCT reset capture engine by idle ...
[2020-05-26 22:15:13.498] [   9672] [   WSSIP] [DBG] [EventLoop.cx:20] The previous message repeated 2 times
[2020-05-26 22:15:13.498] [   9672] [   WSSIP] [DBG] [EventLoop.cx:20] EventLoop::setupIdleHolder ...
[2020-05-26 22:15:21.345] [   9672] [   FSDCT] [DBG] [FSDesktopCa:258] The previous message repeated 2 times
[2020-05-26 22:15:21.345] [   9672] [   FSDCT] [DBG] [FSDesktopCa:258] FSDCT reset capture engine by idle ...
[2020-05-26 22:16:13.499] [   9672] [    asio] [DBG] [EventLoop.cx:20] The previous message repeated 2 times
[2020-05-26 22:16:13.499] [   9672] [    asio] [DBG] [EventLoop.cx:20] EventLoop::setupIdleHolder ...
[2020-05-26 22:16:17.738] [   9672] [   FSDCT] [DBG] [FSDesktopCa:258] The previous message repeated 2 times
[2020-05-26 22:16:17.738] [   9672] [   FSDCT] [DBG] [FSDesktopCa:258] FSDCT reset capture engine by idle ...
[2020-05-26 22:17:13.501] [   9672] [    TEAM] [DBG] [EventLoop.cx:20] The previous message repeated 2 times
[2020-05-26 22:17:13.501] [   9672] [    TEAM] [DBG] [EventLoop.cx:20] EventLoop::setupIdleHolder ...
[2020-05-26 22:17:14.130] [   9672] [   FSDCT] [DBG] [FSDesktopCa:258] The previous message repeated 2 times
[2020-05-26 22:17:14.130] [   9672] [   FSDCT] [DBG] [FSDesktopCa:258] FSDCT reset capture engine by idle ...
[2020-05-26 22:18:13.501] [   9672] [    asio] [DBG] [EventLoop.cx:20] The previous message repeated 3 times
[2020-05-26 22:18:13.501] [   9672] [    asio] [DBG] [EventLoop.cx:20] EventLoop::setupIdleHolder ...
[2020-05-26 22:18:29.322] [   9672] [   FSDCT] [DBG] [FSDesktopCa:258] The previous message repeated 2 times
[2020-05-26 22:18:29.322] [   9672] [   FSDCT] [DBG] [FSDesktopCa:258] FSDCT reset capture engine by idle ...
[2020-05-26 22:19:13.502] [   9672] [   WSSIP] [DBG] [EventLoop.cx:20] The previous message repeated 2 times
[2020-05-26 22:19:13.502] [   9672] [   WSSIP] [DBG] [EventLoop.cx:20] EventLoop::setupIdleHolder ...
[2020-05-26 22:19:25.709] [   9672] [   FSDCT] [DBG] [FSDesktopCa:258] The previous message repeated 2 times
[2020-05-26 22:19:25.709] [   9672] [   FSDCT] [DBG] [FSDesktopCa:258] FSDCT reset capture engine by idle ...
[2020-05-26 22:20:13.503] [   9672] [    asio] [DBG] [EventLoop.cx:20] The previous message repeated 2 times
[2020-05-26 22:20:13.503] [   9672] [    asio] [DBG] [EventLoop.cx:20] EventLoop::setupIdleHolder ...
[2020-05-26 22:20:22.098] [   9672] [   FSDCT] [DBG] [FSDesktopCa:258] The previous message repeated 2 times
[2020-05-26 22:20:22.098] [   9672] [   FSDCT] [DBG] [FSDesktopCa:258] FSDCT reset capture engine by idle ...
[2020-05-26 22:21:13.504] [   9672] [    asio] [DBG] [EventLoop.cx:20] The previous message repeated 2 times
[2020-05-26 22:21:13.504] [   9672] [    asio] [DBG] [EventLoop.cx:20] EventLoop::setupIdleHolder ...
[2020-05-26 22:21:18.487] [   9672] [   FSDCT] [DBG] [FSDesktopCa:258] The previous message repeated 2 times
[2020-05-26 22:21:18.487] [   9672] [   FSDCT] [DBG] [FSDesktopCa:258] FSDCT reset capture engine by idle ...
[2020-05-26 22:22:13.504] [   9672] [    TEAM] [DBG] [EventLoop.cx:20] The previous message repeated 2 times
[2020-05-26 22:22:13.504] [   9672] [    TEAM] [DBG] [EventLoop.cx:20] EventLoop::setupIdleHolder ...
[2020-05-26 22:22:14.880] [   9672] [   FSDCT] [DBG] [FSDesktopCa:258] The previous message repeated 2 times
[2020-05-26 22:22:14.880] [   9672] [   FSDCT] [DBG] [FSDesktopCa:258] FSDCT reset capture engine by idle ...
[2020-05-26 22:23:13.504] [   9672] [   WSSIP] [DBG] [EventLoop.cx:20] The previous message repeated 3 times
[2020-05-26 22:23:13.504] [   9672] [   WSSIP] [DBG] [EventLoop.cx:20] EventLoop::setupIdleHolder ...
[2020-05-26 22:23:30.067] [   9672] [   FSDCT] [DBG] [FSDesktopCa:258] The previous message repeated 2 times
[2020-05-26 22:23:30.067] [   9672] [   FSDCT] [DBG] [FSDesktopCa:258] FSDCT reset capture engine by idle ...
[2020-05-26 22:24:13.505] [   9672] [   WSSIP] [DBG] [EventLoop.cx:20] The previous message repeated 2 times
[2020-05-26 22:24:13.505] [   9672] [   WSSIP] [DBG] [EventLoop.cx:20] EventLoop::setupIdleHolder ...
[2020-05-26 22:24:26.454] [   9672] [   FSDCT] [DBG] [FSDesktopCa:258] The previous message repeated 2 times
[2020-05-26 22:24:26.454] [   9672] [   FSDCT] [DBG] [FSDesktopCa:258] FSDCT reset capture engine by idle ...
[2020-05-26 22:25:13.505] [   9672] [    TEAM] [DBG] [EventLoop.cx:20] The previous message repeated 2 times
[2020-05-26 22:25:13.505] [   9672] [    TEAM] [DBG] [EventLoop.cx:20] EventLoop::setupIdleHolder ...
[2020-05-26 22:25:22.850] [   9672] [   FSDCT] [DBG] [FSDesktopCa:258] The previous message repeated 2 times
[2020-05-26 22:25:22.850] [   9672] [   FSDCT] [DBG] [FSDesktopCa:258] FSDCT reset capture engine by idle ...
[2020-05-26 22:26:13.514] [   9672] [    TEAM] [DBG] [EventLoop.cx:20] The previous message repeated 2 times
[2020-05-26 22:26:13.514] [   9672] [    TEAM] [DBG] [EventLoop.cx:20] EventLoop::setupIdleHolder ...
[2020-05-26 22:26:20.086] [   9672] [   FSDCT] [DBG] [FSDesktopCa:258] The previous message repeated 2 times
[2020-05-26 22:26:20.086] [   9672] [   FSDCT] [DBG] [FSDesktopCa:258] FSDCT reset capture engine by idle ...
[2020-05-26 22:27:13.515] [   9672] [   WSSIP] [DBG] [EventLoop.cx:20] The previous message repeated 2 times
[2020-05-26 22:27:13.515] [   9672] [   WSSIP] [DBG] [EventLoop.cx:20] EventLoop::setupIdleHolder ...
[2020-05-26 22:27:16.525] [   9672] [   FSDCT] [DBG] [FSDesktopCa:258] The previous message repeated 2 times
[2020-05-26 22:27:16.525] [   9672] [   FSDCT] [DBG] [FSDesktopCa:258] FSDCT reset capture engine by idle ...
[2020-05-26 22:28:13.516] [   9672] [   WSSIP] [DBG] [EventLoop.cx:20] The previous message repeated 3 times
[2020-05-26 22:28:13.516] [   9672] [   WSSIP] [DBG] [EventLoop.cx:20] EventLoop::setupIdleHolder ...
[2020-05-26 22:28:31.990] [   9672] [   FSDCT] [DBG] [FSDesktopCa:258] The previous message repeated 2 times
[2020-05-26 22:28:31.990] [   9672] [   FSDCT] [DBG] [FSDesktopCa:258] FSDCT reset capture engine by idle ...
[2020-05-26 22:29:13.518] [   9672] [   WSSIP] [DBG] [EventLoop.cx:20] The previous message repeated 2 times
[2020-05-26 22:29:13.518] [   9672] [   WSSIP] [DBG] [EventLoop.cx:20] EventLoop::setupIdleHolder ...
[2020-05-26 22:29:28.455] [   9672] [   FSDCT] [DBG] [FSDesktopCa:258] The previous message repeated 2 times
[2020-05-26 22:29:28.455] [   9672] [   FSDCT] [DBG] [FSDesktopCa:258] FSDCT reset capture engine by idle ...
[2020-05-26 22:30:13.519] [   9672] [    TEAM] [DBG] [EventLoop.cx:20] The previous message repeated 2 times
[2020-05-26 22:30:13.519] [   9672] [    TEAM] [DBG] [EventLoop.cx:20] EventLoop::setupIdleHolder ...
[2020-05-26 22:30:24.910] [   9672] [   FSDCT] [DBG] [FSDesktopCa:258] The previous message repeated 2 times
[2020-05-26 22:30:24.910] [   9672] [   FSDCT] [DBG] [FSDesktopCa:258] FSDCT reset capture engine by idle ...
[2020-05-26 22:31:13.520] [   9672] [    TEAM] [DBG] [EventLoop.cx:20] The previous message repeated 2 times
[2020-05-26 22:31:13.520] [   9672] [    TEAM] [DBG] [EventLoop.cx:20] EventLoop::setupIdleHolder ...
[2020-05-26 22:31:21.362] [   9672] [   FSDCT] [DBG] [FSDesktopCa:258] The previous message repeated 2 times
[2020-05-26 22:31:21.362] [   9672] [   FSDCT] [DBG] [FSDesktopCa:258] FSDCT reset capture engine by idle ...
[2020-05-26 22:32:13.520] [   9672] [    TEAM] [DBG] [EventLoop.cx:20] The previous message repeated 2 times
[2020-05-26 22:32:13.520] [   9672] [    TEAM] [DBG] [EventLoop.cx:20] EventLoop::setupIdleHolder ...
[2020-05-26 22:32:17.851] [   9672] [   FSDCT] [DBG] [FSDesktopCa:258] The previous message repeated 2 times
[2020-05-26 22:32:17.851] [   9672] [   FSDCT] [DBG] [FSDesktopCa:258] FSDCT reset capture engine by idle ...
[2020-05-26 22:33:13.521] [   9672] [    TEAM] [DBG] [EventLoop.cx:20] The previous message repeated 2 times
[2020-05-26 22:33:13.521] [   9672] [    TEAM] [DBG] [EventLoop.cx:20] EventLoop::setupIdleHolder ...
[2020-05-26 22:33:14.322] [   9672] [   FSDCT] [DBG] [FSDesktopCa:258] The previous message repeated 2 times
[2020-05-26 22:33:14.322] [   9672] [   FSDCT] [DBG] [FSDesktopCa:258] FSDCT reset capture engine by idle ...
[2020-05-26 22:34:13.522] [   9672] [    TEAM] [DBG] [EventLoop.cx:20] The previous message repeated 3 times
[2020-05-26 22:34:13.522] [   9672] [    TEAM] [DBG] [EventLoop.cx:20] EventLoop::setupIdleHolder ...
[2020-05-26 22:34:29.541] [   9672] [   FSDCT] [DBG] [FSDesktopCa:258] The previous message repeated 2 times
[2020-05-26 22:34:29.541] [   9672] [   FSDCT] [DBG] [FSDesktopCa:258] FSDCT reset capture engine by idle ...
[2020-05-26 22:35:13.523] [   9672] [    TEAM] [DBG] [EventLoop.cx:20] The previous message repeated 2 times
[2020-05-26 22:35:13.523] [   9672] [    TEAM] [DBG] [EventLoop.cx:20] EventLoop::setupIdleHolder ...
[2020-05-26 22:35:25.957] [   9672] [   FSDCT] [DBG] [FSDesktopCa:258] The previous message repeated 2 times
[2020-05-26 22:35:25.957] [   9672] [   FSDCT] [DBG] [FSDesktopCa:258] FSDCT reset capture engine by idle ...
[2020-05-26 22:36:13.524] [   9672] [   WSSIP] [DBG] [EventLoop.cx:20] The previous message repeated 2 times
[2020-05-26 22:36:13.524] [   9672] [   WSSIP] [DBG] [EventLoop.cx:20] EventLoop::setupIdleHolder ...
[2020-05-26 22:36:22.413] [   9672] [   FSDCT] [DBG] [FSDesktopCa:258] The previous message repeated 2 times
[2020-05-26 22:36:22.413] [   9672] [   FSDCT] [DBG] [FSDesktopCa:258] FSDCT reset capture engine by idle ...
[2020-05-26 22:37:13.525] [   9672] [   WSSIP] [DBG] [EventLoop.cx:20] The previous message repeated 2 times
[2020-05-26 22:37:13.525] [   9672] [   WSSIP] [DBG] [EventLoop.cx:20] EventLoop::setupIdleHolder ...
[2020-05-26 22:37:18.864] [   9672] [   FSDCT] [DBG] [FSDesktopCa:258] The previous message repeated 2 times
[2020-05-26 22:37:18.864] [   9672] [   FSDCT] [DBG] [FSDesktopCa:258] FSDCT reset capture engine by idle ...
[2020-05-26 22:38:13.526] [   9672] [   WSSIP] [DBG] [EventLoop.cx:20] The previous message repeated 2 times
[2020-05-26 22:38:13.526] [   9672] [   WSSIP] [DBG] [EventLoop.cx:20] EventLoop::setupIdleHolder ...
[2020-05-26 22:38:15.271] [   9672] [   FSDCT] [DBG] [FSDesktopCa:258] The previous message repeated 2 times
[2020-05-26 22:38:15.271] [   9672] [   FSDCT] [DBG] [FSDesktopCa:258] FSDCT reset capture engine by idle ...
[2020-05-26 22:39:13.534] [   9672] [   WSSIP] [DBG] [EventLoop.cx:20] The previous message repeated 3 times
[2020-05-26 22:39:13.534] [   9672] [   WSSIP] [DBG] [EventLoop.cx:20] EventLoop::setupIdleHolder ...
[2020-05-26 22:39:30.580] [   9672] [   FSDCT] [DBG] [FSDesktopCa:258] The previous message repeated 2 times
[2020-05-26 22:39:30.580] [   9672] [   FSDCT] [DBG] [FSDesktopCa:258] FSDCT reset capture engine by idle ...
[2020-05-26 22:40:20.465] [   9672] [   WSSIP] [DBG] [EventLoop.cx:20] The previous message repeated 2 times
[2020-05-26 22:40:20.465] [   9672] [   WSSIP] [DBG] [EventLoop.cx:20] EventLoop::setupIdleHolder ...
[2020-05-27 01:27:55.124] [   9672] [    MAIN] [EVT] [LoggingSyst:262] Rotate log to: C:\Users\syam prasad/.fcc\FCC_26-5-20.log
