[2020-05-28 06:09:03.308] [   9672] [    MAIN] [DBG] [APIv3.tis   :68] The previous message repeated 2 times
[2020-05-28 06:09:03.308] [   9672] [    MAIN] [EVT] [APIv3.tis   :68] Sciter script: [webapi] Start request PhoneNumberBinding params={ttl:14400,guid:"c868107f-ca13-4a64-beb0-9d254c8c0e04"} and null
[2020-05-28 06:09:03.308] [   9672] [   WSSIP] [DBG] [EventLoop.cx:20] EventLoop::setupIdleHolder ...
[2020-05-28 06:09:03.308] [   9672] [   FSDCT] [DBG] [FSDesktopCa:258] The previous message repeated 2 times
[2020-05-28 06:09:03.308] [   9672] [   FSDCT] [DBG] [FSDesktopCa:258] FSDCT reset capture engine by idle ...
[2020-05-28 06:09:03.308] [   9672] [    MAIN] [INF] [WebServiceP:132] [cx][webapi] Start request
[2020-05-28 06:09:03.308] [   9672] [    MAIN] [INF] [WebAPIv3Wra:409] [webapi] bindPhoneNumber with ttl=14400, guid=c868107f-ca13-4a64-beb0-9d254c8c0e04
[2020-05-28 06:09:03.308] [   9672] [    MAIN] [MA1] [HTTPLoader.:103] BaseHTTPLoader::BaseHTTPLoader(300647B8)
[2020-05-28 06:09:03.388] [   9672] [   FSAPP] [INF] [HTTPLoader.:206] BaseHTTPLoader[300647B8] - load URL: https://app.freeconferencecall.com/api/v3/phonenumbers/binding?access_token=0000000000ACC6DF9076504AFC603724CA07B485404C805625AE964A4CA38CAD&client_app_id=f79ef745133e8c7e&rand=814&sig=c355b924216ad48230a66a984da2c5d8 [proxy: :0]
[2020-05-28 06:09:03.388] [   9672] [   FSAPP] [MA1] [IOStream.cxx:22] SSLTransport[38A0CB40:128]::IOStream()
[2020-05-28 06:09:03.388] [   9672] [   FSAPP] [MA1] [WinSSLEngin:170] WinSSLTransport::WinSSLTransport(38A0CB40)
[2020-05-28 06:09:03.388] [   9672] [   FSAPP] [MA1] [IOStream.cxx:22] ClientConnection[390DE238:129]::IOStream()
[2020-05-28 06:09:03.393] [   9672] [   FSAPP] [DBG] [ClientConne:134] ClientConnection[390DE238]::onResolved() ...
[2020-05-28 06:09:03.393] [   9672] [   FSAPP] [FLT] [HTTPLoader.:152] BaseHTTPLoader[300647B8] can't load URL [https://app.freeconferencecall.com/api/v3/phonenumbers/binding?access_token=0000000000ACC6DF9076504AFC603724CA07B485404C805625AE964A4CA38CAD&client_app_id=f79ef745133e8c7e&rand=814&sig=c355b924216ad48230a66a984da2c5d8]: The requested name is valid, but no data of the requested type was found
[2020-05-28 06:09:03.393] [   9672] [   FSAPP] [EVT] [HTTPRequest:253] Status code: httpStatus=0
[2020-05-28 06:09:03.393] [   9672] [   FSAPP] [EVT] [HTTPRequest:348] Detected downloaded data type 1
[2020-05-28 06:09:03.393] [   9672] [   FSAPP] [FLT] [HTTPRequest:243] MyHTTPLoader[300647B8] data not received for URL [https://app.freeconferencecall.com/api/v3/phonenumbers/binding?access_token=0000000000ACC6DF9076504AFC603724CA07B485404C805625AE964A4CA38CAD&client_app_id=f79ef745133e8c7e&rand=814&sig=c355b924216ad48230a66a984da2c5d8]
[2020-05-28 06:09:03.393] [   9672] [   FSAPP] [INF] [IOStream.cx:229] ClientConnection[390DE238] closed
[2020-05-28 06:09:03.393] [   9672] [   FSAPP] [INF] [IOStream.cx:229] SSLTransport[38A0CB40] closed
[2020-05-28 06:09:03.393] [   9672] [   FSAPP] [DBG] [HTTPLoader.:723] BaseHTTPLoader[300647B8] - closed (in buffer 0 bytes)
[2020-05-28 06:09:03.393] [   9672] [   FSAPP] [FLT] [HTTPRequest:243] MyHTTPLoader[300647B8] data not received for URL [https://app.freeconferencecall.com/api/v3/phonenumbers/binding?access_token=0000000000ACC6DF9076504AFC603724CA07B485404C805625AE964A4CA38CAD&client_app_id=f79ef745133e8c7e&rand=814&sig=c355b924216ad48230a66a984da2c5d8]
[2020-05-28 06:09:03.393] [   9672] [   FSAPP] [MA1] [IOStream.cxx:27] ClientConnection[390DE238:129]::~IOStream()
[2020-05-28 06:09:03.393] [   9672] [   FSAPP] [MA1] [WinSSLEngin:183] WinSSLTransport::~WinSSLTransport(38A0CB40)
[2020-05-28 06:09:03.393] [   9672] [   FSAPP] [MA1] [IOStream.cxx:27] SSLTransport[38A0CB40:128]::~IOStream()
[2020-05-28 06:09:03.393] [   9672] [   FSAPP] [EVT] [HTTPRequest:437] Deleting HTTP request to https://app.freeconferencecall.com/api/v3/phonenumbers/binding
[2020-05-28 06:09:03.393] [   9672] [   FSAPP] [MA1] [HTTPLoader.:111] BaseHTTPLoader::~BaseHTTPLoader(300647B8)
[2020-05-28 06:09:22.058] [   9672] [   FSDCT] [DBG] [FSDesktopCa:258] FSDCT reset capture engine by idle ...
[2020-05-28 06:10:03.309] [   9672] [   WSSIP] [DBG] [EventLoop.cx:20] The previous message repeated 2 times
[2020-05-28 06:10:03.309] [   9672] [   WSSIP] [DBG] [EventLoop.cx:20] EventLoop::setupIdleHolder ...
[2020-05-28 06:10:18.492] [   9672] [   FSDCT] [DBG] [FSDesktopCa:258] The previous message repeated 2 times
[2020-05-28 06:10:18.492] [   9672] [   FSDCT] [DBG] [FSDesktopCa:258] FSDCT reset capture engine by idle ...
[2020-05-28 06:11:03.309] [   9672] [    TEAM] [DBG] [EventLoop.cx:20] The previous message repeated 2 times
[2020-05-28 06:11:03.309] [   9672] [    TEAM] [DBG] [EventLoop.cx:20] EventLoop::setupIdleHolder ...
[2020-05-28 06:11:14.885] [   9672] [   FSDCT] [DBG] [FSDesktopCa:258] The previous message repeated 2 times
[2020-05-28 06:11:14.885] [   9672] [   FSDCT] [DBG] [FSDesktopCa:258] FSDCT reset capture engine by idle ...
[2020-05-28 06:12:03.310] [   9672] [   WSSIP] [DBG] [EventLoop.cx:20] The previous message repeated 2 times
[2020-05-28 06:12:03.310] [   9672] [   WSSIP] [DBG] [EventLoop.cx:20] EventLoop::setupIdleHolder ...
[2020-05-28 06:12:11.269] [   9672] [   FSDCT] [DBG] [FSDesktopCa:258] The previous message repeated 2 times
[2020-05-28 06:12:11.269] [   9672] [   FSDCT] [DBG] [FSDesktopCa:258] FSDCT reset capture engine by idle ...
[2020-05-28 06:13:03.329] [   9672] [    asio] [DBG] [EventLoop.cx:20] The previous message repeated 2 times
[2020-05-28 06:13:03.329] [   9672] [    asio] [DBG] [EventLoop.cx:20] EventLoop::setupIdleHolder ...
[2020-05-28 06:13:07.847] [   9672] [   FSDCT] [DBG] [FSDesktopCa:258] The previous message repeated 2 times
[2020-05-28 06:13:07.847] [   9672] [   FSDCT] [DBG] [FSDesktopCa:258] FSDCT reset capture engine by idle ...
[2020-05-28 06:14:03.330] [   9672] [   WSSIP] [DBG] [EventLoop.cx:20] The previous message repeated 2 times
[2020-05-28 06:14:03.330] [   9672] [   WSSIP] [DBG] [EventLoop.cx:20] EventLoop::setupIdleHolder ...
[2020-05-28 06:14:05.358] [   9672] [   FSDCT] [DBG] [FSDesktopCa:258] The previous message repeated 2 times
[2020-05-28 06:14:05.358] [   9672] [   FSDCT] [DBG] [FSDesktopCa:258] FSDCT reset capture engine by idle ...
[2020-05-28 06:15:03.331] [   9672] [    asio] [DBG] [EventLoop.cx:20] The previous message repeated 3 times
[2020-05-28 06:15:03.331] [   9672] [    asio] [DBG] [EventLoop.cx:20] EventLoop::setupIdleHolder ...
[2020-05-28 06:15:20.619] [   9672] [   FSDCT] [DBG] [FSDesktopCa:258] The previous message repeated 2 times
[2020-05-28 06:15:20.619] [   9672] [   FSDCT] [DBG] [FSDesktopCa:258] FSDCT reset capture engine by idle ...
[2020-05-28 06:16:03.332] [   9672] [    asio] [DBG] [EventLoop.cx:20] The previous message repeated 2 times
[2020-05-28 06:16:03.332] [   9672] [    asio] [DBG] [EventLoop.cx:20] EventLoop::setupIdleHolder ...
[2020-05-28 06:16:17.066] [   9672] [   FSDCT] [DBG] [FSDesktopCa:258] The previous message repeated 2 times
[2020-05-28 06:16:17.066] [   9672] [   FSDCT] [DBG] [FSDesktopCa:258] FSDCT reset capture engine by idle ...
[2020-05-28 06:17:03.333] [   9672] [    asio] [DBG] [EventLoop.cx:20] The previous message repeated 2 times
[2020-05-28 06:17:03.333] [   9672] [    asio] [DBG] [EventLoop.cx:20] EventLoop::setupIdleHolder ...
[2020-05-28 06:17:13.532] [   9672] [   FSDCT] [DBG] [FSDesktopCa:258] The previous message repeated 2 times
[2020-05-28 06:17:13.532] [   9672] [   FSDCT] [DBG] [FSDesktopCa:258] FSDCT reset capture engine by idle ...
[2020-05-28 06:18:03.334] [   9672] [   WSSIP] [DBG] [EventLoop.cx:20] The previous message repeated 2 times
[2020-05-28 06:18:03.334] [   9672] [   WSSIP] [DBG] [EventLoop.cx:20] EventLoop::setupIdleHolder ...
[2020-05-28 06:18:09.989] [   9672] [   FSDCT] [DBG] [FSDesktopCa:258] The previous message repeated 2 times
[2020-05-28 06:18:09.989] [   9672] [   FSDCT] [DBG] [FSDesktopCa:258] FSDCT reset capture engine by idle ...
[2020-05-28 06:19:03.336] [   9672] [   WSSIP] [DBG] [EventLoop.cx:20] The previous message repeated 2 times
[2020-05-28 06:19:03.336] [   9672] [   WSSIP] [DBG] [EventLoop.cx:20] EventLoop::setupIdleHolder ...
[2020-05-28 06:19:06.490] [   9672] [   FSDCT] [DBG] [FSDesktopCa:258] The previous message repeated 2 times
[2020-05-28 06:19:06.490] [   9672] [   FSDCT] [DBG] [FSDesktopCa:258] FSDCT reset capture engine by idle ...
[2020-05-28 06:20:03.337] [   9672] [    TEAM] [DBG] [EventLoop.cx:20] The previous message repeated 3 times
[2020-05-28 06:20:03.337] [   9672] [    TEAM] [DBG] [EventLoop.cx:20] EventLoop::setupIdleHolder ...
[2020-05-28 06:20:21.711] [   9672] [   FSDCT] [DBG] [FSDesktopCa:258] The previous message repeated 2 times
[2020-05-28 06:20:21.711] [   9672] [   FSDCT] [DBG] [FSDesktopCa:258] FSDCT reset capture engine by idle ...
[2020-05-28 06:21:03.337] [   9672] [    TEAM] [DBG] [EventLoop.cx:20] The previous message repeated 2 times
[2020-05-28 06:21:03.337] [   9672] [    TEAM] [DBG] [EventLoop.cx:20] EventLoop::setupIdleHolder ...
[2020-05-28 06:21:18.111] [   9672] [   FSDCT] [DBG] [FSDesktopCa:258] The previous message repeated 2 times
[2020-05-28 06:21:18.111] [   9672] [   FSDCT] [DBG] [FSDesktopCa:258] FSDCT reset capture engine by idle ...
[2020-05-28 06:22:03.338] [   9672] [    asio] [DBG] [EventLoop.cx:20] The previous message repeated 2 times
[2020-05-28 06:22:03.338] [   9672] [    asio] [DBG] [EventLoop.cx:20] EventLoop::setupIdleHolder ...
[2020-05-28 06:22:14.555] [   9672] [   FSDCT] [DBG] [FSDesktopCa:258] The previous message repeated 2 times
[2020-05-28 06:22:14.555] [   9672] [   FSDCT] [DBG] [FSDesktopCa:258] FSDCT reset capture engine by idle ...
[2020-05-28 06:23:03.339] [   9672] [   WSSIP] [DBG] [EventLoop.cx:20] The previous message repeated 2 times
[2020-05-28 06:23:03.339] [   9672] [   WSSIP] [DBG] [EventLoop.cx:20] EventLoop::setupIdleHolder ...
[2020-05-28 06:23:11.004] [   9672] [   FSDCT] [DBG] [FSDesktopCa:258] The previous message repeated 2 times
[2020-05-28 06:23:11.004] [   9672] [   FSDCT] [DBG] [FSDesktopCa:258] FSDCT reset capture engine by idle ...
[2020-05-28 06:24:03.340] [   9672] [    asio] [DBG] [EventLoop.cx:20] The previous message repeated 2 times
[2020-05-28 06:24:03.340] [   9672] [    asio] [DBG] [EventLoop.cx:20] EventLoop::setupIdleHolder ...
[2020-05-28 06:24:07.443] [   9672] [   FSDCT] [DBG] [FSDesktopCa:258] The previous message repeated 2 times
[2020-05-28 06:24:07.443] [   9672] [   FSDCT] [DBG] [FSDesktopCa:258] FSDCT reset capture engine by idle ...
[2020-05-28 06:25:03.341] [   9672] [    TEAM] [DBG] [EventLoop.cx:20] The previous message repeated 2 times
[2020-05-28 06:25:03.341] [   9672] [    TEAM] [DBG] [EventLoop.cx:20] EventLoop::setupIdleHolder ...
[2020-05-28 06:25:03.880] [   9672] [   FSDCT] [DBG] [FSDesktopCa:258] The previous message repeated 2 times
[2020-05-28 06:25:03.880] [   9672] [   FSDCT] [DBG] [FSDesktopCa:258] FSDCT reset capture engine by idle ...
[2020-05-28 06:26:03.342] [   9672] [   WSSIP] [DBG] [EventLoop.cx:20] The previous message repeated 3 times
[2020-05-28 06:26:03.342] [   9672] [   WSSIP] [DBG] [EventLoop.cx:20] EventLoop::setupIdleHolder ...
[2020-05-28 06:26:19.134] [   9672] [   FSDCT] [DBG] [FSDesktopCa:258] The previous message repeated 2 times
[2020-05-28 06:26:19.134] [   9672] [   FSDCT] [DBG] [FSDesktopCa:258] FSDCT reset capture engine by idle ...
[2020-05-28 06:27:03.343] [   9672] [    asio] [DBG] [EventLoop.cx:20] The previous message repeated 2 times
[2020-05-28 06:27:03.343] [   9672] [    asio] [DBG] [EventLoop.cx:20] EventLoop::setupIdleHolder ...
[2020-05-28 06:27:15.597] [   9672] [   FSDCT] [DBG] [FSDesktopCa:258] The previous message repeated 2 times
[2020-05-28 06:27:15.597] [   9672] [   FSDCT] [DBG] [FSDesktopCa:258] FSDCT reset capture engine by idle ...
[2020-05-28 06:28:03.344] [   9672] [    TEAM] [DBG] [EventLoop.cx:20] The previous message repeated 2 times
[2020-05-28 06:28:03.344] [   9672] [    TEAM] [DBG] [EventLoop.cx:20] EventLoop::setupIdleHolder ...
[2020-05-28 06:28:12.036] [   9672] [   FSDCT] [DBG] [FSDesktopCa:258] The previous message repeated 2 times
[2020-05-28 06:28:12.036] [   9672] [   FSDCT] [DBG] [FSDesktopCa:258] FSDCT reset capture engine by idle ...
[2020-05-28 06:29:03.345] [   9672] [   WSSIP] [DBG] [EventLoop.cx:20] The previous message repeated 2 times
[2020-05-28 06:29:03.345] [   9672] [   WSSIP] [DBG] [EventLoop.cx:20] EventLoop::setupIdleHolder ...
[2020-05-28 06:29:08.474] [   9672] [   FSDCT] [DBG] [FSDesktopCa:258] The previous message repeated 2 times
[2020-05-28 06:29:08.474] [   9672] [   FSDCT] [DBG] [FSDesktopCa:258] FSDCT reset capture engine by idle ...
[2020-05-28 06:30:03.346] [   9672] [    TEAM] [DBG] [EventLoop.cx:20] The previous message repeated 2 times
[2020-05-28 06:30:03.346] [   9672] [    TEAM] [DBG] [EventLoop.cx:20] EventLoop::setupIdleHolder ...
[2020-05-28 06:30:04.896] [   9672] [   FSDCT] [DBG] [FSDesktopCa:258] The previous message repeated 2 times
[2020-05-28 06:30:04.896] [   9672] [   FSDCT] [DBG] [FSDesktopCa:258] FSDCT reset capture engine by idle ...
[2020-05-28 06:31:03.347] [   9672] [    TEAM] [DBG] [EventLoop.cx:20] The previous message repeated 3 times
[2020-05-28 06:31:03.347] [   9672] [    TEAM] [DBG] [EventLoop.cx:20] EventLoop::setupIdleHolder ...
[2020-05-28 06:31:20.180] [   9672] [   FSDCT] [DBG] [FSDesktopCa:258] The previous message repeated 2 times
[2020-05-28 06:31:20.180] [   9672] [   FSDCT] [DBG] [FSDesktopCa:258] FSDCT reset capture engine by idle ...
[2020-05-28 06:32:03.348] [   9672] [    TEAM] [DBG] [EventLoop.cx:20] The previous message repeated 2 times
[2020-05-28 06:32:03.348] [   9672] [    TEAM] [DBG] [EventLoop.cx:20] EventLoop::setupIdleHolder ...
[2020-05-28 06:32:16.587] [   9672] [   FSDCT] [DBG] [FSDesktopCa:258] The previous message repeated 2 times
[2020-05-28 06:32:16.587] [   9672] [   FSDCT] [DBG] [FSDesktopCa:258] FSDCT reset capture engine by idle ...
[2020-05-28 06:33:03.349] [   9672] [    TEAM] [DBG] [EventLoop.cx:20] The previous message repeated 2 times
[2020-05-28 06:33:03.349] [   9672] [    TEAM] [DBG] [EventLoop.cx:20] EventLoop::setupIdleHolder ...
[2020-05-28 06:33:13.021] [   9672] [   FSDCT] [DBG] [FSDesktopCa:258] The previous message repeated 2 times
[2020-05-28 06:33:13.021] [   9672] [   FSDCT] [DBG] [FSDesktopCa:258] FSDCT reset capture engine by idle ...
[2020-05-28 06:34:03.350] [   9672] [    asio] [DBG] [EventLoop.cx:20] The previous message repeated 2 times
[2020-05-28 06:34:03.350] [   9672] [    asio] [DBG] [EventLoop.cx:20] EventLoop::setupIdleHolder ...
[2020-05-28 06:34:09.471] [   9672] [   FSDCT] [DBG] [FSDesktopCa:258] The previous message repeated 2 times
[2020-05-28 06:34:09.471] [   9672] [   FSDCT] [DBG] [FSDesktopCa:258] FSDCT reset capture engine by idle ...
[2020-05-28 06:35:03.350] [   9672] [    asio] [DBG] [EventLoop.cx:20] The previous message repeated 2 times
[2020-05-28 06:35:03.350] [   9672] [    asio] [DBG] [EventLoop.cx:20] EventLoop::setupIdleHolder ...
[2020-05-28 06:35:05.899] [   9672] [   FSDCT] [DBG] [FSDesktopCa:258] The previous message repeated 2 times
[2020-05-28 06:35:05.899] [   9672] [   FSDCT] [DBG] [FSDesktopCa:258] FSDCT reset capture engine by idle ...
[2020-05-28 06:36:03.359] [   9672] [   WSSIP] [DBG] [EventLoop.cx:20] The previous message repeated 3 times
[2020-05-28 06:36:03.359] [   9672] [   WSSIP] [DBG] [EventLoop.cx:20] EventLoop::setupIdleHolder ...
[2020-05-28 06:36:21.118] [   9672] [   FSDCT] [DBG] [FSDesktopCa:258] The previous message repeated 2 times
[2020-05-28 06:36:21.118] [   9672] [   FSDCT] [DBG] [FSDesktopCa:258] FSDCT reset capture engine by idle ...
[2020-05-28 06:37:03.361] [   9672] [    asio] [DBG] [EventLoop.cx:20] The previous message repeated 2 times
[2020-05-28 06:37:03.361] [   9672] [    asio] [DBG] [EventLoop.cx:20] EventLoop::setupIdleHolder ...
[2020-05-28 06:37:17.548] [   9672] [   FSDCT] [DBG] [FSDesktopCa:258] The previous message repeated 2 times
[2020-05-28 06:37:17.549] [   9672] [   FSDCT] [DBG] [FSDesktopCa:258] FSDCT reset capture engine by idle ...
[2020-05-28 06:38:03.362] [   9672] [    TEAM] [DBG] [EventLoop.cx:20] The previous message repeated 2 times
[2020-05-28 06:38:03.362] [   9672] [    TEAM] [DBG] [EventLoop.cx:20] EventLoop::setupIdleHolder ...
[2020-05-28 06:38:13.955] [   9672] [   FSDCT] [DBG] [FSDesktopCa:258] The previous message repeated 2 times
[2020-05-28 06:38:13.955] [   9672] [   FSDCT] [DBG] [FSDesktopCa:258] FSDCT reset capture engine by idle ...
[2020-05-28 06:39:03.363] [   9672] [   WSSIP] [DBG] [EventLoop.cx:20] The previous message repeated 2 times
[2020-05-28 06:39:03.363] [   9672] [   WSSIP] [DBG] [EventLoop.cx:20] EventLoop::setupIdleHolder ...
[2020-05-28 06:39:10.410] [   9672] [   FSDCT] [DBG] [FSDesktopCa:258] The previous message repeated 2 times
[2020-05-28 06:39:10.410] [   9672] [   FSDCT] [DBG] [FSDesktopCa:258] FSDCT reset capture engine by idle ...
[2020-05-28 06:40:03.364] [   9672] [   WSSIP] [DBG] [EventLoop.cx:20] The previous message repeated 2 times
[2020-05-28 06:40:03.364] [   9672] [   WSSIP] [DBG] [EventLoop.cx:20] EventLoop::setupIdleHolder ...
[2020-05-28 06:40:06.861] [   9672] [   FSDCT] [DBG] [FSDesktopCa:258] The previous message repeated 2 times
[2020-05-28 06:40:06.861] [   9672] [   FSDCT] [DBG] [FSDesktopCa:258] FSDCT reset capture engine by idle ...
[2020-05-28 06:41:03.365] [   9672] [    asio] [DBG] [EventLoop.cx:20] The previous message repeated 3 times
[2020-05-28 06:41:03.365] [   9672] [    asio] [DBG] [EventLoop.cx:20] EventLoop::setupIdleHolder ...
[2020-05-28 06:41:22.073] [   9672] [   FSDCT] [DBG] [FSDesktopCa:258] The previous message repeated 2 times
[2020-05-28 06:41:22.073] [   9672] [   FSDCT] [DBG] [FSDesktopCa:258] FSDCT reset capture engine by idle ...
[2020-05-28 06:42:03.365] [   9672] [    TEAM] [DBG] [EventLoop.cx:20] The previous message repeated 2 times
[2020-05-28 06:42:03.365] [   9672] [    TEAM] [DBG] [EventLoop.cx:20] EventLoop::setupIdleHolder ...
[2020-05-28 06:42:18.509] [   9672] [   FSDCT] [DBG] [FSDesktopCa:258] The previous message repeated 2 times
[2020-05-28 06:42:18.509] [   9672] [   FSDCT] [DBG] [FSDesktopCa:258] FSDCT reset capture engine by idle ...
[2020-05-28 06:43:03.366] [   9672] [    asio] [DBG] [EventLoop.cx:20] The previous message repeated 2 times
[2020-05-28 06:43:03.366] [   9672] [    asio] [DBG] [EventLoop.cx:20] EventLoop::setupIdleHolder ...
[2020-05-28 06:43:14.926] [   9672] [   FSDCT] [DBG] [FSDesktopCa:258] The previous message repeated 2 times
[2020-05-28 06:43:14.926] [   9672] [   FSDCT] [DBG] [FSDesktopCa:258] FSDCT reset capture engine by idle ...
[2020-05-28 06:44:03.367] [   9672] [    TEAM] [DBG] [EventLoop.cx:20] The previous message repeated 2 times
[2020-05-28 06:44:03.367] [   9672] [    TEAM] [DBG] [EventLoop.cx:20] EventLoop::setupIdleHolder ...
[2020-05-28 06:44:11.336] [   9672] [   FSDCT] [DBG] [FSDesktopCa:258] The previous message repeated 2 times
[2020-05-28 06:44:11.336] [   9672] [   FSDCT] [DBG] [FSDesktopCa:258] FSDCT reset capture engine by idle ...
[2020-05-28 06:45:03.368] [   9672] [    asio] [DBG] [EventLoop.cx:20] The previous message repeated 2 times
[2020-05-28 06:45:03.368] [   9672] [    asio] [DBG] [EventLoop.cx:20] EventLoop::setupIdleHolder ...
[2020-05-28 06:45:07.835] [   9672] [   FSDCT] [DBG] [FSDesktopCa:258] The previous message repeated 2 times
[2020-05-28 06:45:07.835] [   9672] [   FSDCT] [DBG] [FSDesktopCa:258] FSDCT reset capture engine by idle ...
[2020-05-28 06:46:03.369] [   9672] [    TEAM] [DBG] [EventLoop.cx:20] The previous message repeated 2 times
[2020-05-28 06:46:03.369] [   9672] [    TEAM] [DBG] [EventLoop.cx:20] EventLoop::setupIdleHolder ...
[2020-05-28 06:46:04.259] [   9672] [   FSDCT] [DBG] [FSDesktopCa:258] The previous message repeated 2 times
[2020-05-28 06:46:04.259] [   9672] [   FSDCT] [DBG] [FSDesktopCa:258] FSDCT reset capture engine by idle ...
[2020-05-28 06:47:03.370] [   9672] [    TEAM] [DBG] [EventLoop.cx:20] The previous message repeated 3 times
[2020-05-28 06:47:03.370] [   9672] [    TEAM] [DBG] [EventLoop.cx:20] EventLoop::setupIdleHolder ...
[2020-05-28 06:47:19.461] [   9672] [   FSDCT] [DBG] [FSDesktopCa:258] The previous message repeated 2 times
[2020-05-28 06:47:19.461] [   9672] [   FSDCT] [DBG] [FSDesktopCa:258] FSDCT reset capture engine by idle ...
[2020-05-28 06:48:03.370] [   9672] [    asio] [DBG] [EventLoop.cx:20] The previous message repeated 2 times
[2020-05-28 06:48:03.370] [   9672] [    asio] [DBG] [EventLoop.cx:20] EventLoop::setupIdleHolder ...
[2020-05-28 06:48:15.876] [   9672] [   FSDCT] [DBG] [FSDesktopCa:258] The previous message repeated 2 times
[2020-05-28 06:48:15.876] [   9672] [   FSDCT] [DBG] [FSDesktopCa:258] FSDCT reset capture engine by idle ...
[2020-05-28 06:49:03.371] [   9672] [    TEAM] [DBG] [EventLoop.cx:20] The previous message repeated 2 times
[2020-05-28 06:49:03.371] [   9672] [    TEAM] [DBG] [EventLoop.cx:20] EventLoop::setupIdleHolder ...
[2020-05-28 06:49:12.273] [   9672] [   FSDCT] [DBG] [FSDesktopCa:258] The previous message repeated 2 times
[2020-05-28 06:49:12.273] [   9672] [   FSDCT] [DBG] [FSDesktopCa:258] FSDCT reset capture engine by idle ...
[2020-05-28 08:24:20.758] [   9672] [    TEAM] [DBG] [EventLoop.cx:20] The previous message repeated 2 times
[2020-05-28 08:24:20.758] [   9672] [    TEAM] [DBG] [EventLoop.cx:20] EventLoop::setupIdleHolder ...
[2020-05-28 08:24:27.172] [   9672] [   FSDCT] [DBG] [FSDesktopCa:258] The previous message repeated 2 times
[2020-05-28 08:24:27.172] [   9672] [   FSDCT] [DBG] [FSDesktopCa:258] FSDCT reset capture engine by idle ...
[2020-05-28 08:25:20.760] [   9672] [    asio] [DBG] [EventLoop.cx:20] The previous message repeated 2 times
[2020-05-28 08:25:20.760] [   9672] [    asio] [DBG] [EventLoop.cx:20] EventLoop::setupIdleHolder ...
[2020-05-28 08:25:23.596] [   9672] [   FSDCT] [DBG] [FSDesktopCa:258] The previous message repeated 2 times
[2020-05-28 08:25:23.596] [   9672] [   FSDCT] [DBG] [FSDesktopCa:258] FSDCT reset capture engine by idle ...
[2020-05-28 08:26:20.762] [   9672] [    TEAM] [DBG] [EventLoop.cx:20] The previous message repeated 3 times
[2020-05-28 08:26:20.762] [   9672] [    TEAM] [DBG] [EventLoop.cx:20] EventLoop::setupIdleHolder ...
[2020-05-28 08:26:39.215] [   9672] [   FSDCT] [DBG] [FSDesktopCa:258] The previous message repeated 2 times
[2020-05-28 08:26:39.215] [   9672] [   FSDCT] [DBG] [FSDesktopCa:258] FSDCT reset capture engine by idle ...
[2020-05-28 08:27:20.775] [   9672] [    asio] [DBG] [EventLoop.cx:20] The previous message repeated 2 times
[2020-05-28 08:27:20.775] [   9672] [    asio] [DBG] [EventLoop.cx:20] EventLoop::setupIdleHolder ...
[2020-05-28 08:27:35.888] [   9672] [   FSDCT] [DBG] [FSDesktopCa:258] The previous message repeated 2 times
[2020-05-28 08:27:35.888] [   9672] [   FSDCT] [DBG] [FSDesktopCa:258] FSDCT reset capture engine by idle ...
[2020-05-28 08:30:08.093] [   9672] [    TEAM] [DBG] [EventLoop.cx:20] The previous message repeated 2 times
[2020-05-28 08:30:08.093] [   9672] [    TEAM] [DBG] [EventLoop.cx:20] EventLoop::setupIdleHolder ...
[2020-05-28 08:30:20.713] [   9672] [   FSDCT] [DBG] [FSDesktopCa:258] The previous message repeated 2 times
[2020-05-28 08:30:20.713] [   9672] [   FSDCT] [DBG] [FSDesktopCa:258] FSDCT reset capture engine by idle ...
[2020-05-28 08:31:08.096] [   9672] [    TEAM] [DBG] [EventLoop.cx:20] The previous message repeated 2 times
[2020-05-28 08:31:08.096] [   9672] [    TEAM] [DBG] [EventLoop.cx:20] EventLoop::setupIdleHolder ...
[2020-05-28 08:31:17.350] [   9672] [   FSDCT] [DBG] [FSDesktopCa:258] The previous message repeated 2 times
[2020-05-28 08:31:17.350] [   9672] [   FSDCT] [DBG] [FSDesktopCa:258] FSDCT reset capture engine by idle ...
[2020-05-28 08:32:08.096] [   9672] [    TEAM] [DBG] [EventLoop.cx:20] The previous message repeated 2 times
[2020-05-28 08:32:08.096] [   9672] [    TEAM] [DBG] [EventLoop.cx:20] EventLoop::setupIdleHolder ...
[2020-05-28 08:32:14.027] [   9672] [   FSDCT] [DBG] [FSDesktopCa:258] The previous message repeated 2 times
[2020-05-28 08:32:14.027] [   9672] [   FSDCT] [DBG] [FSDesktopCa:258] FSDCT reset capture engine by idle ...
[2020-05-28 08:33:08.097] [   9672] [    TEAM] [DBG] [EventLoop.cx:20] The previous message repeated 2 times
[2020-05-28 08:33:08.097] [   9672] [    TEAM] [DBG] [EventLoop.cx:20] EventLoop::setupIdleHolder ...
[2020-05-28 08:33:10.637] [   9672] [   FSDCT] [DBG] [FSDesktopCa:258] The previous message repeated 2 times
[2020-05-28 08:33:10.637] [   9672] [   FSDCT] [DBG] [FSDesktopCa:258] FSDCT reset capture engine by idle ...
[2020-05-28 08:34:08.103] [   9672] [    asio] [DBG] [EventLoop.cx:20] The previous message repeated 3 times
[2020-05-28 08:34:08.103] [   9672] [    asio] [DBG] [EventLoop.cx:20] EventLoop::setupIdleHolder ...
[2020-05-28 08:34:26.112] [   9672] [   FSDCT] [DBG] [FSDesktopCa:258] The previous message repeated 2 times
[2020-05-28 08:34:26.112] [   9672] [   FSDCT] [DBG] [FSDesktopCa:258] FSDCT reset capture engine by idle ...
[2020-05-28 08:35:08.103] [   9672] [    TEAM] [DBG] [EventLoop.cx:20] The previous message repeated 2 times
[2020-05-28 08:35:08.103] [   9672] [    TEAM] [DBG] [EventLoop.cx:20] EventLoop::setupIdleHolder ...
[2020-05-28 08:35:22.888] [   9672] [   FSDCT] [DBG] [FSDesktopCa:258] The previous message repeated 2 times
[2020-05-28 08:35:22.888] [   9672] [   FSDCT] [DBG] [FSDesktopCa:258] FSDCT reset capture engine by idle ...
[2020-05-28 08:36:08.104] [   9672] [    asio] [DBG] [EventLoop.cx:20] The previous message repeated 2 times
[2020-05-28 08:36:08.104] [   9672] [    asio] [DBG] [EventLoop.cx:20] EventLoop::setupIdleHolder ...
[2020-05-28 08:36:19.579] [   9672] [   FSDCT] [DBG] [FSDesktopCa:258] The previous message repeated 2 times
[2020-05-28 08:36:19.579] [   9672] [   FSDCT] [DBG] [FSDesktopCa:258] FSDCT reset capture engine by idle ...
[2020-05-28 08:37:08.110] [   9672] [    TEAM] [DBG] [EventLoop.cx:20] The previous message repeated 2 times
[2020-05-28 08:37:08.110] [   9672] [    TEAM] [DBG] [EventLoop.cx:20] EventLoop::setupIdleHolder ...
[2020-05-28 08:37:16.442] [   9672] [   FSDCT] [DBG] [FSDesktopCa:258] The previous message repeated 2 times
[2020-05-28 08:37:16.442] [   9672] [   FSDCT] [DBG] [FSDesktopCa:258] FSDCT reset capture engine by idle ...
[2020-05-28 08:38:08.125] [   9672] [    asio] [DBG] [EventLoop.cx:20] The previous message repeated 2 times
[2020-05-28 08:38:08.125] [   9672] [    asio] [DBG] [EventLoop.cx:20] EventLoop::setupIdleHolder ...
[2020-05-28 08:38:13.173] [   9672] [   FSDCT] [DBG] [FSDesktopCa:258] The previous message repeated 2 times
[2020-05-28 08:38:13.173] [   9672] [   FSDCT] [DBG] [FSDesktopCa:258] FSDCT reset capture engine by idle ...
[2020-05-28 08:39:08.126] [   9672] [    asio] [DBG] [EventLoop.cx:20] The previous message repeated 2 times
[2020-05-28 08:39:08.126] [   9672] [    asio] [DBG] [EventLoop.cx:20] EventLoop::setupIdleHolder ...
[2020-05-28 08:39:09.977] [   9672] [   FSDCT] [DBG] [FSDesktopCa:258] The previous message repeated 2 times
[2020-05-28 08:39:09.977] [   9672] [   FSDCT] [DBG] [FSDesktopCa:258] FSDCT reset capture engine by idle ...
[2020-05-28 08:52:04.775] [   9672] [    asio] [DBG] [EventLoop.cx:20] The previous message repeated 3 times
[2020-05-28 08:52:04.775] [   9672] [    asio] [DBG] [EventLoop.cx:20] EventLoop::setupIdleHolder ...
[2020-05-28 08:52:22.905] [   9672] [   FSDCT] [DBG] [FSDesktopCa:258] The previous message repeated 2 times
[2020-05-28 08:52:22.905] [   9672] [   FSDCT] [DBG] [FSDesktopCa:258] FSDCT reset capture engine by idle ...
[2020-05-28 08:53:04.781] [   9672] [    TEAM] [DBG] [EventLoop.cx:20] The previous message repeated 2 times
[2020-05-28 08:53:04.781] [   9672] [    TEAM] [DBG] [EventLoop.cx:20] EventLoop::setupIdleHolder ...
[2020-05-28 08:53:19.807] [   9672] [   FSDCT] [DBG] [FSDesktopCa:258] The previous message repeated 2 times
[2020-05-28 08:53:19.807] [   9672] [   FSDCT] [DBG] [FSDesktopCa:258] FSDCT reset capture engine by idle ...
[2020-05-28 08:54:04.781] [   9672] [    TEAM] [DBG] [EventLoop.cx:20] The previous message repeated 2 times
[2020-05-28 08:54:04.781] [   9672] [    TEAM] [DBG] [EventLoop.cx:20] EventLoop::setupIdleHolder ...
[2020-05-28 08:54:16.690] [   9672] [   FSDCT] [DBG] [FSDesktopCa:258] The previous message repeated 2 times
[2020-05-28 08:54:16.690] [   9672] [   FSDCT] [DBG] [FSDesktopCa:258] FSDCT reset capture engine by idle ...
[2020-05-28 08:55:04.788] [   9672] [    asio] [DBG] [EventLoop.cx:20] The previous message repeated 2 times
[2020-05-28 08:55:04.788] [   9672] [    asio] [DBG] [EventLoop.cx:20] EventLoop::setupIdleHolder ...
[2020-05-28 08:55:13.695] [   9672] [   FSDCT] [DBG] [FSDesktopCa:258] The previous message repeated 2 times
[2020-05-28 08:55:13.695] [   9672] [   FSDCT] [DBG] [FSDesktopCa:258] FSDCT reset capture engine by idle ...
[2020-05-28 08:56:04.789] [   9672] [    TEAM] [DBG] [EventLoop.cx:20] The previous message repeated 2 times
[2020-05-28 08:56:04.789] [   9672] [    TEAM] [DBG] [EventLoop.cx:20] EventLoop::setupIdleHolder ...
[2020-05-28 08:56:10.591] [   9672] [   FSDCT] [DBG] [FSDesktopCa:258] The previous message repeated 2 times
[2020-05-28 08:56:10.591] [   9672] [   FSDCT] [DBG] [FSDesktopCa:258] FSDCT reset capture engine by idle ...
[2020-05-28 08:57:04.790] [   9672] [    asio] [DBG] [EventLoop.cx:20] The previous message repeated 2 times
[2020-05-28 08:57:04.790] [   9672] [    asio] [DBG] [EventLoop.cx:20] EventLoop::setupIdleHolder ...
[2020-05-28 08:57:07.517] [   9672] [   FSDCT] [DBG] [FSDesktopCa:258] The previous message repeated 2 times
[2020-05-28 08:57:07.517] [   9672] [   FSDCT] [DBG] [FSDesktopCa:258] FSDCT reset capture engine by idle ...
[2020-05-28 08:58:04.790] [   9672] [    asio] [DBG] [EventLoop.cx:20] The previous message repeated 3 times
[2020-05-28 08:58:04.790] [   9672] [    asio] [DBG] [EventLoop.cx:20] EventLoop::setupIdleHolder ...
[2020-05-28 08:58:23.315] [   9672] [   FSDCT] [DBG] [FSDesktopCa:258] The previous message repeated 2 times
[2020-05-28 08:58:23.315] [   9672] [   FSDCT] [DBG] [FSDesktopCa:258] FSDCT reset capture engine by idle ...
[2020-05-28 08:59:04.805] [   9672] [    TEAM] [DBG] [EventLoop.cx:20] The previous message repeated 2 times
[2020-05-28 08:59:04.805] [   9672] [    TEAM] [DBG] [EventLoop.cx:20] EventLoop::setupIdleHolder ...
[2020-05-28 08:59:20.359] [   9672] [   FSDCT] [DBG] [FSDesktopCa:258] The previous message repeated 2 times
[2020-05-28 08:59:20.359] [   9672] [   FSDCT] [DBG] [FSDesktopCa:258] FSDCT reset capture engine by idle ...
[2020-05-28 09:00:04.810] [   9672] [    TEAM] [DBG] [EventLoop.cx:20] The previous message repeated 2 times
[2020-05-28 09:00:04.810] [   9672] [    TEAM] [DBG] [EventLoop.cx:20] EventLoop::setupIdleHolder ...
[2020-05-28 09:00:17.236] [   9672] [   FSDCT] [DBG] [FSDesktopCa:258] The previous message repeated 2 times
[2020-05-28 09:00:17.236] [   9672] [   FSDCT] [DBG] [FSDesktopCa:258] FSDCT reset capture engine by idle ...
[2020-05-28 09:01:04.812] [   9672] [    asio] [DBG] [EventLoop.cx:20] The previous message repeated 2 times
[2020-05-28 09:01:04.812] [   9672] [    asio] [DBG] [EventLoop.cx:20] EventLoop::setupIdleHolder ...
[2020-05-28 09:01:14.082] [   9672] [   FSDCT] [DBG] [FSDesktopCa:258] The previous message repeated 2 times
[2020-05-28 09:01:14.082] [   9672] [   FSDCT] [DBG] [FSDesktopCa:258] FSDCT reset capture engine by idle ...
[2020-05-28 09:02:04.827] [   9672] [    asio] [DBG] [EventLoop.cx:20] The previous message repeated 2 times
[2020-05-28 09:02:04.827] [   9672] [    asio] [DBG] [EventLoop.cx:20] EventLoop::setupIdleHolder ...
[2020-05-28 09:02:11.085] [   9672] [   FSDCT] [DBG] [FSDesktopCa:258] The previous message repeated 2 times
[2020-05-28 09:02:11.085] [   9672] [   FSDCT] [DBG] [FSDesktopCa:258] FSDCT reset capture engine by idle ...
[2020-05-28 09:03:04.833] [   9672] [    TEAM] [DBG] [EventLoop.cx:20] The previous message repeated 2 times
[2020-05-28 09:03:04.833] [   9672] [    TEAM] [DBG] [EventLoop.cx:20] EventLoop::setupIdleHolder ...
[2020-05-28 09:03:07.962] [   9672] [   FSDCT] [DBG] [FSDesktopCa:258] The previous message repeated 2 times
[2020-05-28 09:03:07.963] [   9672] [   FSDCT] [DBG] [FSDesktopCa:258] FSDCT reset capture engine by idle ...
[2020-05-28 09:04:04.834] [   9672] [    asio] [DBG] [EventLoop.cx:20] The previous message repeated 2 times
[2020-05-28 09:04:04.834] [   9672] [    asio] [DBG] [EventLoop.cx:20] EventLoop::setupIdleHolder ...
[2020-05-28 09:04:05.024] [   9672] [   FSDCT] [DBG] [FSDesktopCa:258] The previous message repeated 2 times
[2020-05-28 09:04:05.024] [   9672] [   FSDCT] [DBG] [FSDesktopCa:258] FSDCT reset capture engine by idle ...
[2020-05-28 09:05:04.846] [   9672] [    TEAM] [DBG] [EventLoop.cx:20] The previous message repeated 3 times
[2020-05-28 09:05:04.846] [   9672] [    TEAM] [DBG] [EventLoop.cx:20] EventLoop::setupIdleHolder ...
[2020-05-28 09:05:20.761] [   9672] [   FSDCT] [DBG] [FSDesktopCa:258] The previous message repeated 2 times
[2020-05-28 09:05:20.761] [   9672] [   FSDCT] [DBG] [FSDesktopCa:258] FSDCT reset capture engine by idle ...
[2020-05-28 09:06:04.854] [   9672] [    TEAM] [DBG] [EventLoop.cx:20] The previous message repeated 2 times
[2020-05-28 09:06:04.854] [   9672] [    TEAM] [DBG] [EventLoop.cx:20] EventLoop::setupIdleHolder ...
[2020-05-28 09:06:17.539] [   9672] [   FSDCT] [DBG] [FSDesktopCa:258] The previous message repeated 2 times
[2020-05-28 09:06:17.539] [   9672] [   FSDCT] [DBG] [FSDesktopCa:258] FSDCT reset capture engine by idle ...
[2020-05-28 09:07:04.855] [   9672] [    asio] [DBG] [EventLoop.cx:20] The previous message repeated 2 times
[2020-05-28 09:07:04.855] [   9672] [    asio] [DBG] [EventLoop.cx:20] EventLoop::setupIdleHolder ...
[2020-05-28 09:07:14.254] [   9672] [   FSDCT] [DBG] [FSDesktopCa:258] The previous message repeated 2 times
[2020-05-28 09:07:14.254] [   9672] [   FSDCT] [DBG] [FSDesktopCa:258] FSDCT reset capture engine by idle ...
[2020-05-28 09:08:04.869] [   9672] [    asio] [DBG] [EventLoop.cx:20] The previous message repeated 2 times
[2020-05-28 09:08:04.869] [   9672] [    asio] [DBG] [EventLoop.cx:20] EventLoop::setupIdleHolder ...
[2020-05-28 09:08:11.017] [   9672] [   FSDCT] [DBG] [FSDesktopCa:258] The previous message repeated 2 times
[2020-05-28 09:08:11.017] [   9672] [   FSDCT] [DBG] [FSDesktopCa:258] FSDCT reset capture engine by idle ...
[2020-05-28 09:09:04.881] [   9672] [    TEAM] [DBG] [EventLoop.cx:20] The previous message repeated 2 times
[2020-05-28 09:09:04.881] [   9672] [    TEAM] [DBG] [EventLoop.cx:20] EventLoop::setupIdleHolder ...
[2020-05-28 09:09:08.053] [   9672] [   FSDCT] [DBG] [FSDesktopCa:258] The previous message repeated 2 times
[2020-05-28 09:09:08.053] [   9672] [   FSDCT] [DBG] [FSDesktopCa:258] FSDCT reset capture engine by idle ...
[2020-05-28 09:10:04.882] [   9672] [    TEAM] [DBG] [EventLoop.cx:20] The previous message repeated 2 times
[2020-05-28 09:10:04.882] [   9672] [    TEAM] [DBG] [EventLoop.cx:20] EventLoop::setupIdleHolder ...
[2020-05-28 09:10:05.034] [   9672] [   FSDCT] [DBG] [FSDesktopCa:258] The previous message repeated 2 times
[2020-05-28 09:10:05.034] [   9672] [   FSDCT] [DBG] [FSDesktopCa:258] FSDCT reset capture engine by idle ...
[2020-05-28 09:11:04.895] [   9672] [    asio] [DBG] [EventLoop.cx:20] The previous message repeated 3 times
[2020-05-28 09:11:04.895] [   9672] [    asio] [DBG] [EventLoop.cx:20] EventLoop::setupIdleHolder ...
[2020-05-28 09:11:21.038] [   9672] [   FSDCT] [DBG] [FSDesktopCa:258] The previous message repeated 2 times
[2020-05-28 09:11:21.038] [   9672] [   FSDCT] [DBG] [FSDesktopCa:258] FSDCT reset capture engine by idle ...
[2020-05-28 09:12:04.907] [   9672] [    TEAM] [DBG] [EventLoop.cx:20] The previous message repeated 2 times
[2020-05-28 09:12:04.907] [   9672] [    TEAM] [DBG] [EventLoop.cx:20] EventLoop::setupIdleHolder ...
[2020-05-28 09:12:17.844] [   9672] [   FSDCT] [DBG] [FSDesktopCa:258] The previous message repeated 2 times
[2020-05-28 09:12:17.844] [   9672] [   FSDCT] [DBG] [FSDesktopCa:258] FSDCT reset capture engine by idle ...
[2020-05-28 09:13:04.915] [   9672] [    TEAM] [DBG] [EventLoop.cx:20] The previous message repeated 2 times
[2020-05-28 09:13:04.915] [   9672] [    TEAM] [DBG] [EventLoop.cx:20] EventLoop::setupIdleHolder ...
[2020-05-28 09:13:14.675] [   9672] [   FSDCT] [DBG] [FSDesktopCa:258] The previous message repeated 2 times
[2020-05-28 09:13:14.675] [   9672] [   FSDCT] [DBG] [FSDesktopCa:258] FSDCT reset capture engine by idle ...
[2020-05-28 09:14:04.918] [   9672] [    asio] [DBG] [EventLoop.cx:20] The previous message repeated 2 times
[2020-05-28 09:14:04.918] [   9672] [    asio] [DBG] [EventLoop.cx:20] EventLoop::setupIdleHolder ...
[2020-05-28 09:14:11.489] [   9672] [   FSDCT] [DBG] [FSDesktopCa:258] The previous message repeated 2 times
[2020-05-28 09:14:11.489] [   9672] [   FSDCT] [DBG] [FSDesktopCa:258] FSDCT reset capture engine by idle ...
[2020-05-28 09:15:04.930] [   9672] [    asio] [DBG] [EventLoop.cx:20] The previous message repeated 2 times
[2020-05-28 09:15:04.930] [   9672] [    asio] [DBG] [EventLoop.cx:20] EventLoop::setupIdleHolder ...
[2020-05-28 09:15:08.389] [   9672] [   FSDCT] [DBG] [FSDesktopCa:258] The previous message repeated 2 times
[2020-05-28 09:15:08.389] [   9672] [   FSDCT] [DBG] [FSDesktopCa:258] FSDCT reset capture engine by idle ...
[2020-05-28 09:16:04.931] [   9672] [    TEAM] [DBG] [EventLoop.cx:20] The previous message repeated 2 times
[2020-05-28 09:16:04.931] [   9672] [    TEAM] [DBG] [EventLoop.cx:20] EventLoop::setupIdleHolder ...
[2020-05-28 09:16:05.182] [   9672] [   FSDCT] [DBG] [FSDesktopCa:258] The previous message repeated 2 times
[2020-05-28 09:16:05.182] [   9672] [   FSDCT] [DBG] [FSDesktopCa:258] FSDCT reset capture engine by idle ...
[2020-05-28 09:17:04.942] [   9672] [    TEAM] [DBG] [EventLoop.cx:20] The previous message repeated 3 times
[2020-05-28 09:17:04.942] [   9672] [    TEAM] [DBG] [EventLoop.cx:20] EventLoop::setupIdleHolder ...
[2020-05-28 09:17:20.931] [   9672] [   FSDCT] [DBG] [FSDesktopCa:258] The previous message repeated 2 times
[2020-05-28 09:17:20.931] [   9672] [   FSDCT] [DBG] [FSDesktopCa:258] FSDCT reset capture engine by idle ...
[2020-05-28 09:18:04.943] [   9672] [    asio] [DBG] [EventLoop.cx:20] The previous message repeated 2 times
[2020-05-28 09:18:04.943] [   9672] [    asio] [DBG] [EventLoop.cx:20] EventLoop::setupIdleHolder ...
[2020-05-28 09:18:17.393] [   9672] [   FSDCT] [DBG] [FSDesktopCa:258] The previous message repeated 2 times
[2020-05-28 09:18:17.393] [   9672] [   FSDCT] [DBG] [FSDesktopCa:258] FSDCT reset capture engine by idle ...
[2020-05-28 09:19:04.949] [   9672] [    TEAM] [DBG] [EventLoop.cx:20] The previous message repeated 2 times
[2020-05-28 09:19:04.949] [   9672] [    TEAM] [DBG] [EventLoop.cx:20] EventLoop::setupIdleHolder ...
[2020-05-28 09:19:13.888] [   9672] [   FSDCT] [DBG] [FSDesktopCa:258] The previous message repeated 2 times
[2020-05-28 09:19:13.888] [   9672] [   FSDCT] [DBG] [FSDesktopCa:258] FSDCT reset capture engine by idle ...
[2020-05-28 09:20:04.951] [   9672] [    TEAM] [DBG] [EventLoop.cx:20] The previous message repeated 2 times
[2020-05-28 09:20:04.951] [   9672] [    TEAM] [DBG] [EventLoop.cx:20] EventLoop::setupIdleHolder ...
[2020-05-28 09:20:10.594] [   9672] [   FSDCT] [DBG] [FSDesktopCa:258] The previous message repeated 2 times
[2020-05-28 09:20:10.594] [   9672] [   FSDCT] [DBG] [FSDesktopCa:258] FSDCT reset capture engine by idle ...
[2020-05-28 09:21:04.960] [   9672] [    asio] [DBG] [EventLoop.cx:20] The previous message repeated 2 times
[2020-05-28 09:21:04.960] [   9672] [    asio] [DBG] [EventLoop.cx:20] EventLoop::setupIdleHolder ...
[2020-05-28 09:21:07.239] [   9672] [   FSDCT] [DBG] [FSDesktopCa:258] The previous message repeated 2 times
[2020-05-28 09:21:07.239] [   9672] [   FSDCT] [DBG] [FSDesktopCa:258] FSDCT reset capture engine by idle ...
[2020-05-28 09:22:04.962] [   9672] [    TEAM] [DBG] [EventLoop.cx:20] The previous message repeated 3 times
[2020-05-28 09:22:04.962] [   9672] [    TEAM] [DBG] [EventLoop.cx:20] EventLoop::setupIdleHolder ...
[2020-05-28 09:22:22.510] [   9672] [   FSDCT] [DBG] [FSDesktopCa:258] The previous message repeated 2 times
[2020-05-28 09:22:22.510] [   9672] [   FSDCT] [DBG] [FSDesktopCa:258] FSDCT reset capture engine by idle ...
[2020-05-28 09:23:04.963] [   9672] [    asio] [DBG] [EventLoop.cx:20] The previous message repeated 2 times
[2020-05-28 09:23:04.963] [   9672] [    asio] [DBG] [EventLoop.cx:20] EventLoop::setupIdleHolder ...
[2020-05-28 09:23:18.926] [   9672] [   FSDCT] [DBG] [FSDesktopCa:258] The previous message repeated 2 times
[2020-05-28 09:23:18.926] [   9672] [   FSDCT] [DBG] [FSDesktopCa:258] FSDCT reset capture engine by idle ...
[2020-05-28 09:24:04.964] [   9672] [    asio] [DBG] [EventLoop.cx:20] The previous message repeated 2 times
[2020-05-28 09:24:04.964] [   9672] [    asio] [DBG] [EventLoop.cx:20] EventLoop::setupIdleHolder ...
[2020-05-28 09:24:15.416] [   9672] [   FSDCT] [DBG] [FSDesktopCa:258] The previous message repeated 2 times
[2020-05-28 09:24:15.416] [   9672] [   FSDCT] [DBG] [FSDesktopCa:258] FSDCT reset capture engine by idle ...
[2020-05-28 09:25:04.965] [   9672] [    asio] [DBG] [EventLoop.cx:20] The previous message repeated 2 times
[2020-05-28 09:25:04.965] [   9672] [    asio] [DBG] [EventLoop.cx:20] EventLoop::setupIdleHolder ...
[2020-05-28 09:25:11.799] [   9672] [   FSDCT] [DBG] [FSDesktopCa:258] The previous message repeated 2 times
[2020-05-28 09:25:11.799] [   9672] [   FSDCT] [DBG] [FSDesktopCa:258] FSDCT reset capture engine by idle ...
[2020-05-28 09:26:04.966] [   9672] [    TEAM] [DBG] [EventLoop.cx:20] The previous message repeated 2 times
[2020-05-28 09:26:04.966] [   9672] [    TEAM] [DBG] [EventLoop.cx:20] EventLoop::setupIdleHolder ...
[2020-05-28 09:26:08.198] [   9672] [   FSDCT] [DBG] [FSDesktopCa:258] The previous message repeated 2 times
[2020-05-28 09:26:08.198] [   9672] [   FSDCT] [DBG] [FSDesktopCa:258] FSDCT reset capture engine by idle ...
[2020-05-28 09:27:04.967] [   9672] [    TEAM] [DBG] [EventLoop.cx:20] The previous message repeated 3 times
[2020-05-28 09:27:04.967] [   9672] [    TEAM] [DBG] [EventLoop.cx:20] EventLoop::setupIdleHolder ...
[2020-05-28 09:27:23.379] [   9672] [   FSDCT] [DBG] [FSDesktopCa:258] The previous message repeated 2 times
[2020-05-28 09:27:23.379] [   9672] [   FSDCT] [DBG] [FSDesktopCa:258] FSDCT reset capture engine by idle ...
[2020-05-28 09:28:04.968] [   9672] [    TEAM] [DBG] [EventLoop.cx:20] The previous message repeated 2 times
[2020-05-28 09:28:04.968] [   9672] [    TEAM] [DBG] [EventLoop.cx:20] EventLoop::setupIdleHolder ...
[2020-05-28 09:28:19.767] [   9672] [   FSDCT] [DBG] [FSDesktopCa:258] The previous message repeated 2 times
[2020-05-28 09:28:19.767] [   9672] [   FSDCT] [DBG] [FSDesktopCa:258] FSDCT reset capture engine by idle ...
[2020-05-28 09:29:04.969] [   9672] [    TEAM] [DBG] [EventLoop.cx:20] The previous message repeated 2 times
[2020-05-28 09:29:04.969] [   9672] [    TEAM] [DBG] [EventLoop.cx:20] EventLoop::setupIdleHolder ...
[2020-05-28 09:29:16.322] [   9672] [   FSDCT] [DBG] [FSDesktopCa:258] The previous message repeated 2 times
[2020-05-28 09:29:16.322] [   9672] [   FSDCT] [DBG] [FSDesktopCa:258] FSDCT reset capture engine by idle ...
[2020-05-28 12:29:35.539] [   9672] [    MAIN] [EVT] [APIv3.tis   :68] Sciter script: [webapi] Start request PhoneNumberBinding params={ttl:14400,guid:"c868107f-ca13-4a64-beb0-9d254c8c0e04"} and null
[2020-05-28 12:29:35.539] [   9672] [    MAIN] [INF] [WebServiceP:132] [cx][webapi] Start request
[2020-05-28 12:29:35.583] [   9672] [   FSDCT] [DBG] [FSDesktopCa:258] FSDCT reset capture engine by idle ...
[2020-05-28 12:29:36.203] [   9672] [    MAIN] [INF] [WebAPIv3Wra:409] [webapi] bindPhoneNumber with ttl=14400, guid=c868107f-ca13-4a64-beb0-9d254c8c0e04
[2020-05-28 12:29:36.203] [   9672] [    MAIN] [MA1] [HTTPLoader.:103] BaseHTTPLoader::BaseHTTPLoader(2F3CD4E0)
[2020-05-28 12:29:36.203] [   9672] [   FSAPP] [INF] [HTTPLoader.:206] BaseHTTPLoader[2F3CD4E0] - load URL: https://app.freeconferencecall.com/api/v3/phonenumbers/binding?access_token=0000000000ACC6DF9076504AFC603724CA07B485404C805625AE964A4CA38CAD&client_app_id=f79ef745133e8c7e&rand=341&sig=0de74e968ef27d349459f1a84cff1f32 [proxy: :0]
[2020-05-28 12:29:36.203] [   9672] [   FSAPP] [MA1] [IOStream.cxx:22] SSLTransport[38A0C340:130]::IOStream()
[2020-05-28 12:29:36.203] [   9672] [   FSAPP] [MA1] [WinSSLEngin:170] WinSSLTransport::WinSSLTransport(38A0C340)
[2020-05-28 12:29:36.203] [   9672] [   FSAPP] [MA1] [IOStream.cxx:22] ClientConnection[390DDFC8:131]::IOStream()
[2020-05-28 12:29:36.355] [   9672] [   FSAPP] [DBG] [ClientConne:134] ClientConnection[390DDFC8]::onResolved() ...
[2020-05-28 12:29:36.355] [   9672] [   FSAPP] [FLT] [HTTPLoader.:152] BaseHTTPLoader[2F3CD4E0] can't load URL [https://app.freeconferencecall.com/api/v3/phonenumbers/binding?access_token=0000000000ACC6DF9076504AFC603724CA07B485404C805625AE964A4CA38CAD&client_app_id=f79ef745133e8c7e&rand=341&sig=0de74e968ef27d349459f1a84cff1f32]: The requested name is valid, but no data of the requested type was found
[2020-05-28 12:29:36.355] [   9672] [   FSAPP] [EVT] [HTTPRequest:253] Status code: httpStatus=0
[2020-05-28 12:29:36.355] [   9672] [   FSAPP] [EVT] [HTTPRequest:348] Detected downloaded data type 1
[2020-05-28 12:29:36.355] [   9672] [   FSAPP] [FLT] [HTTPRequest:243] MyHTTPLoader[2F3CD4E0] data not received for URL [https://app.freeconferencecall.com/api/v3/phonenumbers/binding?access_token=0000000000ACC6DF9076504AFC603724CA07B485404C805625AE964A4CA38CAD&client_app_id=f79ef745133e8c7e&rand=341&sig=0de74e968ef27d349459f1a84cff1f32]
[2020-05-28 12:29:36.355] [   9672] [   FSAPP] [INF] [IOStream.cx:229] ClientConnection[390DDFC8] closed
[2020-05-28 12:29:36.355] [   9672] [   FSAPP] [INF] [IOStream.cx:229] SSLTransport[38A0C340] closed
[2020-05-28 12:29:36.355] [   9672] [   FSAPP] [DBG] [HTTPLoader.:723] BaseHTTPLoader[2F3CD4E0] - closed (in buffer 0 bytes)
[2020-05-28 12:29:36.355] [   9672] [   FSAPP] [FLT] [HTTPRequest:243] MyHTTPLoader[2F3CD4E0] data not received for URL [https://app.freeconferencecall.com/api/v3/phonenumbers/binding?access_token=0000000000ACC6DF9076504AFC603724CA07B485404C805625AE964A4CA38CAD&client_app_id=f79ef745133e8c7e&rand=341&sig=0de74e968ef27d349459f1a84cff1f32]
[2020-05-28 12:29:36.355] [   9672] [   FSAPP] [MA1] [IOStream.cxx:27] ClientConnection[390DDFC8:131]::~IOStream()
[2020-05-28 12:29:36.355] [   9672] [   FSAPP] [MA1] [WinSSLEngin:183] WinSSLTransport::~WinSSLTransport(38A0C340)
[2020-05-28 12:29:36.355] [   9672] [   FSAPP] [MA1] [IOStream.cxx:27] SSLTransport[38A0C340:130]::~IOStream()
[2020-05-28 12:29:36.355] [   9672] [   FSAPP] [EVT] [HTTPRequest:437] Deleting HTTP request to https://app.freeconferencecall.com/api/v3/phonenumbers/binding
[2020-05-28 12:29:36.355] [   9672] [   FSAPP] [MA1] [HTTPLoader.:111] BaseHTTPLoader::~BaseHTTPLoader(2F3CD4E0)
[2020-05-28 12:29:54.629] [   9672] [   FSDCT] [DBG] [FSDesktopCa:258] FSDCT reset capture engine by idle ...
[2020-05-28 20:49:28.243] [   9672] [    MAIN] [EVT] [APIv3.tis   :68] Sciter script: [webapi] Start request PhoneNumberBinding params={ttl:14400,guid:"c868107f-ca13-4a64-beb0-9d254c8c0e04"} and null
[2020-05-28 20:49:28.247] [   9672] [    MAIN] [INF] [WebServiceP:132] [cx][webapi] Start request
[2020-05-28 20:49:28.247] [   9672] [    MAIN] [INF] [WebAPIv3Wra:409] [webapi] bindPhoneNumber with ttl=14400, guid=c868107f-ca13-4a64-beb0-9d254c8c0e04
[2020-05-28 20:49:28.463] [   9672] [    MAIN] [MA1] [HTTPLoader.:103] BaseHTTPLoader::BaseHTTPLoader(2F3CD4E0)
[2020-05-28 20:49:28.463] [   9672] [   FSAPP] [INF] [HTTPLoader.:206] BaseHTTPLoader[2F3CD4E0] - load URL: https://app.freeconferencecall.com/api/v3/phonenumbers/binding?access_token=0000000000ACC6DF9076504AFC603724CA07B485404C805625AE964A4CA38CAD&client_app_id=f79ef745133e8c7e&rand=723&sig=8b68c708562bf958f998efe53058c487 [proxy: :0]
[2020-05-28 20:49:28.463] [   9672] [   FSAPP] [MA1] [IOStream.cxx:22] SSLTransport[38A0C640:132]::IOStream()
[2020-05-28 20:49:28.667] [   9672] [   FSAPP] [MA1] [WinSSLEngin:170] WinSSLTransport::WinSSLTransport(38A0C640)
[2020-05-28 20:49:28.667] [   9672] [   FSAPP] [MA1] [IOStream.cxx:22] ClientConnection[390DE988:133]::IOStream()
[2020-05-28 20:49:28.667] [   9672] [   FSAPP] [DBG] [ClientConne:134] ClientConnection[390DE988]::onResolved() ...
[2020-05-28 20:49:28.667] [   9672] [   FSAPP] [FLT] [HTTPLoader.:152] BaseHTTPLoader[2F3CD4E0] can't load URL [https://app.freeconferencecall.com/api/v3/phonenumbers/binding?access_token=0000000000ACC6DF9076504AFC603724CA07B485404C805625AE964A4CA38CAD&client_app_id=f79ef745133e8c7e&rand=723&sig=8b68c708562bf958f998efe53058c487]: The requested name is valid, but no data of the requested type was found
[2020-05-28 20:49:28.667] [   9672] [   FSAPP] [EVT] [HTTPRequest:253] Status code: httpStatus=0
[2020-05-28 20:49:28.667] [   9672] [   FSAPP] [EVT] [HTTPRequest:348] Detected downloaded data type 1
[2020-05-28 20:49:28.667] [   9672] [   FSAPP] [FLT] [HTTPRequest:243] MyHTTPLoader[2F3CD4E0] data not received for URL [https://app.freeconferencecall.com/api/v3/phonenumbers/binding?access_token=0000000000ACC6DF9076504AFC603724CA07B485404C805625AE964A4CA38CAD&client_app_id=f79ef745133e8c7e&rand=723&sig=8b68c708562bf958f998efe53058c487]
[2020-05-28 20:49:28.667] [   9672] [   FSAPP] [INF] [IOStream.cx:229] ClientConnection[390DE988] closed
[2020-05-28 20:49:28.667] [   9672] [   FSAPP] [INF] [IOStream.cx:229] SSLTransport[38A0C640] closed
[2020-05-28 20:49:28.667] [   9672] [   FSAPP] [DBG] [HTTPLoader.:723] BaseHTTPLoader[2F3CD4E0] - closed (in buffer 0 bytes)
[2020-05-28 20:49:28.975] [   9672] [   FSAPP] [FLT] [HTTPRequest:243] MyHTTPLoader[2F3CD4E0] data not received for URL [https://app.freeconferencecall.com/api/v3/phonenumbers/binding?access_token=0000000000ACC6DF9076504AFC603724CA07B485404C805625AE964A4CA38CAD&client_app_id=f79ef745133e8c7e&rand=723&sig=8b68c708562bf958f998efe53058c487]
[2020-05-28 20:49:28.975] [   9672] [   FSAPP] [MA1] [IOStream.cxx:27] ClientConnection[390DE988:133]::~IOStream()
[2020-05-28 20:49:28.975] [   9672] [   FSAPP] [MA1] [WinSSLEngin:183] WinSSLTransport::~WinSSLTransport(38A0C640)
[2020-05-28 20:49:28.975] [   9672] [   FSAPP] [MA1] [IOStream.cxx:27] SSLTransport[38A0C640:132]::~IOStream()
[2020-05-28 20:49:28.975] [   9672] [   FSAPP] [EVT] [HTTPRequest:437] Deleting HTTP request to https://app.freeconferencecall.com/api/v3/phonenumbers/binding
[2020-05-28 20:49:28.975] [   9672] [   FSAPP] [MA1] [HTTPLoader.:111] BaseHTTPLoader::~BaseHTTPLoader(2F3CD4E0)
[2020-05-28 20:49:32.646] [   9672] [    TEAM] [DBG] [EventLoop.cx:20] EventLoop::setupIdleHolder ...
[2020-05-28 20:49:41.189] [   9672] [   FSDCT] [DBG] [FSDesktopCa:258] The previous message repeated 2 times
[2020-05-28 20:49:41.189] [   9672] [   FSDCT] [DBG] [FSDesktopCa:258] FSDCT reset capture engine by idle ...
[2020-05-28 20:50:32.646] [   9672] [    TEAM] [DBG] [EventLoop.cx:20] The previous message repeated 2 times
[2020-05-28 20:50:32.646] [   9672] [    TEAM] [DBG] [EventLoop.cx:20] EventLoop::setupIdleHolder ...
[2020-05-28 20:50:37.600] [   9672] [   FSDCT] [DBG] [FSDesktopCa:258] The previous message repeated 2 times
[2020-05-28 20:50:37.600] [   9672] [   FSDCT] [DBG] [FSDesktopCa:258] FSDCT reset capture engine by idle ...
[2020-05-28 20:51:32.646] [   9672] [    asio] [DBG] [EventLoop.cx:20] The previous message repeated 2 times
[2020-05-28 20:51:32.646] [   9672] [    asio] [DBG] [EventLoop.cx:20] EventLoop::setupIdleHolder ...
[2020-05-28 20:51:34.009] [   9672] [   FSDCT] [DBG] [FSDesktopCa:258] The previous message repeated 2 times
[2020-05-28 20:51:34.009] [   9672] [   FSDCT] [DBG] [FSDesktopCa:258] FSDCT reset capture engine by idle ...
[2020-05-28 20:52:32.648] [   9672] [    TEAM] [DBG] [EventLoop.cx:20] The previous message repeated 3 times
[2020-05-28 20:52:32.648] [   9672] [    TEAM] [DBG] [EventLoop.cx:20] EventLoop::setupIdleHolder ...
[2020-05-28 20:52:49.192] [   9672] [   FSDCT] [DBG] [FSDesktopCa:258] The previous message repeated 2 times
[2020-05-28 20:52:49.192] [   9672] [   FSDCT] [DBG] [FSDesktopCa:258] FSDCT reset capture engine by idle ...
[2020-05-28 20:53:32.649] [   9672] [    TEAM] [DBG] [EventLoop.cx:20] The previous message repeated 2 times
[2020-05-28 20:53:32.649] [   9672] [    TEAM] [DBG] [EventLoop.cx:20] EventLoop::setupIdleHolder ...
[2020-05-28 20:53:45.579] [   9672] [   FSDCT] [DBG] [FSDesktopCa:258] The previous message repeated 2 times
[2020-05-28 20:53:45.579] [   9672] [   FSDCT] [DBG] [FSDesktopCa:258] FSDCT reset capture engine by idle ...
[2020-05-28 20:54:32.650] [   9672] [    asio] [DBG] [EventLoop.cx:20] The previous message repeated 2 times
[2020-05-28 20:54:32.650] [   9672] [    asio] [DBG] [EventLoop.cx:20] EventLoop::setupIdleHolder ...
[2020-05-28 20:54:41.970] [   9672] [   FSDCT] [DBG] [FSDesktopCa:258] The previous message repeated 2 times
[2020-05-28 20:54:41.970] [   9672] [   FSDCT] [DBG] [FSDesktopCa:258] FSDCT reset capture engine by idle ...
[2020-05-28 20:55:32.651] [   9672] [    TEAM] [DBG] [EventLoop.cx:20] The previous message repeated 2 times
[2020-05-28 20:55:32.651] [   9672] [    TEAM] [DBG] [EventLoop.cx:20] EventLoop::setupIdleHolder ...
[2020-05-28 20:55:38.362] [   9672] [   FSDCT] [DBG] [FSDesktopCa:258] The previous message repeated 2 times
[2020-05-28 20:55:38.362] [   9672] [   FSDCT] [DBG] [FSDesktopCa:258] FSDCT reset capture engine by idle ...
[2020-05-28 20:56:32.653] [   9672] [    TEAM] [DBG] [EventLoop.cx:20] The previous message repeated 2 times
[2020-05-28 20:56:32.653] [   9672] [    TEAM] [DBG] [EventLoop.cx:20] EventLoop::setupIdleHolder ...
[2020-05-28 20:56:34.795] [   9672] [   FSDCT] [DBG] [FSDesktopCa:258] The previous message repeated 2 times
[2020-05-28 20:56:34.795] [   9672] [   FSDCT] [DBG] [FSDesktopCa:258] FSDCT reset capture engine by idle ...
[2020-05-28 20:57:32.653] [   9672] [    TEAM] [DBG] [EventLoop.cx:20] The previous message repeated 3 times
[2020-05-28 20:57:32.653] [   9672] [    TEAM] [DBG] [EventLoop.cx:20] EventLoop::setupIdleHolder ...
[2020-05-28 20:57:50.050] [   9672] [   FSDCT] [DBG] [FSDesktopCa:258] The previous message repeated 2 times
[2020-05-28 20:57:50.050] [   9672] [   FSDCT] [DBG] [FSDesktopCa:258] FSDCT reset capture engine by idle ...
[2020-05-28 20:58:32.653] [   9672] [    TEAM] [DBG] [EventLoop.cx:20] The previous message repeated 2 times
[2020-05-28 20:58:32.653] [   9672] [    TEAM] [DBG] [EventLoop.cx:20] EventLoop::setupIdleHolder ...
[2020-05-28 20:58:46.446] [   9672] [   FSDCT] [DBG] [FSDesktopCa:258] The previous message repeated 2 times
[2020-05-28 20:58:46.446] [   9672] [   FSDCT] [DBG] [FSDesktopCa:258] FSDCT reset capture engine by idle ...
[2020-05-28 20:59:32.662] [   9672] [    TEAM] [DBG] [EventLoop.cx:20] The previous message repeated 2 times
[2020-05-28 20:59:32.662] [   9672] [    TEAM] [DBG] [EventLoop.cx:20] EventLoop::setupIdleHolder ...
[2020-05-28 20:59:42.833] [   9672] [   FSDCT] [DBG] [FSDesktopCa:258] The previous message repeated 2 times
[2020-05-28 20:59:42.833] [   9672] [   FSDCT] [DBG] [FSDesktopCa:258] FSDCT reset capture engine by idle ...
[2020-05-28 21:00:32.673] [   9672] [    TEAM] [DBG] [EventLoop.cx:20] The previous message repeated 2 times
[2020-05-28 21:00:32.673] [   9672] [    TEAM] [DBG] [EventLoop.cx:20] EventLoop::setupIdleHolder ...
[2020-05-28 21:00:39.407] [   9672] [   FSDCT] [DBG] [FSDesktopCa:258] The previous message repeated 2 times
[2020-05-28 21:00:39.407] [   9672] [   FSDCT] [DBG] [FSDesktopCa:258] FSDCT reset capture engine by idle ...
[2020-05-28 21:01:32.682] [   9672] [    TEAM] [DBG] [EventLoop.cx:20] The previous message repeated 2 times
[2020-05-28 21:01:32.682] [   9672] [    TEAM] [DBG] [EventLoop.cx:20] EventLoop::setupIdleHolder ...
[2020-05-28 21:01:35.791] [   9672] [   FSDCT] [DBG] [FSDesktopCa:258] The previous message repeated 2 times
[2020-05-28 21:01:35.791] [   9672] [   FSDCT] [DBG] [FSDesktopCa:258] FSDCT reset capture engine by idle ...
[2020-05-28 21:02:32.693] [   9672] [    TEAM] [DBG] [EventLoop.cx:20] The previous message repeated 3 times
[2020-05-28 21:02:32.693] [   9672] [    TEAM] [DBG] [EventLoop.cx:20] EventLoop::setupIdleHolder ...
[2020-05-28 21:02:51.078] [   9672] [   FSDCT] [DBG] [FSDesktopCa:258] The previous message repeated 2 times
[2020-05-28 21:02:51.078] [   9672] [   FSDCT] [DBG] [FSDesktopCa:258] FSDCT reset capture engine by idle ...
[2020-05-28 21:03:32.708] [   9672] [    TEAM] [DBG] [EventLoop.cx:20] The previous message repeated 2 times
[2020-05-28 21:03:32.708] [   9672] [    TEAM] [DBG] [EventLoop.cx:20] EventLoop::setupIdleHolder ...
[2020-05-28 21:03:48.228] [   9672] [   FSDCT] [DBG] [FSDesktopCa:258] The previous message repeated 2 times
[2020-05-28 21:03:48.228] [   9672] [   FSDCT] [DBG] [FSDesktopCa:258] FSDCT reset capture engine by idle ...
[2020-05-28 21:04:32.709] [   9672] [    TEAM] [DBG] [EventLoop.cx:20] The previous message repeated 2 times
[2020-05-28 21:04:32.709] [   9672] [    TEAM] [DBG] [EventLoop.cx:20] EventLoop::setupIdleHolder ...
[2020-05-28 21:04:44.644] [   9672] [   FSDCT] [DBG] [FSDesktopCa:258] The previous message repeated 2 times
[2020-05-28 21:04:44.644] [   9672] [   FSDCT] [DBG] [FSDesktopCa:258] FSDCT reset capture engine by idle ...
[2020-05-28 21:05:32.710] [   9672] [    TEAM] [DBG] [EventLoop.cx:20] The previous message repeated 2 times
[2020-05-28 21:05:32.710] [   9672] [    TEAM] [DBG] [EventLoop.cx:20] EventLoop::setupIdleHolder ...
[2020-05-28 21:05:41.049] [   9672] [   FSDCT] [DBG] [FSDesktopCa:258] The previous message repeated 2 times
[2020-05-28 21:05:41.049] [   9672] [   FSDCT] [DBG] [FSDesktopCa:258] FSDCT reset capture engine by idle ...
[2020-05-28 21:06:32.710] [   9672] [    TEAM] [DBG] [EventLoop.cx:20] The previous message repeated 2 times
[2020-05-28 21:06:32.710] [   9672] [    TEAM] [DBG] [EventLoop.cx:20] EventLoop::setupIdleHolder ...
[2020-05-28 21:06:37.524] [   9672] [   FSDCT] [DBG] [FSDesktopCa:258] The previous message repeated 2 times
[2020-05-28 21:06:37.524] [   9672] [   FSDCT] [DBG] [FSDesktopCa:258] FSDCT reset capture engine by idle ...
[2020-05-28 21:07:32.711] [   9672] [    TEAM] [DBG] [EventLoop.cx:20] The previous message repeated 2 times
[2020-05-28 21:07:32.711] [   9672] [    TEAM] [DBG] [EventLoop.cx:20] EventLoop::setupIdleHolder ...
[2020-05-28 21:07:34.017] [   9672] [   FSDCT] [DBG] [FSDesktopCa:258] The previous message repeated 2 times
[2020-05-28 21:07:34.017] [   9672] [   FSDCT] [DBG] [FSDesktopCa:258] FSDCT reset capture engine by idle ...
[2020-05-28 21:08:32.713] [   9672] [    TEAM] [DBG] [EventLoop.cx:20] The previous message repeated 3 times
[2020-05-28 21:08:32.713] [   9672] [    TEAM] [DBG] [EventLoop.cx:20] EventLoop::setupIdleHolder ...
[2020-05-28 21:08:49.283] [   9672] [   FSDCT] [DBG] [FSDesktopCa:258] The previous message repeated 2 times
[2020-05-28 21:08:49.283] [   9672] [   FSDCT] [DBG] [FSDesktopCa:258] FSDCT reset capture engine by idle ...
[2020-05-28 21:09:32.713] [   9672] [    TEAM] [DBG] [EventLoop.cx:20] The previous message repeated 2 times
[2020-05-28 21:09:32.713] [   9672] [    TEAM] [DBG] [EventLoop.cx:20] EventLoop::setupIdleHolder ...
[2020-05-28 21:09:45.713] [   9672] [   FSDCT] [DBG] [FSDesktopCa:258] The previous message repeated 2 times
[2020-05-28 21:09:45.713] [   9672] [   FSDCT] [DBG] [FSDesktopCa:258] FSDCT reset capture engine by idle ...
[2020-05-28 21:10:32.714] [   9672] [    TEAM] [DBG] [EventLoop.cx:20] The previous message repeated 2 times
[2020-05-28 21:10:32.714] [   9672] [    TEAM] [DBG] [EventLoop.cx:20] EventLoop::setupIdleHolder ...
[2020-05-28 21:10:42.098] [   9672] [   FSDCT] [DBG] [FSDesktopCa:258] The previous message repeated 2 times
[2020-05-28 21:10:42.098] [   9672] [   FSDCT] [DBG] [FSDesktopCa:258] FSDCT reset capture engine by idle ...
[2020-05-28 21:11:32.715] [   9672] [    TEAM] [DBG] [EventLoop.cx:20] The previous message repeated 2 times
[2020-05-28 21:11:32.715] [   9672] [    TEAM] [DBG] [EventLoop.cx:20] EventLoop::setupIdleHolder ...
[2020-05-28 21:11:38.504] [   9672] [   FSDCT] [DBG] [FSDesktopCa:258] The previous message repeated 2 times
[2020-05-28 21:11:38.504] [   9672] [   FSDCT] [DBG] [FSDesktopCa:258] FSDCT reset capture engine by idle ...
[2020-05-28 21:12:32.716] [   9672] [    TEAM] [DBG] [EventLoop.cx:20] The previous message repeated 2 times
[2020-05-28 21:12:32.716] [   9672] [    TEAM] [DBG] [EventLoop.cx:20] EventLoop::setupIdleHolder ...
[2020-05-28 21:12:34.954] [   9672] [   FSDCT] [DBG] [FSDesktopCa:258] The previous message repeated 2 times
[2020-05-28 21:12:34.954] [   9672] [   FSDCT] [DBG] [FSDesktopCa:258] FSDCT reset capture engine by idle ...
[2020-05-28 21:13:32.718] [   9672] [    TEAM] [DBG] [EventLoop.cx:20] The previous message repeated 3 times
[2020-05-28 21:13:32.718] [   9672] [    TEAM] [DBG] [EventLoop.cx:20] EventLoop::setupIdleHolder ...
[2020-05-28 21:13:50.180] [   9672] [   FSDCT] [DBG] [FSDesktopCa:258] The previous message repeated 2 times
[2020-05-28 21:13:50.180] [   9672] [   FSDCT] [DBG] [FSDesktopCa:258] FSDCT reset capture engine by idle ...
[2020-05-28 21:14:32.719] [   9672] [    TEAM] [DBG] [EventLoop.cx:20] The previous message repeated 2 times
[2020-05-28 21:14:32.719] [   9672] [    TEAM] [DBG] [EventLoop.cx:20] EventLoop::setupIdleHolder ...
[2020-05-28 21:14:46.597] [   9672] [   FSDCT] [DBG] [FSDesktopCa:258] The previous message repeated 2 times
[2020-05-28 21:14:46.597] [   9672] [   FSDCT] [DBG] [FSDesktopCa:258] FSDCT reset capture engine by idle ...
[2020-05-28 21:15:32.720] [   9672] [    TEAM] [DBG] [EventLoop.cx:20] The previous message repeated 2 times
[2020-05-28 21:15:32.720] [   9672] [    TEAM] [DBG] [EventLoop.cx:20] EventLoop::setupIdleHolder ...
[2020-05-28 21:15:43.001] [   9672] [   FSDCT] [DBG] [FSDesktopCa:258] The previous message repeated 2 times
[2020-05-28 21:15:43.001] [   9672] [   FSDCT] [DBG] [FSDesktopCa:258] FSDCT reset capture engine by idle ...
[2020-05-28 21:16:32.721] [   9672] [    TEAM] [DBG] [EventLoop.cx:20] The previous message repeated 2 times
[2020-05-28 21:16:32.721] [   9672] [    TEAM] [DBG] [EventLoop.cx:20] EventLoop::setupIdleHolder ...
[2020-05-28 21:16:39.446] [   9672] [   FSDCT] [DBG] [FSDesktopCa:258] The previous message repeated 2 times
[2020-05-28 21:16:39.446] [   9672] [   FSDCT] [DBG] [FSDesktopCa:258] FSDCT reset capture engine by idle ...
[2020-05-28 21:17:32.728] [   9672] [    TEAM] [DBG] [EventLoop.cx:20] The previous message repeated 2 times
[2020-05-28 21:17:32.728] [   9672] [    TEAM] [DBG] [EventLoop.cx:20] EventLoop::setupIdleHolder ...
[2020-05-28 21:17:35.876] [   9672] [   FSDCT] [DBG] [FSDesktopCa:258] The previous message repeated 2 times
[2020-05-28 21:17:35.876] [   9672] [   FSDCT] [DBG] [FSDesktopCa:258] FSDCT reset capture engine by idle ...
[2020-05-28 21:18:32.729] [   9672] [    TEAM] [DBG] [EventLoop.cx:20] The previous message repeated 3 times
[2020-05-28 21:18:32.729] [   9672] [    TEAM] [DBG] [EventLoop.cx:20] EventLoop::setupIdleHolder ...
[2020-05-28 21:18:51.095] [   9672] [   FSDCT] [DBG] [FSDesktopCa:258] The previous message repeated 2 times
[2020-05-28 21:18:51.095] [   9672] [   FSDCT] [DBG] [FSDesktopCa:258] FSDCT reset capture engine by idle ...
[2020-05-28 21:19:32.730] [   9672] [    TEAM] [DBG] [EventLoop.cx:20] The previous message repeated 2 times
[2020-05-28 21:19:32.730] [   9672] [    TEAM] [DBG] [EventLoop.cx:20] EventLoop::setupIdleHolder ...
[2020-05-28 21:19:47.518] [   9672] [   FSDCT] [DBG] [FSDesktopCa:258] The previous message repeated 2 times
[2020-05-28 21:19:47.518] [   9672] [   FSDCT] [DBG] [FSDesktopCa:258] FSDCT reset capture engine by idle ...
[2020-05-28 21:20:32.731] [   9672] [    TEAM] [DBG] [EventLoop.cx:20] The previous message repeated 2 times
[2020-05-28 21:20:32.731] [   9672] [    TEAM] [DBG] [EventLoop.cx:20] EventLoop::setupIdleHolder ...
[2020-05-28 21:20:43.946] [   9672] [   FSDCT] [DBG] [FSDesktopCa:258] The previous message repeated 2 times
[2020-05-28 21:20:43.946] [   9672] [   FSDCT] [DBG] [FSDesktopCa:258] FSDCT reset capture engine by idle ...
[2020-05-28 21:21:32.731] [   9672] [    TEAM] [DBG] [EventLoop.cx:20] The previous message repeated 2 times
[2020-05-28 21:21:32.731] [   9672] [    TEAM] [DBG] [EventLoop.cx:20] EventLoop::setupIdleHolder ...
[2020-05-28 21:21:40.393] [   9672] [   FSDCT] [DBG] [FSDesktopCa:258] The previous message repeated 2 times
[2020-05-28 21:21:40.393] [   9672] [   FSDCT] [DBG] [FSDesktopCa:258] FSDCT reset capture engine by idle ...
[2020-05-28 21:22:32.732] [   9672] [    TEAM] [DBG] [EventLoop.cx:20] The previous message repeated 2 times
[2020-05-28 21:22:32.732] [   9672] [    TEAM] [DBG] [EventLoop.cx:20] EventLoop::setupIdleHolder ...
[2020-05-28 21:22:36.814] [   9672] [   FSDCT] [DBG] [FSDesktopCa:258] The previous message repeated 2 times
[2020-05-28 21:22:36.814] [   9672] [   FSDCT] [DBG] [FSDesktopCa:258] FSDCT reset capture engine by idle ...
[2020-05-28 21:23:32.732] [   9672] [    TEAM] [DBG] [EventLoop.cx:20] The previous message repeated 2 times
[2020-05-28 21:23:32.732] [   9672] [    TEAM] [DBG] [EventLoop.cx:20] EventLoop::setupIdleHolder ...
[2020-05-28 21:23:33.291] [   9672] [   FSDCT] [DBG] [FSDesktopCa:258] The previous message repeated 2 times
[2020-05-28 21:23:33.291] [   9672] [   FSDCT] [DBG] [FSDesktopCa:258] FSDCT reset capture engine by idle ...
[2020-05-28 21:24:32.733] [   9672] [    TEAM] [DBG] [EventLoop.cx:20] The previous message repeated 3 times
[2020-05-28 21:24:32.733] [   9672] [    TEAM] [DBG] [EventLoop.cx:20] EventLoop::setupIdleHolder ...
[2020-05-28 21:24:48.571] [   9672] [   FSDCT] [DBG] [FSDesktopCa:258] The previous message repeated 2 times
[2020-05-28 21:24:48.571] [   9672] [   FSDCT] [DBG] [FSDesktopCa:258] FSDCT reset capture engine by idle ...
[2020-05-28 21:25:32.733] [   9672] [    TEAM] [DBG] [EventLoop.cx:20] The previous message repeated 2 times
[2020-05-28 21:25:32.733] [   9672] [    TEAM] [DBG] [EventLoop.cx:20] EventLoop::setupIdleHolder ...
[2020-05-28 21:25:44.976] [   9672] [   FSDCT] [DBG] [FSDesktopCa:258] The previous message repeated 2 times
[2020-05-28 21:25:44.976] [   9672] [   FSDCT] [DBG] [FSDesktopCa:258] FSDCT reset capture engine by idle ...
[2020-05-28 21:26:32.734] [   9672] [    TEAM] [DBG] [EventLoop.cx:20] The previous message repeated 2 times
[2020-05-28 21:26:32.734] [   9672] [    TEAM] [DBG] [EventLoop.cx:20] EventLoop::setupIdleHolder ...
[2020-05-28 21:26:41.411] [   9672] [   FSDCT] [DBG] [FSDesktopCa:258] The previous message repeated 2 times
[2020-05-28 21:26:41.411] [   9672] [   FSDCT] [DBG] [FSDesktopCa:258] FSDCT reset capture engine by idle ...
[2020-05-28 21:27:32.735] [   9672] [    TEAM] [DBG] [EventLoop.cx:20] The previous message repeated 2 times
[2020-05-28 21:27:32.735] [   9672] [    TEAM] [DBG] [EventLoop.cx:20] EventLoop::setupIdleHolder ...
[2020-05-28 21:27:37.832] [   9672] [   FSDCT] [DBG] [FSDesktopCa:258] The previous message repeated 2 times
[2020-05-28 21:27:37.832] [   9672] [   FSDCT] [DBG] [FSDesktopCa:258] FSDCT reset capture engine by idle ...
[2020-05-28 21:28:32.736] [   9672] [    TEAM] [DBG] [EventLoop.cx:20] The previous message repeated 2 times
[2020-05-28 21:28:32.736] [   9672] [    TEAM] [DBG] [EventLoop.cx:20] EventLoop::setupIdleHolder ...
[2020-05-28 21:28:34.274] [   9672] [   FSDCT] [DBG] [FSDesktopCa:258] The previous message repeated 2 times
[2020-05-28 21:28:34.274] [   9672] [   FSDCT] [DBG] [FSDesktopCa:258] FSDCT reset capture engine by idle ...
[2020-05-28 21:29:32.737] [   9672] [    TEAM] [DBG] [EventLoop.cx:20] The previous message repeated 3 times
[2020-05-28 21:29:32.737] [   9672] [    TEAM] [DBG] [EventLoop.cx:20] EventLoop::setupIdleHolder ...
[2020-05-28 21:29:49.522] [   9672] [   FSDCT] [DBG] [FSDesktopCa:258] The previous message repeated 2 times
[2020-05-28 21:29:49.522] [   9672] [   FSDCT] [DBG] [FSDesktopCa:258] FSDCT reset capture engine by idle ...
[2020-05-28 21:30:32.738] [   9672] [    asio] [DBG] [EventLoop.cx:20] The previous message repeated 2 times
[2020-05-28 21:30:32.738] [   9672] [    asio] [DBG] [EventLoop.cx:20] EventLoop::setupIdleHolder ...
[2020-05-28 21:30:45.925] [   9672] [   FSDCT] [DBG] [FSDesktopCa:258] The previous message repeated 2 times
[2020-05-28 21:30:45.925] [   9672] [   FSDCT] [DBG] [FSDesktopCa:258] FSDCT reset capture engine by idle ...
[2020-05-28 21:31:32.738] [   9672] [    asio] [DBG] [EventLoop.cx:20] The previous message repeated 2 times
[2020-05-28 21:31:32.738] [   9672] [    asio] [DBG] [EventLoop.cx:20] EventLoop::setupIdleHolder ...
[2020-05-28 21:31:42.314] [   9672] [   FSDCT] [DBG] [FSDesktopCa:258] The previous message repeated 2 times
[2020-05-28 21:31:42.314] [   9672] [   FSDCT] [DBG] [FSDesktopCa:258] FSDCT reset capture engine by idle ...
[2020-05-28 21:32:32.739] [   9672] [    asio] [DBG] [EventLoop.cx:20] The previous message repeated 2 times
[2020-05-28 21:32:32.739] [   9672] [    asio] [DBG] [EventLoop.cx:20] EventLoop::setupIdleHolder ...
[2020-05-28 21:32:38.770] [   9672] [   FSDCT] [DBG] [FSDesktopCa:258] The previous message repeated 2 times
[2020-05-28 21:32:38.770] [   9672] [   FSDCT] [DBG] [FSDesktopCa:258] FSDCT reset capture engine by idle ...
[2020-05-28 21:33:32.740] [   9672] [    TEAM] [DBG] [EventLoop.cx:20] The previous message repeated 2 times
[2020-05-28 21:33:32.740] [   9672] [    TEAM] [DBG] [EventLoop.cx:20] EventLoop::setupIdleHolder ...
[2020-05-28 21:33:35.173] [   9672] [   FSDCT] [DBG] [FSDesktopCa:258] The previous message repeated 2 times
[2020-05-28 21:33:35.173] [   9672] [   FSDCT] [DBG] [FSDesktopCa:258] FSDCT reset capture engine by idle ...
[2020-05-28 21:34:32.742] [   9672] [    asio] [DBG] [EventLoop.cx:20] The previous message repeated 3 times
[2020-05-28 21:34:32.742] [   9672] [    asio] [DBG] [EventLoop.cx:20] EventLoop::setupIdleHolder ...
[2020-05-28 21:34:50.413] [   9672] [   FSDCT] [DBG] [FSDesktopCa:258] The previous message repeated 2 times
[2020-05-28 21:34:50.413] [   9672] [   FSDCT] [DBG] [FSDesktopCa:258] FSDCT reset capture engine by idle ...
[2020-05-28 21:35:32.743] [   9672] [    asio] [DBG] [EventLoop.cx:20] The previous message repeated 2 times
[2020-05-28 21:35:32.743] [   9672] [    asio] [DBG] [EventLoop.cx:20] EventLoop::setupIdleHolder ...
[2020-05-28 21:35:46.838] [   9672] [   FSDCT] [DBG] [FSDesktopCa:258] The previous message repeated 2 times
[2020-05-28 21:35:46.838] [   9672] [   FSDCT] [DBG] [FSDesktopCa:258] FSDCT reset capture engine by idle ...
[2020-05-28 21:36:32.744] [   9672] [    TEAM] [DBG] [EventLoop.cx:20] The previous message repeated 2 times
[2020-05-28 21:36:32.744] [   9672] [    TEAM] [DBG] [EventLoop.cx:20] EventLoop::setupIdleHolder ...
[2020-05-28 21:36:43.243] [   9672] [   FSDCT] [DBG] [FSDesktopCa:258] The previous message repeated 2 times
[2020-05-28 21:36:43.243] [   9672] [   FSDCT] [DBG] [FSDesktopCa:258] FSDCT reset capture engine by idle ...
[2020-05-28 21:37:32.745] [   9672] [    asio] [DBG] [EventLoop.cx:20] The previous message repeated 2 times
[2020-05-28 21:37:32.745] [   9672] [    asio] [DBG] [EventLoop.cx:20] EventLoop::setupIdleHolder ...
[2020-05-28 21:37:39.632] [   9672] [   FSDCT] [DBG] [FSDesktopCa:258] The previous message repeated 2 times
[2020-05-28 21:37:39.632] [   9672] [   FSDCT] [DBG] [FSDesktopCa:258] FSDCT reset capture engine by idle ...
[2020-05-28 21:38:32.745] [   9672] [    TEAM] [DBG] [EventLoop.cx:20] The previous message repeated 2 times
[2020-05-28 21:38:32.745] [   9672] [    TEAM] [DBG] [EventLoop.cx:20] EventLoop::setupIdleHolder ...
[2020-05-28 21:38:36.126] [   9672] [   FSDCT] [DBG] [FSDesktopCa:258] The previous message repeated 2 times
[2020-05-28 21:38:36.126] [   9672] [   FSDCT] [DBG] [FSDesktopCa:258] FSDCT reset capture engine by idle ...
[2020-05-28 21:39:32.746] [   9672] [    TEAM] [DBG] [EventLoop.cx:20] The previous message repeated 3 times
[2020-05-28 21:39:32.746] [   9672] [    TEAM] [DBG] [EventLoop.cx:20] EventLoop::setupIdleHolder ...
[2020-05-28 21:39:51.377] [   9672] [   FSDCT] [DBG] [FSDesktopCa:258] The previous message repeated 2 times
[2020-05-28 21:39:51.377] [   9672] [   FSDCT] [DBG] [FSDesktopCa:258] FSDCT reset capture engine by idle ...
[2020-05-28 21:40:32.747] [   9672] [    TEAM] [DBG] [EventLoop.cx:20] The previous message repeated 2 times
[2020-05-28 21:40:32.747] [   9672] [    TEAM] [DBG] [EventLoop.cx:20] EventLoop::setupIdleHolder ...
[2020-05-28 21:40:47.792] [   9672] [   FSDCT] [DBG] [FSDesktopCa:258] The previous message repeated 2 times
[2020-05-28 21:40:47.792] [   9672] [   FSDCT] [DBG] [FSDesktopCa:258] FSDCT reset capture engine by idle ...
[2020-05-28 21:41:32.753] [   9672] [    TEAM] [DBG] [EventLoop.cx:20] The previous message repeated 2 times
[2020-05-28 21:41:32.753] [   9672] [    TEAM] [DBG] [EventLoop.cx:20] EventLoop::setupIdleHolder ...
[2020-05-28 21:41:44.239] [   9672] [   FSDCT] [DBG] [FSDesktopCa:258] The previous message repeated 2 times
[2020-05-28 21:41:44.239] [   9672] [   FSDCT] [DBG] [FSDesktopCa:258] FSDCT reset capture engine by idle ...
[2020-05-28 23:39:10.998] [   9672] [    asio] [DBG] [EventLoop.cx:20] The previous message repeated 2 times
[2020-05-28 23:39:10.998] [   9672] [    asio] [DBG] [EventLoop.cx:20] EventLoop::setupIdleHolder ...
[2020-05-28 23:39:20.428] [   9672] [   FSDCT] [DBG] [FSDesktopCa:258] The previous message repeated 2 times
[2020-05-28 23:39:20.428] [   9672] [   FSDCT] [DBG] [FSDesktopCa:258] FSDCT reset capture engine by idle ...
[2020-05-28 23:40:11.007] [   9672] [    TEAM] [DBG] [EventLoop.cx:20] The previous message repeated 2 times
[2020-05-28 23:40:11.007] [   9672] [    TEAM] [DBG] [EventLoop.cx:20] EventLoop::setupIdleHolder ...
[2020-05-28 23:40:16.841] [   9672] [   FSDCT] [DBG] [FSDesktopCa:258] The previous message repeated 2 times
[2020-05-28 23:40:16.841] [   9672] [   FSDCT] [DBG] [FSDesktopCa:258] FSDCT reset capture engine by idle ...
[2020-05-28 23:41:11.009] [   9672] [    asio] [DBG] [EventLoop.cx:20] The previous message repeated 2 times
[2020-05-28 23:41:11.009] [   9672] [    asio] [DBG] [EventLoop.cx:20] EventLoop::setupIdleHolder ...
[2020-05-28 23:41:13.228] [   9672] [   FSDCT] [DBG] [FSDesktopCa:258] The previous message repeated 2 times
[2020-05-28 23:41:13.228] [   9672] [   FSDCT] [DBG] [FSDesktopCa:258] FSDCT reset capture engine by idle ...
[2020-05-29 06:04:48.441] [   9672] [    MAIN] [EVT] [LoggingSyst:262] Rotate log to: C:\Users\syam prasad/.fcc\FCC_28-5-20.log
